#
# A fatal error has been detected by the Java Runtime Environment:
#
#  SIGSEGV (0xb) at pc=0x00007f0648997194, pid=14316, tid=139665632511744
#
# JRE version: Java(TM) SE Runtime Environment (8.0_40-b26) (build 1.8.0_40-b26)
# Java VM: Java HotSpot(TM) 64-Bit Server VM (25.40-b25 mixed mode linux-amd64 compressed oops)
# Problematic frame:
# C  [libopencv_java300.so+0x34194]  Java_org_opencv_core_Mat_n_1assignTo__JJ+0x24
#
# Failed to write core dump. Core dumps have been disabled. To enable core dumping, try "ulimit -c unlimited" before starting Java again
#
# If you would like to submit a bug report, please visit:
#   http://bugreport.java.com/bugreport/crash.jsp
# The crash happened outside the Java Virtual Machine in native code.
# See problematic frame for where to report the bug.
#

---------------  T H R E A D  ---------------

Current thread (0x00007f066800b000):  JavaThread "main" [_thread_in_native, id=14317, stack(0x00007f067059c000,0x00007f067069d000)]

siginfo: si_signo: 11 (SIGSEGV), si_code: 1 (SEGV_MAPERR), si_addr: 0x0000000000000048

Registers:
RAX=0x00007f06683b2150, RBX=0x0000000000000010, RCX=0x0000000000000010, RDX=0x00007f06683cc190
RSP=0x00007f067069adb0, RBP=0x00007f06683cc190, RSI=0x00007f067069ae48, RDI=0x00007f066800b1f8
R8 =0x0000000000000000, R9 =0x0000000000000009, R10=0x00007f0659015968, R11=0x00007f066f48ef30
R12=0x00007f066800b1f8, R13=0x00007f066c69bfe8, R14=0x00007f067069ae70, R15=0x00007f066800b000
RIP=0x00007f0648997194, EFLAGS=0x0000000000010202, CSGSFS=0x0000000000000033, ERR=0x0000000000000004
  TRAPNO=0x000000000000000e

Top of Stack: (sp=0x00007f067069adb0)
0x00007f067069adb0:   00007f066c69bfe8 00007f067069ae38
0x00007f067069adc0:   0000000000000000 00007f0659015994
0x00007f067069add0:   00007f066c69bfe8 0000000000000000
0x00007f067069ade0:   00007f067069ae38 00007f0659015727
0x00007f067069adf0:   00007f06590156e2 00007f067069adf8
0x00007f067069ae00:   00007f066c69bfe8 00007f067069ae70
0x00007f067069ae10:   00007f066c6aaac0 0000000000000000
0x00007f067069ae20:   00007f066c69bfe8 0000000000000000
0x00007f067069ae30:   00007f067069ae58 00007f067069aeb8
0x00007f067069ae40:   00007f0659007c4d 00000000c420fe18
0x00007f067069ae50:   00007f065900f578 0000000000000010
0x00007f067069ae60:   00000000eedeb868 00007f06683cc190
0x00007f067069ae70:   00000000eed82678 00007f067069ae78
0x00007f067069ae80:   00007f066c6974c0 00007f067069aed0
0x00007f067069ae90:   00007f066c6aaac0 0000000000000000
0x00007f067069aea0:   00007f066c6974e8 00007f067069ae58
0x00007f067069aeb0:   00007f067069aec8 00007f067069af18
0x00007f067069aec0:   00007f0659007c4d 00000000eedeb868
0x00007f067069aed0:   00000000eed82678 00007f067069aed8
0x00007f067069aee0:   00007f066c6a2bb3 00007f067069afa0
0x00007f067069aef0:   00007f066c6a3df8 0000000000000000
0x00007f067069af00:   00007f066c6a2ce8 00007f067069aec8
0x00007f067069af10:   00007f067069af90 00007f067069afe8
0x00007f067069af20:   00007f0659007c4d 00000000eedeb868
0x00007f067069af30:   41405c9fc0000000 0000000000000000
0x00007f067069af40:   00000000eed82678 00000000eedc12f8
0x00007f067069af50:   0000000000000001 00000000eedc12e0
0x00007f067069af60:   00000000eed9f330 00000000eed87978
0x00007f067069af70:   00000000c4222828 00000000c4222890
0x00007f067069af80:   00000000c4222810 00000000c4222880
0x00007f067069af90:   0000000000000001 00000000c4222868
0x00007f067069afa0:   00000000c4222858 00007f067069afa8 

Instructions: (pc=0x00007f0648997194)
0x00007f0648997174:   ca 55 48 89 d5 53 48 89 cb 0f 84 c7 00 00 00 48
0x00007f0648997184:   8b 42 38 49 89 fc 48 85 c0 74 05 f0 83 40 14 01
0x00007f0648997194:   48 8b 43 38 48 85 c0 74 0b f0 83 68 14 01 0f 84
0x00007f06489971a4:   d8 00 00 00 8b 43 04 48 c7 43 38 00 00 00 00 48 

Register to memory mapping:

RAX=0x00007f06683b2150 is an unknown value
RBX=0x0000000000000010 is an unknown value
RCX=0x0000000000000010 is an unknown value
RDX=0x00007f06683cc190 is an unknown value
RSP=0x00007f067069adb0 is pointing into the stack for thread: 0x00007f066800b000
RBP=0x00007f06683cc190 is an unknown value
RSI=0x00007f067069ae48 is pointing into the stack for thread: 0x00007f066800b000
RDI=0x00007f066800b1f8 is an unknown value
R8 =0x0000000000000000 is an unknown value
R9 =0x0000000000000009 is an unknown value
R10=0x00007f0659015968 is at code_begin+808 in an Interpreter codelet
method entry point (kind = native)  [0x00007f0659015640, 0x00007f0659015f40]  2304 bytes
R11=0x00007f066f48ef30: <offset 0x9acf30> in /home/rajitha/jdk1.8.0_40/jre/lib/amd64/server/libjvm.so at 0x00007f066eae2000
R12=0x00007f066800b1f8 is an unknown value
R13={method} {0x00007f066c69bfe8} 'n_assignTo' '(JJ)V' in 'org/opencv/core/Mat'
R14=0x00007f067069ae70 is pointing into the stack for thread: 0x00007f066800b000
R15=0x00007f066800b000 is a thread


Stack: [0x00007f067059c000,0x00007f067069d000],  sp=0x00007f067069adb0,  free space=1019k
Native frames: (J=compiled Java code, j=interpreted, Vv=VM code, C=native code)
C  [libopencv_java300.so+0x34194]  Java_org_opencv_core_Mat_n_1assignTo__JJ+0x24

Java frames: (J=compiled Java code, j=interpreted, Vv=VM code)
j  org.opencv.core.Mat.n_assignTo(JJ)V+0
j  org.opencv.core.Mat.assignTo(Lorg/opencv/core/Mat;)V+8
j  JMagick.performImageMatching(Ljava/lang/String;I)V+155
j  JMagick.convert()V+42
j  Main.main([Ljava/lang/String;)V+15
v  ~StubRoutines::call_stub
j  sun.reflect.NativeMethodAccessorImpl.invoke0(Ljava/lang/reflect/Method;Ljava/lang/Object;[Ljava/lang/Object;)Ljava/lang/Object;+0
j  sun.reflect.NativeMethodAccessorImpl.invoke(Ljava/lang/Object;[Ljava/lang/Object;)Ljava/lang/Object;+100
j  sun.reflect.DelegatingMethodAccessorImpl.invoke(Ljava/lang/Object;[Ljava/lang/Object;)Ljava/lang/Object;+6
j  java.lang.reflect.Method.invoke(Ljava/lang/Object;[Ljava/lang/Object;)Ljava/lang/Object;+56
j  com.intellij.rt.execution.application.AppMain.main([Ljava/lang/String;)V+180
v  ~StubRoutines::call_stub

---------------  P R O C E S S  ---------------

Java Threads: ( => current thread )
  0x00007f0668229800 JavaThread "Monitor Ctrl-Break" daemon [_thread_in_native, id=14348, stack(0x00007f0648e5a000,0x00007f0648f5b000)]
  0x00007f06680c1000 JavaThread "Service Thread" daemon [_thread_blocked, id=14335, stack(0x00007f0649326000,0x00007f0649427000)]
  0x00007f06680bc000 JavaThread "C1 CompilerThread2" daemon [_thread_in_native, id=14334, stack(0x00007f0649427000,0x00007f0649528000)]
  0x00007f06680ba000 JavaThread "C2 CompilerThread1" daemon [_thread_blocked, id=14333, stack(0x00007f0649528000,0x00007f0649629000)]
  0x00007f06680b7000 JavaThread "C2 CompilerThread0" daemon [_thread_blocked, id=14332, stack(0x00007f0649629000,0x00007f064972a000)]
  0x00007f06680b6000 JavaThread "Signal Dispatcher" daemon [_thread_blocked, id=14331, stack(0x00007f064972a000,0x00007f064982b000)]
  0x00007f0668080000 JavaThread "Finalizer" daemon [_thread_blocked, id=14324, stack(0x00007f0649f0d000,0x00007f064a00e000)]
  0x00007f066807e000 JavaThread "Reference Handler" daemon [_thread_blocked, id=14323, stack(0x00007f064a00e000,0x00007f064a10f000)]
=>0x00007f066800b000 JavaThread "main" [_thread_in_native, id=14317, stack(0x00007f067059c000,0x00007f067069d000)]

Other Threads:
  0x00007f0668078800 VMThread [stack: 0x00007f064a10f000,0x00007f064a210000] [id=14322]
  0x00007f06680c4000 WatcherThread [stack: 0x00007f0649225000,0x00007f0649326000] [id=14336]

VM state:not at safepoint (normal execution)

VM Mutex/Monitor currently owned by a thread: None

Heap:
 PSYoungGen      total 51712K, used 46591K [0x00000000ec100000, 0x00000000f3400000, 0x0000000100000000)
  eden space 51200K, 90% used [0x00000000ec100000,0x00000000eee7fec8,0x00000000ef300000)
  from space 512K, 0% used [0x00000000f3380000,0x00000000f3380000,0x00000000f3400000)
  to   space 512K, 0% used [0x00000000f3300000,0x00000000f3300000,0x00000000f3380000)
 ParOldGen       total 40960K, used 620K [0x00000000c4200000, 0x00000000c6a00000, 0x00000000ec100000)
  object space 40960K, 1% used [0x00000000c4200000,0x00000000c429b068,0x00000000c6a00000)
 Metaspace       used 3893K, capacity 4920K, committed 5120K, reserved 1056768K
  class space    used 385K, capacity 424K, committed 512K, reserved 1048576K

Card table byte_map: [0x00007f066d1a2000,0x00007f066d382000] byte_map_base: 0x00007f066cb81000

Marking Bits: (ParMarkBitMap*) 0x00007f066fa7f6c0
 Begin Bits: [0x00007f064a210000, 0x00007f064b108000)
 End Bits:   [0x00007f064b108000, 0x00007f064c000000)

Polling page: 0x00007f06706c6000

CodeCache: size=245760Kb used=1640Kb max_used=1640Kb free=244119Kb
 bounds [0x00007f0659000000, 0x00007f0659270000, 0x00007f0668000000]
 total_blobs=686 nmethods=222 adapters=378
 compilation: enabled

Compilation events (10 events):
Event: 8.328 Thread 0x00007f06680bc000 nmethod 209 0x00007f0659192d10 code [0x00007f0659192f80, 0x00007f0659193f98]
Event: 8.328 Thread 0x00007f06680bc000  210       3       java.lang.StringBuilder::append (10 bytes)
Event: 8.328 Thread 0x00007f06680bc000 nmethod 210 0x00007f0659194890 code [0x00007f0659194a00, 0x00007f0659194b88]
Event: 8.328 Thread 0x00007f06680bc000  211       3       java.lang.AbstractStringBuilder::append (40 bytes)
Event: 8.329 Thread 0x00007f06680bc000 nmethod 211 0x00007f0659194c10 code [0x00007f0659194da0, 0x00007f0659195198]
Event: 8.329 Thread 0x00007f06680bc000  216   !   3       java.io.BufferedWriter::write (117 bytes)
Event: 8.330 Thread 0x00007f06680bc000 nmethod 216 0x00007f06591952d0 code [0x00007f06591954a0, 0x00007f0659195c08]
Event: 8.330 Thread 0x00007f06680bc000  213       3       java.io.PrintStream::print (13 bytes)
Event: 8.330 Thread 0x00007f06680bc000 nmethod 213 0x00007f0659196050 code [0x00007f06591961c0, 0x00007f0659196388]
Event: 8.330 Thread 0x00007f06680bc000  214   !   3       java.io.PrintStream::write (83 bytes)

GC Heap History (10 events):
Event: 7.306 GC heap before
{Heap before GC invocations=28 (full 0):
 PSYoungGen      total 62464K, used 61440K [0x00000000ec100000, 0x00000000f3480000, 0x0000000100000000)
  eden space 61440K, 100% used [0x00000000ec100000,0x00000000efd00000,0x00000000efd00000)
  from space 1024K, 0% used [0x00000000f3280000,0x00000000f3280000,0x00000000f3380000)
  to   space 1024K, 0% used [0x00000000f3380000,0x00000000f3380000,0x00000000f3480000)
 ParOldGen       total 40960K, used 620K [0x00000000c4200000, 0x00000000c6a00000, 0x00000000ec100000)
  object space 40960K, 1% used [0x00000000c4200000,0x00000000c429b068,0x00000000c6a00000)
 Metaspace       used 3738K, capacity 4856K, committed 5120K, reserved 1056768K
  class space    used 376K, capacity 424K, committed 512K, reserved 1048576K
Event: 7.307 GC heap after
Heap after GC invocations=28 (full 0):
 PSYoungGen      total 59904K, used 0K [0x00000000ec100000, 0x00000000f3400000, 0x0000000100000000)
  eden space 59392K, 0% used [0x00000000ec100000,0x00000000ec100000,0x00000000efb00000)
  from space 512K, 0% used [0x00000000f3380000,0x00000000f3380000,0x00000000f3400000)
  to   space 512K, 0% used [0x00000000f3300000,0x00000000f3300000,0x00000000f3380000)
 ParOldGen       total 40960K, used 620K [0x00000000c4200000, 0x00000000c6a00000, 0x00000000ec100000)
  object space 40960K, 1% used [0x00000000c4200000,0x00000000c429b068,0x00000000c6a00000)
 Metaspace       used 3738K, capacity 4856K, committed 5120K, reserved 1056768K
  class space    used 376K, capacity 424K, committed 512K, reserved 1048576K
}
Event: 7.508 GC heap before
{Heap before GC invocations=29 (full 0):
 PSYoungGen      total 59904K, used 59392K [0x00000000ec100000, 0x00000000f3400000, 0x0000000100000000)
  eden space 59392K, 100% used [0x00000000ec100000,0x00000000efb00000,0x00000000efb00000)
  from space 512K, 0% used [0x00000000f3380000,0x00000000f3380000,0x00000000f3400000)
  to   space 512K, 0% used [0x00000000f3300000,0x00000000f3300000,0x00000000f3380000)
 ParOldGen       total 40960K, used 620K [0x00000000c4200000, 0x00000000c6a00000, 0x00000000ec100000)
  object space 40960K, 1% used [0x00000000c4200000,0x00000000c429b068,0x00000000c6a00000)
 Metaspace       used 3738K, capacity 4856K, committed 5120K, reserved 1056768K
  class space    used 376K, capacity 424K, committed 512K, reserved 1048576K
Event: 7.509 GC heap after
Heap after GC invocations=29 (full 0):
 PSYoungGen      total 57856K, used 0K [0x00000000ec100000, 0x00000000f3400000, 0x0000000100000000)
  eden space 57344K, 0% used [0x00000000ec100000,0x00000000ec100000,0x00000000ef900000)
  from space 512K, 0% used [0x00000000f3300000,0x00000000f3300000,0x00000000f3380000)
  to   space 512K, 0% used [0x00000000f3380000,0x00000000f3380000,0x00000000f3400000)
 ParOldGen       total 40960K, used 620K [0x00000000c4200000, 0x00000000c6a00000, 0x00000000ec100000)
  object space 40960K, 1% used [0x00000000c4200000,0x00000000c429b068,0x00000000c6a00000)
 Metaspace       used 3738K, capacity 4856K, committed 5120K, reserved 1056768K
  class space    used 376K, capacity 424K, committed 512K, reserved 1048576K
}
Event: 7.699 GC heap before
{Heap before GC invocations=30 (full 0):
 PSYoungGen      total 57856K, used 57344K [0x00000000ec100000, 0x00000000f3400000, 0x0000000100000000)
  eden space 57344K, 100% used [0x00000000ec100000,0x00000000ef900000,0x00000000ef900000)
  from space 512K, 0% used [0x00000000f3300000,0x00000000f3300000,0x00000000f3380000)
  to   space 512K, 0% used [0x00000000f3380000,0x00000000f3380000,0x00000000f3400000)
 ParOldGen       total 40960K, used 620K [0x00000000c4200000, 0x00000000c6a00000, 0x00000000ec100000)
  object space 40960K, 1% used [0x00000000c4200000,0x00000000c429b068,0x00000000c6a00000)
 Metaspace       used 3738K, capacity 4856K, committed 5120K, reserved 1056768K
  class space    used 376K, capacity 424K, committed 512K, reserved 1048576K
Event: 7.700 GC heap after
Heap after GC invocations=30 (full 0):
 PSYoungGen      total 55808K, used 0K [0x00000000ec100000, 0x00000000f3400000, 0x0000000100000000)
  eden space 55296K, 0% used [0x00000000ec100000,0x00000000ec100000,0x00000000ef700000)
  from space 512K, 0% used [0x00000000f3380000,0x00000000f3380000,0x00000000f3400000)
  to   space 512K, 0% used [0x00000000f3300000,0x00000000f3300000,0x00000000f3380000)
 ParOldGen       total 40960K, used 620K [0x00000000c4200000, 0x00000000c6a00000, 0x00000000ec100000)
  object space 40960K, 1% used [0x00000000c4200000,0x00000000c429b068,0x00000000c6a00000)
 Metaspace       used 3738K, capacity 4856K, committed 5120K, reserved 1056768K
  class space    used 376K, capacity 424K, committed 512K, reserved 1048576K
}
Event: 7.895 GC heap before
{Heap before GC invocations=31 (full 0):
 PSYoungGen      total 55808K, used 55296K [0x00000000ec100000, 0x00000000f3400000, 0x0000000100000000)
  eden space 55296K, 100% used [0x00000000ec100000,0x00000000ef700000,0x00000000ef700000)
  from space 512K, 0% used [0x00000000f3380000,0x00000000f3380000,0x00000000f3400000)
  to   space 512K, 0% used [0x00000000f3300000,0x00000000f3300000,0x00000000f3380000)
 ParOldGen       total 40960K, used 620K [0x00000000c4200000, 0x00000000c6a00000, 0x00000000ec100000)
  object space 40960K, 1% used [0x00000000c4200000,0x00000000c429b068,0x00000000c6a00000)
 Metaspace       used 3738K, capacity 4856K, committed 5120K, reserved 1056768K
  class space    used 376K, capacity 424K, committed 512K, reserved 1048576K
Event: 7.896 GC heap after
Heap after GC invocations=31 (full 0):
 PSYoungGen      total 53760K, used 0K [0x00000000ec100000, 0x00000000f3400000, 0x0000000100000000)
  eden space 53248K, 0% used [0x00000000ec100000,0x00000000ec100000,0x00000000ef500000)
  from space 512K, 0% used [0x00000000f3300000,0x00000000f3300000,0x00000000f3380000)
  to   space 512K, 0% used [0x00000000f3380000,0x00000000f3380000,0x00000000f3400000)
 ParOldGen       total 40960K, used 620K [0x00000000c4200000, 0x00000000c6a00000, 0x00000000ec100000)
  object space 40960K, 1% used [0x00000000c4200000,0x00000000c429b068,0x00000000c6a00000)
 Metaspace       used 3738K, capacity 4856K, committed 5120K, reserved 1056768K
  class space    used 376K, capacity 424K, committed 512K, reserved 1048576K
}
Event: 8.080 GC heap before
{Heap before GC invocations=32 (full 0):
 PSYoungGen      total 53760K, used 53248K [0x00000000ec100000, 0x00000000f3400000, 0x0000000100000000)
  eden space 53248K, 100% used [0x00000000ec100000,0x00000000ef500000,0x00000000ef500000)
  from space 512K, 0% used [0x00000000f3300000,0x00000000f3300000,0x00000000f3380000)
  to   space 512K, 0% used [0x00000000f3380000,0x00000000f3380000,0x00000000f3400000)
 ParOldGen       total 40960K, used 620K [0x00000000c4200000, 0x00000000c6a00000, 0x00000000ec100000)
  object space 40960K, 1% used [0x00000000c4200000,0x00000000c429b068,0x00000000c6a00000)
 Metaspace       used 3738K, capacity 4856K, committed 5120K, reserved 1056768K
  class space    used 376K, capacity 424K, committed 512K, reserved 1048576K
Event: 8.081 GC heap after
Heap after GC invocations=32 (full 0):
 PSYoungGen      total 51712K, used 0K [0x00000000ec100000, 0x00000000f3400000, 0x0000000100000000)
  eden space 51200K, 0% used [0x00000000ec100000,0x00000000ec100000,0x00000000ef300000)
  from space 512K, 0% used [0x00000000f3380000,0x00000000f3380000,0x00000000f3400000)
  to   space 512K, 0% used [0x00000000f3300000,0x00000000f3300000,0x00000000f3380000)
 ParOldGen       total 40960K, used 620K [0x00000000c4200000, 0x00000000c6a00000, 0x00000000ec100000)
  object space 40960K, 1% used [0x00000000c4200000,0x00000000c429b068,0x00000000c6a00000)
 Metaspace       used 3738K, capacity 4856K, committed 5120K, reserved 1056768K
  class space    used 376K, capacity 424K, committed 512K, reserved 1048576K
}

Deoptimization events (2 events):
Event: 4.734 Thread 0x00007f066800b000 Uncommon trap: reason=unloaded action=reinterpret pc=0x00007f065914fe18 method=ImageUtils.convertToBinary(Lorg/opencv/core/Mat;I)Lorg/opencv/core/Mat; @ 146
Event: 8.233 Thread 0x00007f066800b000 Uncommon trap: reason=unloaded action=reinterpret pc=0x00007f06591714f4 method=ImageUtils.convertToBinary(Lorg/opencv/core/Mat;I)Lorg/opencv/core/Mat; @ 279

Internal exceptions (10 events):
Event: 0.150 Thread 0x00007f066800b000 Exception <a 'java/security/PrivilegedActionException'> (0x00000000ec25d350) thrown at [/HUDSON/workspace/8-2-build-linux-amd64/jdk8u40/3098/hotspot/src/share/vm/prims/jvm.cpp, line 1382]
Event: 0.150 Thread 0x00007f066800b000 Exception <a 'java/security/PrivilegedActionException'> (0x00000000ec25d508) thrown at [/HUDSON/workspace/8-2-build-linux-amd64/jdk8u40/3098/hotspot/src/share/vm/prims/jvm.cpp, line 1382]
Event: 0.154 Thread 0x00007f066800b000 Exception <a 'java/security/PrivilegedActionException'> (0x00000000ec27b768) thrown at [/HUDSON/workspace/8-2-build-linux-amd64/jdk8u40/3098/hotspot/src/share/vm/prims/jvm.cpp, line 1382]
Event: 0.154 Thread 0x00007f066800b000 Exception <a 'java/security/PrivilegedActionException'> (0x00000000ec27b920) thrown at [/HUDSON/workspace/8-2-build-linux-amd64/jdk8u40/3098/hotspot/src/share/vm/prims/jvm.cpp, line 1382]
Event: 0.155 Thread 0x00007f066800b000 Exception <a 'java/security/PrivilegedActionException'> (0x00000000ec27c398) thrown at [/HUDSON/workspace/8-2-build-linux-amd64/jdk8u40/3098/hotspot/src/share/vm/prims/jvm.cpp, line 1382]
Event: 0.155 Thread 0x00007f066800b000 Exception <a 'java/security/PrivilegedActionException'> (0x00000000ec27c550) thrown at [/HUDSON/workspace/8-2-build-linux-amd64/jdk8u40/3098/hotspot/src/share/vm/prims/jvm.cpp, line 1382]
Event: 0.155 Thread 0x00007f066800b000 Exception <a 'java/security/PrivilegedActionException'> (0x00000000ec27cfa8) thrown at [/HUDSON/workspace/8-2-build-linux-amd64/jdk8u40/3098/hotspot/src/share/vm/prims/jvm.cpp, line 1382]
Event: 0.155 Thread 0x00007f066800b000 Exception <a 'java/security/PrivilegedActionException'> (0x00000000ec27d160) thrown at [/HUDSON/workspace/8-2-build-linux-amd64/jdk8u40/3098/hotspot/src/share/vm/prims/jvm.cpp, line 1382]
Event: 0.155 Thread 0x00007f066800b000 Exception <a 'java/security/PrivilegedActionException'> (0x00000000ec27db70) thrown at [/HUDSON/workspace/8-2-build-linux-amd64/jdk8u40/3098/hotspot/src/share/vm/prims/jvm.cpp, line 1382]
Event: 0.155 Thread 0x00007f066800b000 Exception <a 'java/security/PrivilegedActionException'> (0x00000000ec27dd28) thrown at [/HUDSON/workspace/8-2-build-linux-amd64/jdk8u40/3098/hotspot/src/share/vm/prims/jvm.cpp, line 1382]

Events (10 events):
Event: 8.310 loading class sun/misc/FloatingDecimal$1
Event: 8.310 loading class sun/misc/FloatingDecimal$1 done
Event: 8.310 Executing VM operation: Deoptimize
Event: 8.310 Executing VM operation: Deoptimize done
Event: 8.310 loading class sun/misc/FloatingDecimal$PreparedASCIIToBinaryBuffer
Event: 8.310 loading class sun/misc/FloatingDecimal$ASCIIToBinaryConverter
Event: 8.310 loading class sun/misc/FloatingDecimal$ASCIIToBinaryConverter done
Event: 8.310 loading class sun/misc/FloatingDecimal$PreparedASCIIToBinaryBuffer done
Event: 8.310 loading class sun/misc/FDBigInteger
Event: 8.310 loading class sun/misc/FDBigInteger done


Dynamic libraries:
00400000-00401000 r-xp 00000000 08:01 1968019                            /home/rajitha/jdk1.8.0_40/bin/java
00600000-00601000 rw-p 00000000 08:01 1968019                            /home/rajitha/jdk1.8.0_40/bin/java
00b53000-00b74000 rw-p 00000000 00:00 0                                  [heap]
c4200000-c6a00000 rw-p 00000000 00:00 0 
c6a00000-ec100000 ---p 00000000 00:00 0 
ec100000-f3400000 rw-p 00000000 00:00 0 
f3400000-100000000 ---p 00000000 00:00 0 
100000000-100080000 rw-p 00000000 00:00 0 
100080000-140000000 ---p 00000000 00:00 0 
7f05f4000000-7f05f4021000 rw-p 00000000 00:00 0 
7f05f4021000-7f05f8000000 ---p 00000000 00:00 0 
7f05f8000000-7f05f8021000 rw-p 00000000 00:00 0 
7f05f8021000-7f05fc000000 ---p 00000000 00:00 0 
7f05fc000000-7f05fc021000 rw-p 00000000 00:00 0 
7f05fc021000-7f0600000000 ---p 00000000 00:00 0 
7f060129a000-7f060129b000 ---p 00000000 00:00 0 
7f060129b000-7f060169b000 rwxp 00000000 00:00 0                          [stack:14455]
7f060169b000-7f060169c000 ---p 00000000 00:00 0 
7f060169c000-7f0601a9c000 rwxp 00000000 00:00 0                          [stack:14454]
7f0601a9c000-7f0601a9d000 ---p 00000000 00:00 0 
7f0601a9d000-7f0601e9d000 rwxp 00000000 00:00 0                          [stack:14453]
7f0601e9d000-7f0601ea5000 r-xp 00000000 08:01 37499335                   /usr/lib/x86_64-linux-gnu/libOpenCL.so.1.0.0
7f0601ea5000-7f06020a4000 ---p 00008000 08:01 37499335                   /usr/lib/x86_64-linux-gnu/libOpenCL.so.1.0.0
7f06020a4000-7f06020a5000 r--p 00007000 08:01 37499335                   /usr/lib/x86_64-linux-gnu/libOpenCL.so.1.0.0
7f06020a5000-7f06020a6000 rw-p 00008000 08:01 37499335                   /usr/lib/x86_64-linux-gnu/libOpenCL.so.1.0.0
7f0603efc000-7f060b858000 rw-p 00000000 00:00 0 
7f060b858000-7f060b86a000 r-xp 00000000 08:01 37880998                   /usr/lib/x86_64-linux-gnu/pkcs11/gnome-keyring-pkcs11.so
7f060b86a000-7f060ba69000 ---p 00012000 08:01 37880998                   /usr/lib/x86_64-linux-gnu/pkcs11/gnome-keyring-pkcs11.so
7f060ba69000-7f060ba6b000 r--p 00011000 08:01 37880998                   /usr/lib/x86_64-linux-gnu/pkcs11/gnome-keyring-pkcs11.so
7f060ba6b000-7f060ba6c000 rw-p 00013000 08:01 37880998                   /usr/lib/x86_64-linux-gnu/pkcs11/gnome-keyring-pkcs11.so
7f060ba6c000-7f060ba9c000 r-xp 00000000 08:01 37881623                   /usr/lib/x86_64-linux-gnu/pkcs11/p11-kit-trust.so
7f060ba9c000-7f060bc9c000 ---p 00030000 08:01 37881623                   /usr/lib/x86_64-linux-gnu/pkcs11/p11-kit-trust.so
7f060bc9c000-7f060bca3000 r--p 00030000 08:01 37881623                   /usr/lib/x86_64-linux-gnu/pkcs11/p11-kit-trust.so
7f060bca3000-7f060bca4000 rw-p 00037000 08:01 37881623                   /usr/lib/x86_64-linux-gnu/pkcs11/p11-kit-trust.so
7f060bca4000-7f060bca5000 ---p 00000000 00:00 0 
7f060bca5000-7f060c4a5000 rwxp 00000000 00:00 0                          [stack:14350]
7f060c4a5000-7f060c6a5000 rw-p 00000000 00:00 0 
7f060c6a5000-7f060c6bb000 r-xp 00000000 08:01 37503138                   /usr/lib/libtbbmalloc.so.2
7f060c6bb000-7f060c8ba000 ---p 00016000 08:01 37503138                   /usr/lib/libtbbmalloc.so.2
7f060c8ba000-7f060c8bb000 r--p 00015000 08:01 37503138                   /usr/lib/libtbbmalloc.so.2
7f060c8bb000-7f060c8bd000 rw-p 00016000 08:01 37503138                   /usr/lib/libtbbmalloc.so.2
7f060c8bd000-7f060c8dd000 rw-p 00000000 00:00 0 
7f060c8dd000-7f060c8e1000 r-xp 00000000 08:01 4460446                    /lib/x86_64-linux-gnu/libgpg-error.so.0.10.0
7f060c8e1000-7f060cae0000 ---p 00004000 08:01 4460446                    /lib/x86_64-linux-gnu/libgpg-error.so.0.10.0
7f060cae0000-7f060cae1000 r--p 00003000 08:01 4460446                    /lib/x86_64-linux-gnu/libgpg-error.so.0.10.0
7f060cae1000-7f060cae2000 rw-p 00004000 08:01 4460446                    /lib/x86_64-linux-gnu/libgpg-error.so.0.10.0
7f060cae2000-7f060cb26000 r-xp 00000000 08:01 4460743                    /lib/x86_64-linux-gnu/libdbus-1.so.3.7.6
7f060cb26000-7f060cd25000 ---p 00044000 08:01 4460743                    /lib/x86_64-linux-gnu/libdbus-1.so.3.7.6
7f060cd25000-7f060cd26000 r--p 00043000 08:01 4460743                    /lib/x86_64-linux-gnu/libdbus-1.so.3.7.6
7f060cd26000-7f060cd27000 rw-p 00044000 08:01 4460743                    /lib/x86_64-linux-gnu/libdbus-1.so.3.7.6
7f060cd27000-7f060cd2f000 r-xp 00000000 08:01 4460475                    /lib/x86_64-linux-gnu/libnih-dbus.so.1.0.0
7f060cd2f000-7f060cf2f000 ---p 00008000 08:01 4460475                    /lib/x86_64-linux-gnu/libnih-dbus.so.1.0.0
7f060cf2f000-7f060cf30000 r--p 00008000 08:01 4460475                    /lib/x86_64-linux-gnu/libnih-dbus.so.1.0.0
7f060cf30000-7f060cf31000 rw-p 00009000 08:01 4460475                    /lib/x86_64-linux-gnu/libnih-dbus.so.1.0.0
7f060cf31000-7f060cf48000 r-xp 00000000 08:01 4460477                    /lib/x86_64-linux-gnu/libnih.so.1.0.0
7f060cf48000-7f060d147000 ---p 00017000 08:01 4460477                    /lib/x86_64-linux-gnu/libnih.so.1.0.0
7f060d147000-7f060d148000 r--p 00016000 08:01 4460477                    /lib/x86_64-linux-gnu/libnih.so.1.0.0
7f060d148000-7f060d149000 rw-p 00017000 08:01 4460477                    /lib/x86_64-linux-gnu/libnih.so.1.0.0
7f060d149000-7f060d162000 r-xp 00000000 08:01 4460761                    /lib/x86_64-linux-gnu/libcgmanager.so.0.0.0
7f060d162000-7f060d361000 ---p 00019000 08:01 4460761                    /lib/x86_64-linux-gnu/libcgmanager.so.0.0.0
7f060d361000-7f060d363000 r--p 00018000 08:01 4460761                    /lib/x86_64-linux-gnu/libcgmanager.so.0.0.0
7f060d363000-7f060d364000 rw-p 0001a000 08:01 4460761                    /lib/x86_64-linux-gnu/libcgmanager.so.0.0.0
7f060d364000-7f060d39f000 r-xp 00000000 08:01 37494871                   /usr/lib/x86_64-linux-gnu/libp11-kit.so.0.0.0
7f060d39f000-7f060d59e000 ---p 0003b000 08:01 37494871                   /usr/lib/x86_64-linux-gnu/libp11-kit.so.0.0.0
7f060d59e000-7f060d5a4000 r--p 0003a000 08:01 37494871                   /usr/lib/x86_64-linux-gnu/libp11-kit.so.0.0.0
7f060d5a4000-7f060d5a6000 rw-p 00040000 08:01 37494871                   /usr/lib/x86_64-linux-gnu/libp11-kit.so.0.0.0
7f060d5a6000-7f060d5b8000 r-xp 00000000 08:01 37491767                   /usr/lib/x86_64-linux-gnu/libtasn1.so.6.2.0
7f060d5b8000-7f060d7b8000 ---p 00012000 08:01 37491767                   /usr/lib/x86_64-linux-gnu/libtasn1.so.6.2.0
7f060d7b8000-7f060d7b9000 r--p 00012000 08:01 37491767                   /usr/lib/x86_64-linux-gnu/libtasn1.so.6.2.0
7f060d7b9000-7f060d7ba000 rw-p 00013000 08:01 37491767                   /usr/lib/x86_64-linux-gnu/libtasn1.so.6.2.0
7f060d7ba000-7f060d836000 r-xp 00000000 08:01 4460389                    /lib/x86_64-linux-gnu/libgcrypt.so.11.8.2
7f060d836000-7f060da36000 ---p 0007c000 08:01 4460389                    /lib/x86_64-linux-gnu/libgcrypt.so.11.8.2
7f060da36000-7f060da37000 r--p 0007c000 08:01 4460389                    /lib/x86_64-linux-gnu/libgcrypt.so.11.8.2
7f060da37000-7f060da3a000 rw-p 0007d000 08:01 4460389                    /lib/x86_64-linux-gnu/libgcrypt.so.11.8.2
7f060da3a000-7f060da41000 r-xp 00000000 08:01 37494863                   /usr/lib/x86_64-linux-gnu/libogg.so.0.8.1
7f060da41000-7f060dc41000 ---p 00007000 08:01 37494863                   /usr/lib/x86_64-linux-gnu/libogg.so.0.8.1
7f060dc41000-7f060dc42000 r--p 00007000 08:01 37494863                   /usr/lib/x86_64-linux-gnu/libogg.so.0.8.1
7f060dc42000-7f060dc43000 rw-p 00008000 08:01 37494863                   /usr/lib/x86_64-linux-gnu/libogg.so.0.8.1
7f060dc43000-7f060dc53000 r-xp 00000000 08:01 4460417                    /lib/x86_64-linux-gnu/libudev.so.1.3.5
7f060dc53000-7f060de52000 ---p 00010000 08:01 4460417                    /lib/x86_64-linux-gnu/libudev.so.1.3.5
7f060de52000-7f060de53000 r--p 0000f000 08:01 4460417                    /lib/x86_64-linux-gnu/libudev.so.1.3.5
7f060de53000-7f060de54000 rw-p 00010000 08:01 4460417                    /lib/x86_64-linux-gnu/libudev.so.1.3.5
7f060de54000-7f060de64000 r-xp 00000000 08:01 37494618                   /usr/lib/x86_64-linux-gnu/libgstinterfaces-0.10.so.0.25.0
7f060de64000-7f060e064000 ---p 00010000 08:01 37494618                   /usr/lib/x86_64-linux-gnu/libgstinterfaces-0.10.so.0.25.0
7f060e064000-7f060e065000 r--p 00010000 08:01 37494618                   /usr/lib/x86_64-linux-gnu/libgstinterfaces-0.10.so.0.25.0
7f060e065000-7f060e066000 rw-p 00011000 08:01 37494618                   /usr/lib/x86_64-linux-gnu/libgstinterfaces-0.10.so.0.25.0
7f060e066000-7f060e06b000 r-xp 00000000 08:01 37494155                   /usr/lib/x86_64-linux-gnu/libXdmcp.so.6.0.0
7f060e06b000-7f060e26a000 ---p 00005000 08:01 37494155                   /usr/lib/x86_64-linux-gnu/libXdmcp.so.6.0.0
7f060e26a000-7f060e26b000 r--p 00004000 08:01 37494155                   /usr/lib/x86_64-linux-gnu/libXdmcp.so.6.0.0
7f060e26b000-7f060e26c000 rw-p 00005000 08:01 37494155                   /usr/lib/x86_64-linux-gnu/libXdmcp.so.6.0.0
7f060e26c000-7f060e26e000 r-xp 00000000 08:01 37494144                   /usr/lib/x86_64-linux-gnu/libXau.so.6.0.0
7f060e26e000-7f060e46e000 ---p 00002000 08:01 37494144                   /usr/lib/x86_64-linux-gnu/libXau.so.6.0.0
7f060e46e000-7f060e46f000 r--p 00002000 08:01 37494144                   /usr/lib/x86_64-linux-gnu/libXau.so.6.0.0
7f060e46f000-7f060e470000 rw-p 00003000 08:01 37494144                   /usr/lib/x86_64-linux-gnu/libXau.so.6.0.0
7f060e470000-7f060e47f000 r-xp 00000000 08:01 4460412                    /lib/x86_64-linux-gnu/libbz2.so.1.0.4
7f060e47f000-7f060e67e000 ---p 0000f000 08:01 4460412                    /lib/x86_64-linux-gnu/libbz2.so.1.0.4
7f060e67e000-7f060e67f000 r--p 0000e000 08:01 4460412                    /lib/x86_64-linux-gnu/libbz2.so.1.0.4
7f060e67f000-7f060e680000 rw-p 0000f000 08:01 4460412                    /lib/x86_64-linux-gnu/libbz2.so.1.0.4
7f060e680000-7f060e736000 r-xp 00000000 08:01 37494548                   /usr/lib/x86_64-linux-gnu/libgnutls.so.26.22.6
7f060e736000-7f060e936000 ---p 000b6000 08:01 37494548                   /usr/lib/x86_64-linux-gnu/libgnutls.so.26.22.6
7f060e936000-7f060e93c000 r--p 000b6000 08:01 37494548                   /usr/lib/x86_64-linux-gnu/libgnutls.so.26.22.6
7f060e93c000-7f060e93d000 rw-p 000bc000 08:01 37494548                   /usr/lib/x86_64-linux-gnu/libgnutls.so.26.22.6
7f060e93d000-7f060e93e000 rw-p 00000000 00:00 0 
7f060e93e000-7f060e957000 r-xp 00000000 08:01 37494980                   /usr/lib/x86_64-linux-gnu/librtmp.so.0
7f060e957000-7f060eb56000 ---p 00019000 08:01 37494980                   /usr/lib/x86_64-linux-gnu/librtmp.so.0
7f060eb56000-7f060eb57000 r--p 00018000 08:01 37494980                   /usr/lib/x86_64-linux-gnu/librtmp.so.0
7f060eb57000-7f060eb58000 rw-p 00019000 08:01 37494980                   /usr/lib/x86_64-linux-gnu/librtmp.so.0
7f060eb58000-7f060eb6c000 r-xp 00000000 08:01 37494850                   /usr/lib/x86_64-linux-gnu/libva.so.1.3500.0
7f060eb6c000-7f060ed6c000 ---p 00014000 08:01 37494850                   /usr/lib/x86_64-linux-gnu/libva.so.1.3500.0
7f060ed6c000-7f060ed6d000 r--p 00014000 08:01 37494850                   /usr/lib/x86_64-linux-gnu/libva.so.1.3500.0
7f060ed6d000-7f060ed6e000 rw-p 00015000 08:01 37494850                   /usr/lib/x86_64-linux-gnu/libva.so.1.3500.0
7f060ed6e000-7f060ee17000 r-xp 00000000 08:01 37489157                   /usr/lib/x86_64-linux-gnu/libfdk-aac.so.0.0.4
7f060ee17000-7f060f016000 ---p 000a9000 08:01 37489157                   /usr/lib/x86_64-linux-gnu/libfdk-aac.so.0.0.4
7f060f016000-7f060f018000 r--p 000a8000 08:01 37489157                   /usr/lib/x86_64-linux-gnu/libfdk-aac.so.0.0.4
7f060f018000-7f060f019000 rw-p 000aa000 08:01 37489157                   /usr/lib/x86_64-linux-gnu/libfdk-aac.so.0.0.4
7f060f019000-7f060f01b000 rw-p 00000000 00:00 0 
7f060f01b000-7f060f028000 r-xp 00000000 08:01 37493302                   /usr/lib/x86_64-linux-gnu/libgsm.so.1.0.12
7f060f028000-7f060f227000 ---p 0000d000 08:01 37493302                   /usr/lib/x86_64-linux-gnu/libgsm.so.1.0.12
7f060f227000-7f060f228000 r--p 0000c000 08:01 37493302                   /usr/lib/x86_64-linux-gnu/libgsm.so.1.0.12
7f060f228000-7f060f229000 rw-p 0000d000 08:01 37493302                   /usr/lib/x86_64-linux-gnu/libgsm.so.1.0.12
7f060f229000-7f060f286000 r-xp 00000000 08:01 37493894                   /usr/lib/x86_64-linux-gnu/libmp3lame.so.0.0.0
7f060f286000-7f060f486000 ---p 0005d000 08:01 37493894                   /usr/lib/x86_64-linux-gnu/libmp3lame.so.0.0.0
7f060f486000-7f060f487000 r--p 0005d000 08:01 37493894                   /usr/lib/x86_64-linux-gnu/libmp3lame.so.0.0.0
7f060f487000-7f060f488000 rw-p 0005e000 08:01 37493894                   /usr/lib/x86_64-linux-gnu/libmp3lame.so.0.0.0
7f060f488000-7f060f4b6000 rw-p 00000000 00:00 0 
7f060f4b6000-7f060f4d7000 r-xp 00000000 08:01 37494376                   /usr/lib/x86_64-linux-gnu/libopenjpeg-2.1.3.0.so
7f060f4d7000-7f060f6d6000 ---p 00021000 08:01 37494376                   /usr/lib/x86_64-linux-gnu/libopenjpeg-2.1.3.0.so
7f060f6d6000-7f060f6d7000 r--p 00020000 08:01 37494376                   /usr/lib/x86_64-linux-gnu/libopenjpeg-2.1.3.0.so
7f060f6d7000-7f060f6d8000 rw-p 00021000 08:01 37494376                   /usr/lib/x86_64-linux-gnu/libopenjpeg-2.1.3.0.so
7f060f6d8000-7f060f71f000 r-xp 00000000 08:01 37494505                   /usr/lib/x86_64-linux-gnu/libopus.so.0.5.0
7f060f71f000-7f060f91e000 ---p 00047000 08:01 37494505                   /usr/lib/x86_64-linux-gnu/libopus.so.0.5.0
7f060f91e000-7f060f91f000 r--p 00046000 08:01 37494505                   /usr/lib/x86_64-linux-gnu/libopus.so.0.5.0
7f060f91f000-7f060f920000 rw-p 00047000 08:01 37494505                   /usr/lib/x86_64-linux-gnu/libopus.so.0.5.0
7f060f920000-7f060f9e0000 r-xp 00000000 08:01 37494668                   /usr/lib/x86_64-linux-gnu/libschroedinger-1.0.so.0.11.0
7f060f9e0000-7f060fbe0000 ---p 000c0000 08:01 37494668                   /usr/lib/x86_64-linux-gnu/libschroedinger-1.0.so.0.11.0
7f060fbe0000-7f060fbe2000 r--p 000c0000 08:01 37494668                   /usr/lib/x86_64-linux-gnu/libschroedinger-1.0.so.0.11.0
7f060fbe2000-7f060fbe3000 rw-p 000c2000 08:01 37494668                   /usr/lib/x86_64-linux-gnu/libschroedinger-1.0.so.0.11.0
7f060fbe3000-7f060fbe4000 rw-p 00000000 00:00 0 
7f060fbe4000-7f060fbfb000 r-xp 00000000 08:01 37495034                   /usr/lib/x86_64-linux-gnu/libspeex.so.1.5.0
7f060fbfb000-7f060fdfb000 ---p 00017000 08:01 37495034                   /usr/lib/x86_64-linux-gnu/libspeex.so.1.5.0
7f060fdfb000-7f060fdfc000 r--p 00017000 08:01 37495034                   /usr/lib/x86_64-linux-gnu/libspeex.so.1.5.0
7f060fdfc000-7f060fdfd000 rw-p 00018000 08:01 37495034                   /usr/lib/x86_64-linux-gnu/libspeex.so.1.5.0
7f060fdfd000-7f060fe15000 r-xp 00000000 08:01 37495076                   /usr/lib/x86_64-linux-gnu/libtheoradec.so.1.1.4
7f060fe15000-7f0610014000 ---p 00018000 08:01 37495076                   /usr/lib/x86_64-linux-gnu/libtheoradec.so.1.1.4
7f0610014000-7f0610015000 r--p 00017000 08:01 37495076                   /usr/lib/x86_64-linux-gnu/libtheoradec.so.1.1.4
7f0610015000-7f0610016000 rw-p 00018000 08:01 37495076                   /usr/lib/x86_64-linux-gnu/libtheoradec.so.1.1.4
7f0610016000-7f0610055000 r-xp 00000000 08:01 37495078                   /usr/lib/x86_64-linux-gnu/libtheoraenc.so.1.1.2
7f0610055000-7f0610254000 ---p 0003f000 08:01 37495078                   /usr/lib/x86_64-linux-gnu/libtheoraenc.so.1.1.2
7f0610254000-7f0610255000 r--p 0003e000 08:01 37495078                   /usr/lib/x86_64-linux-gnu/libtheoraenc.so.1.1.2
7f0610255000-7f0610256000 rw-p 0003f000 08:01 37495078                   /usr/lib/x86_64-linux-gnu/libtheoraenc.so.1.1.2
7f0610256000-7f0610282000 r-xp 00000000 08:01 37495141                   /usr/lib/x86_64-linux-gnu/libvorbis.so.0.4.5
7f0610282000-7f0610481000 ---p 0002c000 08:01 37495141                   /usr/lib/x86_64-linux-gnu/libvorbis.so.0.4.5
7f0610481000-7f0610482000 r--p 0002b000 08:01 37495141                   /usr/lib/x86_64-linux-gnu/libvorbis.so.0.4.5
7f0610482000-7f0610483000 rw-p 0002c000 08:01 37495141                   /usr/lib/x86_64-linux-gnu/libvorbis.so.0.4.5
7f0610483000-7f0610736000 r-xp 00000000 08:01 37495143                   /usr/lib/x86_64-linux-gnu/libvorbisenc.so.2.0.8
7f0610736000-7f0610935000 ---p 002b3000 08:01 37495143                   /usr/lib/x86_64-linux-gnu/libvorbisenc.so.2.0.8
7f0610935000-7f0610951000 r--p 002b2000 08:01 37495143                   /usr/lib/x86_64-linux-gnu/libvorbisenc.so.2.0.8
7f0610951000-7f0610952000 rw-p 002ce000 08:01 37495143                   /usr/lib/x86_64-linux-gnu/libvorbisenc.so.2.0.8
7f0610952000-7f0610aea000 r-xp 00000000 08:01 37495148                   /usr/lib/x86_64-linux-gnu/libvpx.so.1.3.0
7f0610aea000-7f0610ce9000 ---p 00198000 08:01 37495148                   /usr/lib/x86_64-linux-gnu/libvpx.so.1.3.0
7f0610ce9000-7f0610ceb000 rw-p 00197000 08:01 37495148                   /usr/lib/x86_64-linux-gnu/libvpx.so.1.3.0
7f0610ceb000-7f0610d31000 rw-p 00000000 00:00 0 
7f0610d31000-7f0610e4a000 r-xp 00000000 08:01 37495094                   /usr/lib/x86_64-linux-gnu/libx264.so.142
7f0610e4a000-7f061104a000 ---p 00119000 08:01 37495094                   /usr/lib/x86_64-linux-gnu/libx264.so.142
7f061104a000-7f061104b000 r--p 00119000 08:01 37495094                   /usr/lib/x86_64-linux-gnu/libx264.so.142
7f061104b000-7f061104c000 rw-p 0011a000 08:01 37495094                   /usr/lib/x86_64-linux-gnu/libx264.so.142
7f061104c000-7f06110c7000 rw-p 00000000 00:00 0 
7f06110c7000-7f0611192000 r-xp 00000000 08:01 37495095                   /usr/lib/x86_64-linux-gnu/libxvidcore.so.4.3
7f0611192000-7f0611391000 ---p 000cb000 08:01 37495095                   /usr/lib/x86_64-linux-gnu/libxvidcore.so.4.3
7f0611391000-7f0611392000 r--p 000ca000 08:01 37495095                   /usr/lib/x86_64-linux-gnu/libxvidcore.so.4.3
7f0611392000-7f061139c000 rw-p 000cb000 08:01 37495095                   /usr/lib/x86_64-linux-gnu/libxvidcore.so.4.3
7f061139c000-7f0611405000 rw-p 00000000 00:00 0 
7f0611405000-7f0611429000 r-xp 00000000 08:01 37495133                   /usr/lib/x86_64-linux-gnu/libv4lconvert.so.0.0.0
7f0611429000-7f0611629000 ---p 00024000 08:01 37495133                   /usr/lib/x86_64-linux-gnu/libv4lconvert.so.0.0.0
7f0611629000-7f061162b000 r--p 00024000 08:01 37495133                   /usr/lib/x86_64-linux-gnu/libv4lconvert.so.0.0.0
7f061162b000-7f061162c000 rw-p 00026000 08:01 37495133                   /usr/lib/x86_64-linux-gnu/libv4lconvert.so.0.0.0
7f061162c000-7f061167e000 rw-p 00000000 00:00 0 
7f061167e000-7f0611693000 r-xp 00000000 08:01 4460567                    /lib/x86_64-linux-gnu/libusb-1.0.so.0.1.0
7f0611693000-7f0611893000 ---p 00015000 08:01 4460567                    /lib/x86_64-linux-gnu/libusb-1.0.so.0.1.0
7f0611893000-7f0611894000 r--p 00015000 08:01 4460567                    /lib/x86_64-linux-gnu/libusb-1.0.so.0.1.0
7f0611894000-7f0611895000 rw-p 00016000 08:01 4460567                    /lib/x86_64-linux-gnu/libusb-1.0.so.0.1.0
7f0611895000-7f06118a2000 r-xp 00000000 08:01 37494958                   /usr/lib/x86_64-linux-gnu/libraw1394.so.11.1.0
7f06118a2000-7f0611aa1000 ---p 0000d000 08:01 37494958                   /usr/lib/x86_64-linux-gnu/libraw1394.so.11.1.0
7f0611aa1000-7f0611aa2000 r--p 0000c000 08:01 37494958                   /usr/lib/x86_64-linux-gnu/libraw1394.so.11.1.0
7f0611aa2000-7f0611aa3000 rw-p 0000d000 08:01 37494958                   /usr/lib/x86_64-linux-gnu/libraw1394.so.11.1.0
7f0611aa3000-7f0611ad8000 r-xp 00000000 08:01 37494654                   /usr/lib/x86_64-linux-gnu/libgsttag-0.10.so.0.25.0
7f0611ad8000-7f0611cd7000 ---p 00035000 08:01 37494654                   /usr/lib/x86_64-linux-gnu/libgsttag-0.10.so.0.25.0
7f0611cd7000-7f0611cd9000 r--p 00034000 08:01 37494654                   /usr/lib/x86_64-linux-gnu/libgsttag-0.10.so.0.25.0
7f0611cd9000-7f0611cda000 rw-p 00036000 08:01 37494654                   /usr/lib/x86_64-linux-gnu/libgsttag-0.10.so.0.25.0
7f0611cda000-7f0611d0f000 r-xp 00000000 08:01 37494590                   /usr/lib/x86_64-linux-gnu/libgstaudio-0.10.so.0.25.0
7f0611d0f000-7f0611f0f000 ---p 00035000 08:01 37494590                   /usr/lib/x86_64-linux-gnu/libgstaudio-0.10.so.0.25.0
7f0611f0f000-7f0611f10000 r--p 00035000 08:01 37494590                   /usr/lib/x86_64-linux-gnu/libgstaudio-0.10.so.0.25.0
7f0611f10000-7f0611f12000 rw-p 00036000 08:01 37494590                   /usr/lib/x86_64-linux-gnu/libgstaudio-0.10.so.0.25.0
7f0611f12000-7f0611f8f000 r-xp 00000000 08:01 37494867                   /usr/lib/x86_64-linux-gnu/liborc-0.4.so.0.18.0
7f0611f8f000-7f061218e000 ---p 0007d000 08:01 37494867                   /usr/lib/x86_64-linux-gnu/liborc-0.4.so.0.18.0
7f061218e000-7f0612190000 r--p 0007c000 08:01 37494867                   /usr/lib/x86_64-linux-gnu/liborc-0.4.so.0.18.0
7f0612190000-7f0612194000 rw-p 0007e000 08:01 37494867                   /usr/lib/x86_64-linux-gnu/liborc-0.4.so.0.18.0
7f0612194000-7f06121e7000 r-xp 00000000 08:01 37494594                   /usr/lib/x86_64-linux-gnu/libgstbase-0.10.so.0.30.0
7f06121e7000-7f06123e6000 ---p 00053000 08:01 37494594                   /usr/lib/x86_64-linux-gnu/libgstbase-0.10.so.0.30.0
7f06123e6000-7f06123e7000 r--p 00052000 08:01 37494594                   /usr/lib/x86_64-linux-gnu/libgstbase-0.10.so.0.30.0
7f06123e7000-7f06123e8000 rw-p 00053000 08:01 37494594                   /usr/lib/x86_64-linux-gnu/libgstbase-0.10.so.0.30.0
7f06123e8000-7f0612425000 r-xp 00000000 08:01 4460466                    /lib/x86_64-linux-gnu/libpcre.so.3.13.1
7f0612425000-7f0612624000 ---p 0003d000 08:01 4460466                    /lib/x86_64-linux-gnu/libpcre.so.3.13.1
7f0612624000-7f0612625000 r--p 0003c000 08:01 4460466                    /lib/x86_64-linux-gnu/libpcre.so.3.13.1
7f0612625000-7f0612626000 rw-p 0003d000 08:01 4460466                    /lib/x86_64-linux-gnu/libpcre.so.3.13.1
7f0612626000-7f061262d000 r-xp 00000000 08:01 37494422                   /usr/lib/x86_64-linux-gnu/libffi.so.6.0.1
7f061262d000-7f061282c000 ---p 00007000 08:01 37494422                   /usr/lib/x86_64-linux-gnu/libffi.so.6.0.1
7f061282c000-7f061282d000 r--p 00006000 08:01 37494422                   /usr/lib/x86_64-linux-gnu/libffi.so.6.0.1
7f061282d000-7f061282e000 rw-p 00007000 08:01 37494422                   /usr/lib/x86_64-linux-gnu/libffi.so.6.0.1
7f061282e000-7f061298a000 r-xp 00000000 08:01 37503554                   /usr/lib/x86_64-linux-gnu/libxml2.so.2.9.1
7f061298a000-7f0612b8a000 ---p 0015c000 08:01 37503554                   /usr/lib/x86_64-linux-gnu/libxml2.so.2.9.1
7f0612b8a000-7f0612b92000 r--p 0015c000 08:01 37503554                   /usr/lib/x86_64-linux-gnu/libxml2.so.2.9.1
7f0612b92000-7f0612b94000 rw-p 00164000 08:01 37503554                   /usr/lib/x86_64-linux-gnu/libxml2.so.2.9.1
7f0612b94000-7f0612b95000 rw-p 00000000 00:00 0 
7f0612b95000-7f0612b98000 r-xp 00000000 08:01 37486956                   /usr/lib/x86_64-linux-gnu/libgmodule-2.0.so.0.4002.0
7f0612b98000-7f0612d97000 ---p 00003000 08:01 37486956                   /usr/lib/x86_64-linux-gnu/libgmodule-2.0.so.0.4002.0
7f0612d97000-7f0612d98000 r--p 00002000 08:01 37486956                   /usr/lib/x86_64-linux-gnu/libgmodule-2.0.so.0.4002.0
7f0612d98000-7f0612d99000 rw-p 00003000 08:01 37486956                   /usr/lib/x86_64-linux-gnu/libgmodule-2.0.so.0.4002.0
7f0612d99000-7f0612da4000 r-xp 00000000 08:01 37494742                   /usr/lib/x86_64-linux-gnu/libjbig.so.0
7f0612da4000-7f0612fa3000 ---p 0000b000 08:01 37494742                   /usr/lib/x86_64-linux-gnu/libjbig.so.0
7f0612fa3000-7f0612fa4000 r--p 0000a000 08:01 37494742                   /usr/lib/x86_64-linux-gnu/libjbig.so.0
7f0612fa4000-7f0612fa7000 rw-p 0000b000 08:01 37494742                   /usr/lib/x86_64-linux-gnu/libjbig.so.0
7f0612fa7000-7f0612fc8000 r-xp 00000000 08:01 4460460                    /lib/x86_64-linux-gnu/liblzma.so.5.0.0
7f0612fc8000-7f06131c7000 ---p 00021000 08:01 4460460                    /lib/x86_64-linux-gnu/liblzma.so.5.0.0
7f06131c7000-7f06131c8000 r--p 00020000 08:01 4460460                    /lib/x86_64-linux-gnu/liblzma.so.5.0.0
7f06131c8000-7f06131c9000 rw-p 00021000 08:01 4460460                    /lib/x86_64-linux-gnu/liblzma.so.5.0.0
7f06131c9000-7f06131d4000 r-xp 00000000 08:01 37489322                   /usr/lib/x86_64-linux-gnu/libdrm.so.2.4.0
7f06131d4000-7f06133d3000 ---p 0000b000 08:01 37489322                   /usr/lib/x86_64-linux-gnu/libdrm.so.2.4.0
7f06133d3000-7f06133d4000 r--p 0000a000 08:01 37489322                   /usr/lib/x86_64-linux-gnu/libdrm.so.2.4.0
7f06133d4000-7f06133d5000 rw-p 0000b000 08:01 37489322                   /usr/lib/x86_64-linux-gnu/libdrm.so.2.4.0
7f06133d5000-7f06133d9000 r-xp 00000000 08:01 37494195                   /usr/lib/x86_64-linux-gnu/libXxf86vm.so.1.0.0
7f06133d9000-7f06135d9000 ---p 00004000 08:01 37494195                   /usr/lib/x86_64-linux-gnu/libXxf86vm.so.1.0.0
7f06135d9000-7f06135da000 r--p 00004000 08:01 37494195                   /usr/lib/x86_64-linux-gnu/libXxf86vm.so.1.0.0
7f06135da000-7f06135db000 rw-p 00005000 08:01 37494195                   /usr/lib/x86_64-linux-gnu/libXxf86vm.so.1.0.0
7f06135db000-7f06135dc000 r-xp 00000000 08:01 37495224                   /usr/lib/x86_64-linux-gnu/libxshmfence.so.1.0.0
7f06135dc000-7f06137db000 ---p 00001000 08:01 37495224                   /usr/lib/x86_64-linux-gnu/libxshmfence.so.1.0.0
7f06137db000-7f06137dc000 r--p 00000000 08:01 37495224                   /usr/lib/x86_64-linux-gnu/libxshmfence.so.1.0.0
7f06137dc000-7f06137dd000 rw-p 00001000 08:01 37495224                   /usr/lib/x86_64-linux-gnu/libxshmfence.so.1.0.0
7f06137dd000-7f06137fa000 r-xp 00000000 08:01 37495214                   /usr/lib/x86_64-linux-gnu/libxcb.so.1.1.0
7f06137fa000-7f06139fa000 ---p 0001d000 08:01 37495214                   /usr/lib/x86_64-linux-gnu/libxcb.so.1.1.0
7f06139fa000-7f06139fb000 r--p 0001d000 08:01 37495214                   /usr/lib/x86_64-linux-gnu/libxcb.so.1.1.0
7f06139fb000-7f06139fc000 rw-p 0001e000 08:01 37495214                   /usr/lib/x86_64-linux-gnu/libxcb.so.1.1.0
7f06139fc000-7f0613a01000 r-xp 00000000 08:01 37495206                   /usr/lib/x86_64-linux-gnu/libxcb-sync.so.1.0.0
7f0613a01000-7f0613c00000 ---p 00005000 08:01 37495206                   /usr/lib/x86_64-linux-gnu/libxcb-sync.so.1.0.0
7f0613c00000-7f0613c01000 r--p 00004000 08:01 37495206                   /usr/lib/x86_64-linux-gnu/libxcb-sync.so.1.0.0
7f0613c01000-7f0613c02000 rw-p 00005000 08:01 37495206                   /usr/lib/x86_64-linux-gnu/libxcb-sync.so.1.0.0
7f0613c02000-7f0613c04000 r-xp 00000000 08:01 37495194                   /usr/lib/x86_64-linux-gnu/libxcb-present.so.0.0.0
7f0613c04000-7f0613e03000 ---p 00002000 08:01 37495194                   /usr/lib/x86_64-linux-gnu/libxcb-present.so.0.0.0
7f0613e03000-7f0613e04000 r--p 00001000 08:01 37495194                   /usr/lib/x86_64-linux-gnu/libxcb-present.so.0.0.0
7f0613e04000-7f0613e05000 rw-p 00002000 08:01 37495194                   /usr/lib/x86_64-linux-gnu/libxcb-present.so.0.0.0
7f0613e05000-7f0613e07000 r-xp 00000000 08:01 37495184                   /usr/lib/x86_64-linux-gnu/libxcb-dri3.so.0.0.0
7f0613e07000-7f0614006000 ---p 00002000 08:01 37495184                   /usr/lib/x86_64-linux-gnu/libxcb-dri3.so.0.0.0
7f0614006000-7f0614007000 r--p 00001000 08:01 37495184                   /usr/lib/x86_64-linux-gnu/libxcb-dri3.so.0.0.0
7f0614007000-7f0614008000 rw-p 00002000 08:01 37495184                   /usr/lib/x86_64-linux-gnu/libxcb-dri3.so.0.0.0
7f0614008000-7f061400b000 r-xp 00000000 08:01 37495182                   /usr/lib/x86_64-linux-gnu/libxcb-dri2.so.0.0.0
7f061400b000-7f061420b000 ---p 00003000 08:01 37495182                   /usr/lib/x86_64-linux-gnu/libxcb-dri2.so.0.0.0
7f061420b000-7f061420c000 r--p 00003000 08:01 37495182                   /usr/lib/x86_64-linux-gnu/libxcb-dri2.so.0.0.0
7f061420c000-7f061420d000 rw-p 00004000 08:01 37495182                   /usr/lib/x86_64-linux-gnu/libxcb-dri2.so.0.0.0
7f061420d000-7f0614222000 r-xp 00000000 08:01 37495186                   /usr/lib/x86_64-linux-gnu/libxcb-glx.so.0.0.0
7f0614222000-7f0614421000 ---p 00015000 08:01 37495186                   /usr/lib/x86_64-linux-gnu/libxcb-glx.so.0.0.0
7f0614421000-7f0614423000 r--p 00014000 08:01 37495186                   /usr/lib/x86_64-linux-gnu/libxcb-glx.so.0.0.0
7f0614423000-7f0614424000 rw-p 00016000 08:01 37495186                   /usr/lib/x86_64-linux-gnu/libxcb-glx.so.0.0.0
7f0614424000-7f0614554000 r-xp 00000000 08:01 37494140                   /usr/lib/x86_64-linux-gnu/libX11.so.6.3.0
7f0614554000-7f0614754000 ---p 00130000 08:01 37494140                   /usr/lib/x86_64-linux-gnu/libX11.so.6.3.0
7f0614754000-7f0614755000 r--p 00130000 08:01 37494140                   /usr/lib/x86_64-linux-gnu/libX11.so.6.3.0
7f0614755000-7f0614759000 rw-p 00131000 08:01 37494140                   /usr/lib/x86_64-linux-gnu/libX11.so.6.3.0
7f0614759000-7f061475a000 r-xp 00000000 08:01 37494138                   /usr/lib/x86_64-linux-gnu/libX11-xcb.so.1.0.0
7f061475a000-7f0614959000 ---p 00001000 08:01 37494138                   /usr/lib/x86_64-linux-gnu/libX11-xcb.so.1.0.0
7f0614959000-7f061495a000 r--p 00000000 08:01 37494138                   /usr/lib/x86_64-linux-gnu/libX11-xcb.so.1.0.0
7f061495a000-7f061495b000 rw-p 00001000 08:01 37494138                   /usr/lib/x86_64-linux-gnu/libX11-xcb.so.1.0.0
7f061495b000-7f0614960000 r-xp 00000000 08:01 37491842                   /usr/lib/x86_64-linux-gnu/libXfixes.so.3.1.0
7f0614960000-7f0614b5f000 ---p 00005000 08:01 37491842                   /usr/lib/x86_64-linux-gnu/libXfixes.so.3.1.0
7f0614b5f000-7f0614b60000 r--p 00004000 08:01 37491842                   /usr/lib/x86_64-linux-gnu/libXfixes.so.3.1.0
7f0614b60000-7f0614b61000 rw-p 00005000 08:01 37491842                   /usr/lib/x86_64-linux-gnu/libXfixes.so.3.1.0
7f0614b61000-7f0614b63000 r-xp 00000000 08:01 37494153                   /usr/lib/x86_64-linux-gnu/libXdamage.so.1.1.0
7f0614b63000-7f0614d62000 ---p 00002000 08:01 37494153                   /usr/lib/x86_64-linux-gnu/libXdamage.so.1.1.0
7f0614d62000-7f0614d63000 r--p 00001000 08:01 37494153                   /usr/lib/x86_64-linux-gnu/libXdamage.so.1.1.0
7f0614d63000-7f0614d64000 rw-p 00002000 08:01 37494153                   /usr/lib/x86_64-linux-gnu/libXdamage.so.1.1.0
7f0614d64000-7f0614d75000 r-xp 00000000 08:01 37491836                   /usr/lib/x86_64-linux-gnu/libXext.so.6.4.0
7f0614d75000-7f0614f74000 ---p 00011000 08:01 37491836                   /usr/lib/x86_64-linux-gnu/libXext.so.6.4.0
7f0614f74000-7f0614f75000 r--p 00010000 08:01 37491836                   /usr/lib/x86_64-linux-gnu/libXext.so.6.4.0
7f0614f75000-7f0614f76000 rw-p 00011000 08:01 37491836                   /usr/lib/x86_64-linux-gnu/libXext.so.6.4.0
7f0614f76000-7f0614f98000 r-xp 00000000 08:01 37489327                   /usr/lib/x86_64-linux-gnu/libglapi.so.0.0.0
7f0614f98000-7f0615198000 ---p 00022000 08:01 37489327                   /usr/lib/x86_64-linux-gnu/libglapi.so.0.0.0
7f0615198000-7f061519b000 r--p 00022000 08:01 37489327                   /usr/lib/x86_64-linux-gnu/libglapi.so.0.0.0
7f061519b000-7f061519c000 rw-p 00025000 08:01 37489327                   /usr/lib/x86_64-linux-gnu/libglapi.so.0.0.0
7f061519c000-7f061519d000 rw-p 00000000 00:00 0 
7f061519d000-7f06151f6000 r-xp 00000000 08:01 33164546                   /home/rajitha/opencv-3.0.0/build/lib/libopencv_flann.so.3.0.0
7f06151f6000-7f06153f5000 ---p 00059000 08:01 33164546                   /home/rajitha/opencv-3.0.0/build/lib/libopencv_flann.so.3.0.0
7f06153f5000-7f06153f8000 r--p 00058000 08:01 33164546                   /home/rajitha/opencv-3.0.0/build/lib/libopencv_flann.so.3.0.0
7f06153f8000-7f06153f9000 rw-p 0005b000 08:01 33164546                   /home/rajitha/opencv-3.0.0/build/lib/libopencv_flann.so.3.0.0
7f06153f9000-7f061543e000 r-xp 00000000 08:01 37492226                   /usr/lib/x86_64-linux-gnu/libswscale.so.2.1.1
7f061543e000-7f061563e000 ---p 00045000 08:01 37492226                   /usr/lib/x86_64-linux-gnu/libswscale.so.2.1.1
7f061563e000-7f061563f000 r--p 00045000 08:01 37492226                   /usr/lib/x86_64-linux-gnu/libswscale.so.2.1.1
7f061563f000-7f0615640000 rw-p 00046000 08:01 37492226                   /usr/lib/x86_64-linux-gnu/libswscale.so.2.1.1
7f0615640000-7f061565e000 r-xp 00000000 08:01 37503508                   /usr/lib/x86_64-linux-gnu/libavutil.so.52.3.0
7f061565e000-7f061585e000 ---p 0001e000 08:01 37503508                   /usr/lib/x86_64-linux-gnu/libavutil.so.52.3.0
7f061585e000-7f0615860000 r--p 0001e000 08:01 37503508                   /usr/lib/x86_64-linux-gnu/libavutil.so.52.3.0
7f0615860000-7f0615861000 rw-p 00020000 08:01 37503508                   /usr/lib/x86_64-linux-gnu/libavutil.so.52.3.0
7f0615861000-7f0615865000 rw-p 00000000 00:00 0 
7f0615865000-7f0615973000 r-xp 00000000 08:01 37492223                   /usr/lib/x86_64-linux-gnu/libavformat.so.54.20.4
7f0615973000-7f0615b72000 ---p 0010e000 08:01 37492223                   /usr/lib/x86_64-linux-gnu/libavformat.so.54.20.4
7f0615b72000-7f0615b7a000 r--p 0010d000 08:01 37492223                   /usr/lib/x86_64-linux-gnu/libavformat.so.54.20.4
7f0615b7a000-7f0615b87000 rw-p 00115000 08:01 37492223                   /usr/lib/x86_64-linux-gnu/libavformat.so.54.20.4
7f0615b87000-7f061613c000 r-xp 00000000 08:01 37492219                   /usr/lib/x86_64-linux-gnu/libavcodec.so.54.35.0
7f061613c000-7f061633b000 ---p 005b5000 08:01 37492219                   /usr/lib/x86_64-linux-gnu/libavcodec.so.54.35.0
7f061633b000-7f061634e000 r--p 005b4000 08:01 37492219                   /usr/lib/x86_64-linux-gnu/libavcodec.so.54.35.0
7f061634e000-7f0616366000 rw-p 005c7000 08:01 37492219                   /usr/lib/x86_64-linux-gnu/libavcodec.so.54.35.0
7f0616366000-7f06168dc000 rw-p 00000000 00:00 0 
7f06168dc000-7f06168e5000 r-xp 00000000 08:01 37495131                   /usr/lib/x86_64-linux-gnu/libv4l2.so.0.0.0
7f06168e5000-7f0616ae4000 ---p 00009000 08:01 37495131                   /usr/lib/x86_64-linux-gnu/libv4l2.so.0.0.0
7f0616ae4000-7f0616ae5000 r--p 00008000 08:01 37495131                   /usr/lib/x86_64-linux-gnu/libv4l2.so.0.0.0
7f0616ae5000-7f0616aea000 rw-p 00009000 08:01 37495131                   /usr/lib/x86_64-linux-gnu/libv4l2.so.0.0.0
7f0616aea000-7f0616aef000 r-xp 00000000 08:01 37495129                   /usr/lib/x86_64-linux-gnu/libv4l1.so.0.0.0
7f0616aef000-7f0616cee000 ---p 00005000 08:01 37495129                   /usr/lib/x86_64-linux-gnu/libv4l1.so.0.0.0
7f0616cee000-7f0616cef000 r--p 00004000 08:01 37495129                   /usr/lib/x86_64-linux-gnu/libv4l1.so.0.0.0
7f0616cef000-7f0616cf0000 rw-p 00005000 08:01 37495129                   /usr/lib/x86_64-linux-gnu/libv4l1.so.0.0.0
7f0616cf0000-7f0616d22000 r-xp 00000000 08:01 37496346                   /usr/lib/x86_64-linux-gnu/libdc1394.so.22.1.8
7f0616d22000-7f0616f22000 ---p 00032000 08:01 37496346                   /usr/lib/x86_64-linux-gnu/libdc1394.so.22.1.8
7f0616f22000-7f0616f23000 r--p 00032000 08:01 37496346                   /usr/lib/x86_64-linux-gnu/libdc1394.so.22.1.8
7f0616f23000-7f0616f24000 rw-p 00033000 08:01 37496346                   /usr/lib/x86_64-linux-gnu/libdc1394.so.22.1.8
7f0616f24000-7f0616f64000 rw-p 00000000 00:00 0 
7f0616f64000-7f0616f86000 r-xp 00000000 08:01 37494626                   /usr/lib/x86_64-linux-gnu/libgstpbutils-0.10.so.0.25.0
7f0616f86000-7f0617185000 ---p 00022000 08:01 37494626                   /usr/lib/x86_64-linux-gnu/libgstpbutils-0.10.so.0.25.0
7f0617185000-7f0617187000 r--p 00021000 08:01 37494626                   /usr/lib/x86_64-linux-gnu/libgstpbutils-0.10.so.0.25.0
7f0617187000-7f0617188000 rw-p 00023000 08:01 37494626                   /usr/lib/x86_64-linux-gnu/libgstpbutils-0.10.so.0.25.0
7f0617188000-7f0617194000 r-xp 00000000 08:01 37494638                   /usr/lib/x86_64-linux-gnu/libgstriff-0.10.so.0.25.0
7f0617194000-7f0617393000 ---p 0000c000 08:01 37494638                   /usr/lib/x86_64-linux-gnu/libgstriff-0.10.so.0.25.0
7f0617393000-7f0617394000 r--p 0000b000 08:01 37494638                   /usr/lib/x86_64-linux-gnu/libgstriff-0.10.so.0.25.0
7f0617394000-7f0617395000 rw-p 0000c000 08:01 37494638                   /usr/lib/x86_64-linux-gnu/libgstriff-0.10.so.0.25.0
7f0617395000-7f06173a0000 r-xp 00000000 08:01 37494586                   /usr/lib/x86_64-linux-gnu/libgstapp-0.10.so.0.25.0
7f06173a0000-7f061759f000 ---p 0000b000 08:01 37494586                   /usr/lib/x86_64-linux-gnu/libgstapp-0.10.so.0.25.0
7f061759f000-7f06175a0000 r--p 0000a000 08:01 37494586                   /usr/lib/x86_64-linux-gnu/libgstapp-0.10.so.0.25.0
7f06175a0000-7f06175a1000 rw-p 0000b000 08:01 37494586                   /usr/lib/x86_64-linux-gnu/libgstapp-0.10.so.0.25.0
7f06175a1000-7f06175bb000 r-xp 00000000 08:01 37494658                   /usr/lib/x86_64-linux-gnu/libgstvideo-0.10.so.0.25.0
7f06175bb000-7f06177bb000 ---p 0001a000 08:01 37494658                   /usr/lib/x86_64-linux-gnu/libgstvideo-0.10.so.0.25.0
7f06177bb000-7f06177bc000 r--p 0001a000 08:01 37494658                   /usr/lib/x86_64-linux-gnu/libgstvideo-0.10.so.0.25.0
7f06177bc000-7f06177bd000 rw-p 0001b000 08:01 37494658                   /usr/lib/x86_64-linux-gnu/libgstvideo-0.10.so.0.25.0
7f06177bd000-7f06178c3000 r-xp 00000000 08:01 4460377                    /lib/x86_64-linux-gnu/libglib-2.0.so.0.4002.0
7f06178c3000-7f0617ac2000 ---p 00106000 08:01 4460377                    /lib/x86_64-linux-gnu/libglib-2.0.so.0.4002.0
7f0617ac2000-7f0617ac3000 r--p 00105000 08:01 4460377                    /lib/x86_64-linux-gnu/libglib-2.0.so.0.4002.0
7f0617ac3000-7f0617ac4000 rw-p 00106000 08:01 4460377                    /lib/x86_64-linux-gnu/libglib-2.0.so.0.4002.0
7f0617ac4000-7f0617ac5000 rw-p 00000000 00:00 0 
7f0617ac5000-7f0617b14000 r-xp 00000000 08:01 37486974                   /usr/lib/x86_64-linux-gnu/libgobject-2.0.so.0.4002.0
7f0617b14000-7f0617d14000 ---p 0004f000 08:01 37486974                   /usr/lib/x86_64-linux-gnu/libgobject-2.0.so.0.4002.0
7f0617d14000-7f0617d15000 r--p 0004f000 08:01 37486974                   /usr/lib/x86_64-linux-gnu/libgobject-2.0.so.0.4002.0
7f0617d15000-7f0617d16000 rw-p 00050000 08:01 37486974                   /usr/lib/x86_64-linux-gnu/libgobject-2.0.so.0.4002.0
7f0617d16000-7f0617df8000 r-xp 00000000 08:01 37494634                   /usr/lib/x86_64-linux-gnu/libgstreamer-0.10.so.0.30.0
7f0617df8000-7f0617ff7000 ---p 000e2000 08:01 37494634                   /usr/lib/x86_64-linux-gnu/libgstreamer-0.10.so.0.30.0
7f0617ff7000-7f0617ffc000 r--p 000e1000 08:01 37494634                   /usr/lib/x86_64-linux-gnu/libgstreamer-0.10.so.0.30.0
7f0617ffc000-7f0617ffe000 rw-p 000e6000 08:01 37494634                   /usr/lib/x86_64-linux-gnu/libgstreamer-0.10.so.0.30.0
7f0617ffe000-7f0618000000 rw-p 00000000 00:00 0 
7f0618000000-7f0618021000 rw-p 00000000 00:00 0 
7f0618021000-7f061c000000 ---p 00000000 00:00 0 
7f061c070000-7f061c0bc000 r-xp 00000000 08:01 37491868                   /usr/lib/x86_64-linux-gnu/libjasper.so.1.0.0
7f061c0bc000-7f061c2bb000 ---p 0004c000 08:01 37491868                   /usr/lib/x86_64-linux-gnu/libjasper.so.1.0.0
7f061c2bb000-7f061c2bc000 r--p 0004b000 08:01 37491868                   /usr/lib/x86_64-linux-gnu/libjasper.so.1.0.0
7f061c2bc000-7f061c2c0000 rw-p 0004c000 08:01 37491868                   /usr/lib/x86_64-linux-gnu/libjasper.so.1.0.0
7f061c2c0000-7f061c2c7000 rw-p 00000000 00:00 0 
7f061c2c7000-7f061c335000 r-xp 00000000 08:01 37487670                   /usr/lib/x86_64-linux-gnu/libtiff.so.5.2.0
7f061c335000-7f061c535000 ---p 0006e000 08:01 37487670                   /usr/lib/x86_64-linux-gnu/libtiff.so.5.2.0
7f061c535000-7f061c536000 r--p 0006e000 08:01 37487670                   /usr/lib/x86_64-linux-gnu/libtiff.so.5.2.0
7f061c536000-7f061c539000 rw-p 0006f000 08:01 37487670                   /usr/lib/x86_64-linux-gnu/libtiff.so.5.2.0
7f061c539000-7f061c55e000 r-xp 00000000 08:01 4456629                    /lib/x86_64-linux-gnu/libpng12.so.0.50.0
7f061c55e000-7f061c75d000 ---p 00025000 08:01 4456629                    /lib/x86_64-linux-gnu/libpng12.so.0.50.0
7f061c75d000-7f061c75e000 r--p 00024000 08:01 4456629                    /lib/x86_64-linux-gnu/libpng12.so.0.50.0
7f061c75e000-7f061c75f000 rw-p 00025000 08:01 4456629                    /lib/x86_64-linux-gnu/libpng12.so.0.50.0
7f061c75f000-7f061c7a2000 r-xp 00000000 08:01 37494744                   /usr/lib/x86_64-linux-gnu/libjpeg.so.8.0.2
7f061c7a2000-7f061c9a2000 ---p 00043000 08:01 37494744                   /usr/lib/x86_64-linux-gnu/libjpeg.so.8.0.2
7f061c9a2000-7f061c9a3000 r--p 00043000 08:01 37494744                   /usr/lib/x86_64-linux-gnu/libjpeg.so.8.0.2
7f061c9a3000-7f061c9a4000 rw-p 00044000 08:01 37494744                   /usr/lib/x86_64-linux-gnu/libjpeg.so.8.0.2
7f061c9a4000-7f061c9b4000 rw-p 00000000 00:00 0 
7f061c9b4000-7f061c9e3000 r-xp 00000000 08:01 37503139                   /usr/lib/libtbb.so.2
7f061c9e3000-7f061cbe2000 ---p 0002f000 08:01 37503139                   /usr/lib/libtbb.so.2
7f061cbe2000-7f061cbe4000 r--p 0002e000 08:01 37503139                   /usr/lib/libtbb.so.2
7f061cbe4000-7f061cbe6000 rw-p 00030000 08:01 37503139                   /usr/lib/libtbb.so.2
7f061cbe6000-7f061cbe8000 rw-p 00000000 00:00 0 
7f061cbe8000-7f061cc4a000 r-xp 00000000 08:01 37886345                   /usr/lib/x86_64-linux-gnu/mesa/libGL.so.1.2.0
7f061cc4a000-7f061ce49000 ---p 00062000 08:01 37886345                   /usr/lib/x86_64-linux-gnu/mesa/libGL.so.1.2.0
7f061ce49000-7f061ce4c000 r--p 00061000 08:01 37886345                   /usr/lib/x86_64-linux-gnu/mesa/libGL.so.1.2.0
7f061ce4c000-7f061ce4d000 rw-p 00064000 08:01 37886345                   /usr/lib/x86_64-linux-gnu/mesa/libGL.so.1.2.0
7f061ce4d000-7f061ce4e000 rw-p 00000000 00:00 0 
7f061ce4e000-7f061ce66000 r-xp 00000000 08:01 4460576                    /lib/x86_64-linux-gnu/libz.so.1.2.8
7f061ce66000-7f061d065000 ---p 00018000 08:01 4460576                    /lib/x86_64-linux-gnu/libz.so.1.2.8
7f061d065000-7f061d066000 r--p 00017000 08:01 4460576                    /lib/x86_64-linux-gnu/libz.so.1.2.8
7f061d066000-7f061d067000 rw-p 00018000 08:01 4460576                    /lib/x86_64-linux-gnu/libz.so.1.2.8
7f061d067000-7f061d07d000 r-xp 00000000 08:01 4456467                    /lib/x86_64-linux-gnu/libgcc_s.so.1
7f061d07d000-7f061d27c000 ---p 00016000 08:01 4456467                    /lib/x86_64-linux-gnu/libgcc_s.so.1
7f061d27c000-7f061d27d000 rw-p 00015000 08:01 4456467                    /lib/x86_64-linux-gnu/libgcc_s.so.1
7f061d27d000-7f061d363000 r-xp 00000000 08:01 37488995                   /usr/lib/x86_64-linux-gnu/libstdc++.so.6.0.19
7f061d363000-7f061d562000 ---p 000e6000 08:01 37488995                   /usr/lib/x86_64-linux-gnu/libstdc++.so.6.0.19
7f061d562000-7f061d56a000 r--p 000e5000 08:01 37488995                   /usr/lib/x86_64-linux-gnu/libstdc++.so.6.0.19
7f061d56a000-7f061d56c000 rw-p 000ed000 08:01 37488995                   /usr/lib/x86_64-linux-gnu/libstdc++.so.6.0.19
7f061d56c000-7f061d581000 rw-p 00000000 00:00 0 
7f061d581000-7f061d6ef000 r-xp 00000000 08:01 33165146                   /home/rajitha/opencv-3.0.0/build/lib/libopencv_calib3d.so.3.0.0
7f061d6ef000-7f061d8ee000 ---p 0016e000 08:01 33165146                   /home/rajitha/opencv-3.0.0/build/lib/libopencv_calib3d.so.3.0.0
7f061d8ee000-7f061d8f0000 r--p 0016d000 08:01 33165146                   /home/rajitha/opencv-3.0.0/build/lib/libopencv_calib3d.so.3.0.0
7f061d8f0000-7f061d8f1000 rw-p 0016f000 08:01 33165146                   /home/rajitha/opencv-3.0.0/build/lib/libopencv_calib3d.so.3.0.0
7f061d8f1000-7f061d9c1000 r-xp 00000000 08:01 33165065                   /home/rajitha/opencv-3.0.0/build/lib/libopencv_features2d.so.3.0.0
7f061d9c1000-7f061dbc0000 ---p 000d0000 08:01 33165065                   /home/rajitha/opencv-3.0.0/build/lib/libopencv_features2d.so.3.0.0
7f061dbc0000-7f061dbc5000 r--p 000cf000 08:01 33165065                   /home/rajitha/opencv-3.0.0/build/lib/libopencv_features2d.so.3.0.0
7f061dbc5000-7f061dbc7000 rw-p 000d4000 08:01 33165065                   /home/rajitha/opencv-3.0.0/build/lib/libopencv_features2d.so.3.0.0
7f061dbc7000-7f061dc31000 r-xp 00000000 08:01 33164968                   /home/rajitha/opencv-3.0.0/build/lib/libopencv_objdetect.so.3.0.0
7f061dc31000-7f061de31000 ---p 0006a000 08:01 33164968                   /home/rajitha/opencv-3.0.0/build/lib/libopencv_objdetect.so.3.0.0
7f061de31000-7f061de32000 r--p 0006a000 08:01 33164968                   /home/rajitha/opencv-3.0.0/build/lib/libopencv_objdetect.so.3.0.0
7f061de32000-7f061de33000 rw-p 0006b000 08:01 33164968                   /home/rajitha/opencv-3.0.0/build/lib/libopencv_objdetect.so.3.0.0
7f061de33000-7f061de63000 r-xp 00000000 08:01 33164407                   /home/rajitha/opencv-3.0.0/build/lib/libopencv_videoio.so.3.0.0
7f061de63000-7f061e063000 ---p 00030000 08:01 33164407                   /home/rajitha/opencv-3.0.0/build/lib/libopencv_videoio.so.3.0.0
7f061e063000-7f061e064000 r--p 00030000 08:01 33164407                   /home/rajitha/opencv-3.0.0/build/lib/libopencv_videoio.so.3.0.0
7f061e064000-7f061e065000 rw-p 00031000 08:01 33164407                   /home/rajitha/opencv-3.0.0/build/lib/libopencv_videoio.so.3.0.0
7f061e065000-7f061e067000 rw-p 00000000 00:00 0 
7f061e067000-7f061e1cf000 r-xp 00000000 08:01 33164378                   /home/rajitha/opencv-3.0.0/build/lib/libopencv_imgcodecs.so.3.0.0
7f061e1cf000-7f061e3cf000 ---p 00168000 08:01 33164378                   /home/rajitha/opencv-3.0.0/build/lib/libopencv_imgcodecs.so.3.0.0
7f061e3cf000-7f061e3d6000 r--p 00168000 08:01 33164378                   /home/rajitha/opencv-3.0.0/build/lib/libopencv_imgcodecs.so.3.0.0
7f061e3d6000-7f061e3d7000 rw-p 0016f000 08:01 33164378                   /home/rajitha/opencv-3.0.0/build/lib/libopencv_imgcodecs.so.3.0.0
7f061e3d7000-7f061e3db000 rw-p 00000000 00:00 0 
7f061e3db000-7f061f0b0000 r-xp 00000000 08:01 33164305                   /home/rajitha/opencv-3.0.0/build/lib/libopencv_imgproc.so.3.0.0
7f061f0b0000-7f061f2af000 ---p 00cd5000 08:01 33164305                   /home/rajitha/opencv-3.0.0/build/lib/libopencv_imgproc.so.3.0.0
7f061f2af000-7f061f2bd000 r--p 00cd4000 08:01 33164305                   /home/rajitha/opencv-3.0.0/build/lib/libopencv_imgproc.so.3.0.0
7f061f2bd000-7f061f2d5000 rw-p 00ce2000 08:01 33164305                   /home/rajitha/opencv-3.0.0/build/lib/libopencv_imgproc.so.3.0.0
7f061f2d5000-7f061f36b000 rw-p 00000000 00:00 0 
7f061f36b000-7f061fdc2000 r-xp 00000000 08:01 33164296                   /home/rajitha/opencv-3.0.0/build/lib/libopencv_core.so.3.0.0
7f061fdc2000-7f061ffc1000 ---p 00a57000 08:01 33164296                   /home/rajitha/opencv-3.0.0/build/lib/libopencv_core.so.3.0.0
7f061ffc1000-7f061ffd1000 r--p 00a56000 08:01 33164296                   /home/rajitha/opencv-3.0.0/build/lib/libopencv_core.so.3.0.0
7f061ffd1000-7f061fffd000 rw-p 00a66000 08:01 33164296                   /home/rajitha/opencv-3.0.0/build/lib/libopencv_core.so.3.0.0
7f061fffd000-7f0620000000 rw-p 00000000 00:00 0 
7f0620000000-7f0620021000 rw-p 00000000 00:00 0 
7f0620021000-7f0624000000 ---p 00000000 00:00 0 
7f0624000000-7f0624021000 rw-p 00000000 00:00 0 
7f0624021000-7f0628000000 ---p 00000000 00:00 0 
7f0628000000-7f0628079000 rw-p 00000000 00:00 0 
7f0628079000-7f062c000000 ---p 00000000 00:00 0 
7f062c000000-7f062c0b4000 rw-p 00000000 00:00 0 
7f062c0b4000-7f0630000000 ---p 00000000 00:00 0 
7f0630000000-7f0630021000 rw-p 00000000 00:00 0 
7f0630021000-7f0634000000 ---p 00000000 00:00 0 
7f0634000000-7f0634038000 rw-p 00000000 00:00 0 
7f0634038000-7f0638000000 ---p 00000000 00:00 0 
7f0638000000-7f0638021000 rw-p 00000000 00:00 0 
7f0638021000-7f063c000000 ---p 00000000 00:00 0 
7f063c000000-7f063c021000 rw-p 00000000 00:00 0 
7f063c021000-7f0640000000 ---p 00000000 00:00 0 
7f0640000000-7f0640021000 rw-p 00000000 00:00 0 
7f0640021000-7f0644000000 ---p 00000000 00:00 0 
7f0644000000-7f0644021000 rw-p 00000000 00:00 0 
7f0644021000-7f0648000000 ---p 00000000 00:00 0 
7f064813f000-7f0648146000 r--s 00000000 08:01 37885863                   /usr/lib/x86_64-linux-gnu/gconv/gconv-modules.cache
7f0648146000-7f0648166000 rw-p 00000000 00:00 0 
7f0648166000-7f06481cd000 r-xp 00000000 08:01 33164785                   /home/rajitha/opencv-3.0.0/build/lib/libopencv_video.so.3.0.0
7f06481cd000-7f06483cd000 ---p 00067000 08:01 33164785                   /home/rajitha/opencv-3.0.0/build/lib/libopencv_video.so.3.0.0
7f06483cd000-7f06483ce000 r--p 00067000 08:01 33164785                   /home/rajitha/opencv-3.0.0/build/lib/libopencv_video.so.3.0.0
7f06483ce000-7f06483cf000 rw-p 00068000 08:01 33164785                   /home/rajitha/opencv-3.0.0/build/lib/libopencv_video.so.3.0.0
7f06483cf000-7f06484a6000 r-xp 00000000 08:01 33164720                   /home/rajitha/opencv-3.0.0/build/lib/libopencv_photo.so.3.0.0
7f06484a6000-7f06486a6000 ---p 000d7000 08:01 33164720                   /home/rajitha/opencv-3.0.0/build/lib/libopencv_photo.so.3.0.0
7f06486a6000-7f06486a9000 r--p 000d7000 08:01 33164720                   /home/rajitha/opencv-3.0.0/build/lib/libopencv_photo.so.3.0.0
7f06486a9000-7f06486aa000 rw-p 000da000 08:01 33164720                   /home/rajitha/opencv-3.0.0/build/lib/libopencv_photo.so.3.0.0
7f06486aa000-7f064875f000 r-xp 00000000 08:01 33164674                   /home/rajitha/opencv-3.0.0/build/lib/libopencv_ml.so.3.0.0
7f064875f000-7f064895f000 ---p 000b5000 08:01 33164674                   /home/rajitha/opencv-3.0.0/build/lib/libopencv_ml.so.3.0.0
7f064895f000-7f0648962000 r--p 000b5000 08:01 33164674                   /home/rajitha/opencv-3.0.0/build/lib/libopencv_ml.so.3.0.0
7f0648962000-7f0648963000 rw-p 000b8000 08:01 33164674                   /home/rajitha/opencv-3.0.0/build/lib/libopencv_ml.so.3.0.0
7f0648963000-7f0648a10000 r-xp 00000000 08:01 33165734                   /home/rajitha/opencv-3.0.0/build/lib/libopencv_java300.so
7f0648a10000-7f0648c10000 ---p 000ad000 08:01 33165734                   /home/rajitha/opencv-3.0.0/build/lib/libopencv_java300.so
7f0648c10000-7f0648c11000 r--p 000ad000 08:01 33165734                   /home/rajitha/opencv-3.0.0/build/lib/libopencv_java300.so
7f0648c11000-7f0648c12000 rw-p 000ae000 08:01 33165734                   /home/rajitha/opencv-3.0.0/build/lib/libopencv_java300.so
7f0648c12000-7f0648c43000 rw-p 00000000 00:00 0 
7f0648c43000-7f0648c59000 r-xp 00000000 08:01 1967824                    /home/rajitha/jdk1.8.0_40/jre/lib/amd64/libnet.so
7f0648c59000-7f0648e59000 ---p 00016000 08:01 1967824                    /home/rajitha/jdk1.8.0_40/jre/lib/amd64/libnet.so
7f0648e59000-7f0648e5a000 rw-p 00016000 08:01 1967824                    /home/rajitha/jdk1.8.0_40/jre/lib/amd64/libnet.so
7f0648e5a000-7f0648f5b000 rwxp 00000000 00:00 0                          [stack:14348]
7f0648f5b000-7f0648f5c000 r-xp 00000000 08:01 32774857                   /home/rajitha/Downloads/idea-IC-143.2287.1/bin/libbreakgen64.so
7f0648f5c000-7f064915b000 ---p 00001000 08:01 32774857                   /home/rajitha/Downloads/idea-IC-143.2287.1/bin/libbreakgen64.so
7f064915b000-7f064915c000 r--p 00000000 08:01 32774857                   /home/rajitha/Downloads/idea-IC-143.2287.1/bin/libbreakgen64.so
7f064915c000-7f064915d000 rw-p 00001000 08:01 32774857                   /home/rajitha/Downloads/idea-IC-143.2287.1/bin/libbreakgen64.so
7f064915d000-7f064915f000 r--s 0001e000 08:01 32774048                   /home/rajitha/Downloads/idea-IC-143.2287.1/lib/idea_rt.jar
7f064915f000-7f0649161000 r--s 00006000 08:01 37887291                   /usr/share/java/jmagick-6.6.9.jar
7f0649161000-7f064916b000 r--s 00089000 08:01 32902844                   /home/rajitha/Tess_jars/xmlgraphics-commons-1.5.jar
7f064916b000-7f0649170000 r--s 00035000 08:01 32901426                   /home/rajitha/Tess_jars/commons-beanutils-1.9.2.jar
7f0649170000-7f0649176000 r--s 0003f000 08:01 32902838                   /home/rajitha/Tess_jars/logback-classic-1.1.3.jar
7f0649176000-7f0649178000 r--s 00000000 08:01 32902834                   /home/rajitha/Tess_jars/jul-to-slf4j-1.7.13.jar
7f0649178000-7f064917a000 r--s 0000e000 08:01 32902828                   /home/rajitha/Tess_jars/commons-logging-1.2.jar
7f064917a000-7f0649185000 r--s 00065000 08:01 32902839                   /home/rajitha/Tess_jars/logback-core-1.1.3.jar
7f0649185000-7f0649187000 r--s 0000a000 08:01 32902830                   /home/rajitha/Tess_jars/hamcrest-core-1.3.jar
7f0649187000-7f064918b000 r--s 00015000 08:01 32902842                   /home/rajitha/Tess_jars/rococoa-core-0.5.jar
7f064918b000-7f064918f000 r--s 0002a000 08:01 32902827                   /home/rajitha/Tess_jars/commons-io-2.4.jar
7f064918f000-7f0649194000 r--s 00028000 08:01 32902829                   /home/rajitha/Tess_jars/ghost4j-1.0.0.jar
7f0649194000-7f064919d000 r--s 0006f000 08:01 32902837                   /home/rajitha/Tess_jars/log4j-1.2.17.jar
7f064919d000-7f06491ae000 r--s 00106000 08:01 32902832                   /home/rajitha/Tess_jars/jai_imageio.jar
7f06491ae000-7f0649225000 r--s 0071d000 08:01 32902612                   /home/rajitha/OpenSoft2016/OpenSoft2016/lib/pdfbox-app-2.0.0-RC3.jar
7f0649225000-7f0649226000 ---p 00000000 00:00 0 
7f0649226000-7f0649427000 rwxp 00000000 00:00 0                          [stack:14335]
7f0649427000-7f0649428000 ---p 00000000 00:00 0 
7f0649428000-7f0649528000 rwxp 00000000 00:00 0                          [stack:14334]
7f0649528000-7f0649529000 ---p 00000000 00:00 0 
7f0649529000-7f0649629000 rwxp 00000000 00:00 0                          [stack:14333]
7f0649629000-7f064962a000 ---p 00000000 00:00 0 
7f064962a000-7f064982b000 rwxp 00000000 00:00 0                          [stack:14331]
7f064982b000-7f0649f0d000 r--p 00000000 08:01 37493255                   /usr/lib/locale/locale-archive
7f0649f0d000-7f064a10f000 rwxp 00000000 00:00 0                          [stack:14323]
7f064a10f000-7f064a110000 ---p 00000000 00:00 0 
7f064a110000-7f064a210000 rwxp 00000000 00:00 0                          [stack:14322]
7f064a210000-7f064c000000 rw-p 00000000 00:00 0 
7f064c000000-7f064c021000 rw-p 00000000 00:00 0 
7f064c021000-7f0650000000 ---p 00000000 00:00 0 
7f0650000000-7f0650021000 rw-p 00000000 00:00 0 
7f0650021000-7f0654000000 ---p 00000000 00:00 0 
7f0654000000-7f0654021000 rw-p 00000000 00:00 0 
7f0654021000-7f0658000000 ---p 00000000 00:00 0 
7f0658000000-7f0658002000 r--s 00007000 08:01 32902843                   /home/rajitha/Tess_jars/slf4j-api-1.7.13.jar
7f0658002000-7f0658007000 r--s 00470000 08:01 32902836                   /home/rajitha/Tess_jars/lept4j-1.0.1.jar
7f0658007000-7f0658013000 r--s 00108000 08:01 32902831                   /home/rajitha/Tess_jars/itext-2.1.7.jar
7f0658013000-7f065801b000 r--s 00046000 08:01 32902835                   /home/rajitha/Tess_jars/junit-4.12.jar
7f065801b000-7f065801f000 r--s 00112000 08:01 32902833                   /home/rajitha/Tess_jars/jna.jar
7f065801f000-7f0658024000 r--s 00045000 08:01 32902621                   /home/rajitha/OpenSoft2016/OpenSoft2016/lib/opencv-300.jar
7f0658024000-7f0658026000 r--s 020f8000 08:01 32902587                   /home/rajitha/OpenSoft2016/OpenSoft2016/lib/tess4j-3.0.jar
7f0658026000-7f0658039000 r--s 00344000 08:01 1967695                    /home/rajitha/jdk1.8.0_40/jre/lib/resources.jar
7f0658039000-7f065804c000 r--s 000d1000 08:01 1967758                    /home/rajitha/jdk1.8.0_40/jre/lib/plugin.jar
7f065804c000-7f0658051000 r--s 00094000 08:01 1967935                    /home/rajitha/jdk1.8.0_40/jre/lib/jsse.jar
7f0658051000-7f0658053000 r--s 00007000 08:01 1967903                    /home/rajitha/jdk1.8.0_40/jre/lib/jfxswt.jar
7f0658053000-7f065806d000 r--s 001eb000 08:01 1967759                    /home/rajitha/jdk1.8.0_40/jre/lib/deploy.jar
7f065806d000-7f0659000000 rw-p 00000000 00:00 0 
7f0659000000-7f0659270000 rwxp 00000000 00:00 0 
7f0659270000-7f0668000000 ---p 00000000 00:00 0 
7f0668000000-7f06685d4000 rw-p 00000000 00:00 0 
7f06685d4000-7f066c000000 ---p 00000000 00:00 0 
7f066c001000-7f066c006000 r--s 00083000 08:01 1967951                    /home/rajitha/jdk1.8.0_40/jre/lib/jfr.jar
7f066c006000-7f066c010000 r--s 00067000 08:01 1967769                    /home/rajitha/jdk1.8.0_40/jre/lib/javaws.jar
7f066c010000-7f066c031000 rw-p 00000000 00:00 0 
7f066c031000-7f066c209000 r--s 03d09000 08:01 1967964                    /home/rajitha/jdk1.8.0_40/jre/lib/rt.jar
7f066c209000-7f066c6ff000 rw-p 00000000 00:00 0 
7f066c6ff000-7f066ca7f000 ---p 00000000 00:00 0 
7f066ca7f000-7f066cc5e000 rw-p 00000000 00:00 0 
7f066cc5e000-7f066cc5f000 ---p 00000000 00:00 0 
7f066cc5f000-7f066cd5f000 rwxp 00000000 00:00 0                          [stack:14321]
7f066cd5f000-7f066cd60000 ---p 00000000 00:00 0 
7f066cd60000-7f066ce60000 rwxp 00000000 00:00 0                          [stack:14320]
7f066ce60000-7f066ce61000 ---p 00000000 00:00 0 
7f066ce61000-7f066cf61000 rwxp 00000000 00:00 0                          [stack:14319]
7f066cf61000-7f066cf62000 ---p 00000000 00:00 0 
7f066cf62000-7f066d062000 rwxp 00000000 00:00 0                          [stack:14318]
7f066d062000-7f066d076000 rw-p 00000000 00:00 0 
7f066d076000-7f066d1a2000 ---p 00000000 00:00 0 
7f066d1a2000-7f066d1b6000 rw-p 00000000 00:00 0 
7f066d1b6000-7f066d2e1000 ---p 00000000 00:00 0 
7f066d2e1000-7f066d31b000 rw-p 00000000 00:00 0 
7f066d31b000-7f066d381000 ---p 00000000 00:00 0 
7f066d381000-7f066d38c000 rw-p 00000000 00:00 0 
7f066d38c000-7f066d742000 ---p 00000000 00:00 0 
7f066d742000-7f066d75c000 r-xp 00000000 08:01 1967822                    /home/rajitha/jdk1.8.0_40/jre/lib/amd64/libzip.so
7f066d75c000-7f066d95c000 ---p 0001a000 08:01 1967822                    /home/rajitha/jdk1.8.0_40/jre/lib/amd64/libzip.so
7f066d95c000-7f066d95d000 rw-p 0001a000 08:01 1967822                    /home/rajitha/jdk1.8.0_40/jre/lib/amd64/libzip.so
7f066d95d000-7f066d968000 r-xp 00000000 08:01 4461004                    /lib/x86_64-linux-gnu/libnss_files-2.19.so
7f066d968000-7f066db67000 ---p 0000b000 08:01 4461004                    /lib/x86_64-linux-gnu/libnss_files-2.19.so
7f066db67000-7f066db68000 r--p 0000a000 08:01 4461004                    /lib/x86_64-linux-gnu/libnss_files-2.19.so
7f066db68000-7f066db69000 rw-p 0000b000 08:01 4461004                    /lib/x86_64-linux-gnu/libnss_files-2.19.so
7f066db69000-7f066db74000 r-xp 00000000 08:01 4461024                    /lib/x86_64-linux-gnu/libnss_nis-2.19.so
7f066db74000-7f066dd73000 ---p 0000b000 08:01 4461024                    /lib/x86_64-linux-gnu/libnss_nis-2.19.so
7f066dd73000-7f066dd74000 r--p 0000a000 08:01 4461024                    /lib/x86_64-linux-gnu/libnss_nis-2.19.so
7f066dd74000-7f066dd75000 rw-p 0000b000 08:01 4461024                    /lib/x86_64-linux-gnu/libnss_nis-2.19.so
7f066dd75000-7f066dd8c000 r-xp 00000000 08:01 4461013                    /lib/x86_64-linux-gnu/libnsl-2.19.so
7f066dd8c000-7f066df8b000 ---p 00017000 08:01 4461013                    /lib/x86_64-linux-gnu/libnsl-2.19.so
7f066df8b000-7f066df8c000 r--p 00016000 08:01 4461013                    /lib/x86_64-linux-gnu/libnsl-2.19.so
7f066df8c000-7f066df8d000 rw-p 00017000 08:01 4461013                    /lib/x86_64-linux-gnu/libnsl-2.19.so
7f066df8d000-7f066df8f000 rw-p 00000000 00:00 0 
7f066df8f000-7f066df98000 r-xp 00000000 08:01 4461012                    /lib/x86_64-linux-gnu/libnss_compat-2.19.so
7f066df98000-7f066e197000 ---p 00009000 08:01 4461012                    /lib/x86_64-linux-gnu/libnss_compat-2.19.so
7f066e197000-7f066e198000 r--p 00008000 08:01 4461012                    /lib/x86_64-linux-gnu/libnss_compat-2.19.so
7f066e198000-7f066e199000 rw-p 00009000 08:01 4461012                    /lib/x86_64-linux-gnu/libnss_compat-2.19.so
7f066e199000-7f066e1c3000 r-xp 00000000 08:01 1967798                    /home/rajitha/jdk1.8.0_40/jre/lib/amd64/libjava.so
7f066e1c3000-7f066e3c3000 ---p 0002a000 08:01 1967798                    /home/rajitha/jdk1.8.0_40/jre/lib/amd64/libjava.so
7f066e3c3000-7f066e3c5000 rw-p 0002a000 08:01 1967798                    /home/rajitha/jdk1.8.0_40/jre/lib/amd64/libjava.so
7f066e3c5000-7f066e3d2000 r-xp 00000000 08:01 1967763                    /home/rajitha/jdk1.8.0_40/jre/lib/amd64/libverify.so
7f066e3d2000-7f066e5d2000 ---p 0000d000 08:01 1967763                    /home/rajitha/jdk1.8.0_40/jre/lib/amd64/libverify.so
7f066e5d2000-7f066e5d4000 rw-p 0000d000 08:01 1967763                    /home/rajitha/jdk1.8.0_40/jre/lib/amd64/libverify.so
7f066e5d4000-7f066e5db000 r-xp 00000000 08:01 4461021                    /lib/x86_64-linux-gnu/librt-2.19.so
7f066e5db000-7f066e7da000 ---p 00007000 08:01 4461021                    /lib/x86_64-linux-gnu/librt-2.19.so
7f066e7da000-7f066e7db000 r--p 00006000 08:01 4461021                    /lib/x86_64-linux-gnu/librt-2.19.so
7f066e7db000-7f066e7dc000 rw-p 00007000 08:01 4461021                    /lib/x86_64-linux-gnu/librt-2.19.so
7f066e7dc000-7f066e8e1000 r-xp 00000000 08:01 4461003                    /lib/x86_64-linux-gnu/libm-2.19.so
7f066e8e1000-7f066eae0000 ---p 00105000 08:01 4461003                    /lib/x86_64-linux-gnu/libm-2.19.so
7f066eae0000-7f066eae1000 r--p 00104000 08:01 4461003                    /lib/x86_64-linux-gnu/libm-2.19.so
7f066eae1000-7f066eae2000 rw-p 00105000 08:01 4461003                    /lib/x86_64-linux-gnu/libm-2.19.so
7f066eae2000-7f066f790000 r-xp 00000000 08:01 1967680                    /home/rajitha/jdk1.8.0_40/jre/lib/amd64/server/libjvm.so
7f066f790000-7f066f98f000 ---p 00cae000 08:01 1967680                    /home/rajitha/jdk1.8.0_40/jre/lib/amd64/server/libjvm.so
7f066f98f000-7f066fa66000 rw-p 00cad000 08:01 1967680                    /home/rajitha/jdk1.8.0_40/jre/lib/amd64/server/libjvm.so
7f066fa66000-7f066faaa000 rw-p 00000000 00:00 0 
7f066faaa000-7f066fc65000 r-xp 00000000 08:01 4461018                    /lib/x86_64-linux-gnu/libc-2.19.so
7f066fc65000-7f066fe64000 ---p 001bb000 08:01 4461018                    /lib/x86_64-linux-gnu/libc-2.19.so
7f066fe64000-7f066fe68000 r--p 001ba000 08:01 4461018                    /lib/x86_64-linux-gnu/libc-2.19.so
7f066fe68000-7f066fe6a000 rw-p 001be000 08:01 4461018                    /lib/x86_64-linux-gnu/libc-2.19.so
7f066fe6a000-7f066fe6f000 rw-p 00000000 00:00 0 
7f066fe6f000-7f066fe72000 r-xp 00000000 08:01 4461007                    /lib/x86_64-linux-gnu/libdl-2.19.so
7f066fe72000-7f0670071000 ---p 00003000 08:01 4461007                    /lib/x86_64-linux-gnu/libdl-2.19.so
7f0670071000-7f0670072000 r--p 00002000 08:01 4461007                    /lib/x86_64-linux-gnu/libdl-2.19.so
7f0670072000-7f0670073000 rw-p 00003000 08:01 4461007                    /lib/x86_64-linux-gnu/libdl-2.19.so
7f0670073000-7f0670088000 r-xp 00000000 08:01 1967830                    /home/rajitha/jdk1.8.0_40/lib/amd64/jli/libjli.so
7f0670088000-7f0670288000 ---p 00015000 08:01 1967830                    /home/rajitha/jdk1.8.0_40/lib/amd64/jli/libjli.so
7f0670288000-7f0670289000 rw-p 00015000 08:01 1967830                    /home/rajitha/jdk1.8.0_40/lib/amd64/jli/libjli.so
7f0670289000-7f06702a2000 r-xp 00000000 08:01 4461019                    /lib/x86_64-linux-gnu/libpthread-2.19.so
7f06702a2000-7f06704a1000 ---p 00019000 08:01 4461019                    /lib/x86_64-linux-gnu/libpthread-2.19.so
7f06704a1000-7f06704a2000 r--p 00018000 08:01 4461019                    /lib/x86_64-linux-gnu/libpthread-2.19.so
7f06704a2000-7f06704a3000 rw-p 00019000 08:01 4461019                    /lib/x86_64-linux-gnu/libpthread-2.19.so
7f06704a3000-7f06704a7000 rw-p 00000000 00:00 0 
7f06704a7000-7f06704ca000 r-xp 00000000 08:01 4461015                    /lib/x86_64-linux-gnu/ld-2.19.so
7f06704ca000-7f067059c000 rw-p 00000000 00:00 0 
7f067059c000-7f067059d000 ---p 00000000 00:00 0 
7f067059d000-7f067069d000 rwxp 00000000 00:00 0                          [stack:14317]
7f067069d000-7f06706a1000 rw-p 00000000 00:00 0 
7f06706a1000-7f06706a2000 r--s 00000000 08:01 1967595                    /home/rajitha/jdk1.8.0_40/jre/lib/management-agent.jar
7f06706a2000-7f06706a5000 r--s 0001a000 08:01 1967952                    /home/rajitha/jdk1.8.0_40/jre/lib/jce.jar
7f06706a5000-7f06706aa000 r--s 002f8000 08:01 1967869                    /home/rajitha/jdk1.8.0_40/jre/lib/charsets.jar
7f06706aa000-7f06706bd000 rw-p 00000000 00:00 0 
7f06706bd000-7f06706c5000 rw-s 00000000 08:01 33947695                   /tmp/hsperfdata_rajitha/14316
7f06706c5000-7f06706c6000 rw-p 00000000 00:00 0 
7f06706c6000-7f06706c7000 r--p 00000000 00:00 0 
7f06706c7000-7f06706c9000 rw-p 00000000 00:00 0 
7f06706c9000-7f06706ca000 r--p 00022000 08:01 4461015                    /lib/x86_64-linux-gnu/ld-2.19.so
7f06706ca000-7f06706cb000 rw-p 00023000 08:01 4461015                    /lib/x86_64-linux-gnu/ld-2.19.so
7f06706cb000-7f06706cc000 rw-p 00000000 00:00 0 
7fffd61f7000-7fffd6218000 rwxp 00000000 00:00 0                          [stack]
7fffd6218000-7fffd6219000 rw-p 00000000 00:00 0 
7fffd63fe000-7fffd6400000 r-xp 00000000 00:00 0                          [vdso]
ffffffffff600000-ffffffffff601000 r-xp 00000000 00:00 0                  [vsyscall]

VM Arguments:
jvm_args: -Djava.library.path=/home/rajitha/opencv-3.0.0/build/lib:/usr/local/lib/ -Didea.launcher.port=7537 -Didea.launcher.bin.path=/home/rajitha/Downloads/idea-IC-143.2287.1/bin -Dfile.encoding=UTF-8 
java_command: com.intellij.rt.execution.application.AppMain Main
java_class_path (initial): /home/rajitha/jdk1.8.0_40/jre/lib/charsets.jar:/home/rajitha/jdk1.8.0_40/jre/lib/deploy.jar:/home/rajitha/jdk1.8.0_40/jre/lib/ext/cldrdata.jar:/home/rajitha/jdk1.8.0_40/jre/lib/ext/dnsns.jar:/home/rajitha/jdk1.8.0_40/jre/lib/ext/jfxrt.jar:/home/rajitha/jdk1.8.0_40/jre/lib/ext/localedata.jar:/home/rajitha/jdk1.8.0_40/jre/lib/ext/nashorn.jar:/home/rajitha/jdk1.8.0_40/jre/lib/ext/sunec.jar:/home/rajitha/jdk1.8.0_40/jre/lib/ext/sunjce_provider.jar:/home/rajitha/jdk1.8.0_40/jre/lib/ext/sunpkcs11.jar:/home/rajitha/jdk1.8.0_40/jre/lib/ext/zipfs.jar:/home/rajitha/jdk1.8.0_40/jre/lib/javaws.jar:/home/rajitha/jdk1.8.0_40/jre/lib/jce.jar:/home/rajitha/jdk1.8.0_40/jre/lib/jfr.jar:/home/rajitha/jdk1.8.0_40/jre/lib/jfxswt.jar:/home/rajitha/jdk1.8.0_40/jre/lib/jsse.jar:/home/rajitha/jdk1.8.0_40/jre/lib/management-agent.jar:/home/rajitha/jdk1.8.0_40/jre/lib/plugin.jar:/home/rajitha/jdk1.8.0_40/jre/lib/resources.jar:/home/rajitha/jdk1.8.0_40/jre/lib/rt.jar:/home/rajitha/OpenSoft2016/OpenSoft2016/out/production/OpenSoft2016:/home/rajitha/OpenSoft2016/OpenSoft2016/lib/tess4j-3.0.jar:/home/rajitha/OpenSoft2016/OpenSoft2016/lib/pdfbox-app-2.0.0-RC3.jar:/home/rajitha/OpenSoft2016/OpenSoft2016/lib/opencv-300.jar:/home/rajitha/Tess_jars/jna.jar:/home/rajitha/Tess_jars/junit-4.12.jar:/home/rajitha/Tess_jars/itext-2.1.7.jar:/home/rajitha/Tess_jars/jai_imageio.jar:/home/rajitha/Tess_jars/lept4j-1.0.1.jar:/home/rajitha/Tess_jars/log4j-1.2.17.jar:/home/rajitha/Tess_jars/ghost4j-1.0.0.jar:/home/rajitha/Tess_jars/commons-io-2.4.jar:/home/rajitha/Tess_jars/rococoa-core-0.5.jar:/home/rajitha/Tess_jars/slf4j-api-1.7.13.jar:/home/rajitha/Tess_jars/hamcrest-core-1.3.jar:/home/rajitha/Tess_jars/logback-core-1.1.3.jar:/home/rajitha/Tess_jars/commons-logging-1.2.jar:/home/rajitha/Tess_jars/jul-to-slf4j-1.7.13.jar:/home/rajitha/Tess_jars/logback-classic-1.1.3.jar:/home/rajitha/Tess_jars/commons-beanutils-1.9.2.jar:/home/rajitha/Tess_jars/xmlgraphics-commons-1.5.jar:/usr/share/
Launcher Type: SUN_STANDARD

Environment Variables:
JAVA_HOME=/home/rajitha/jdk1.8.0_40/bin
PATH=/usr/local/sbin:/usr/local/bin:/usr/sbin:/usr/bin:/sbin:/bin:/usr/games:/usr/local/games:/home/rajitha/bin:/home/rajitha/jdk1.8.0_40/bin/bin
LD_LIBRARY_PATH=/home/rajitha/Downloads/idea-IC-143.2287.1/bin:
SHELL=/bin/bash
DISPLAY=:0

Signal Handlers:
SIGSEGV: [libjvm.so+0xaad2e0], sa_mask[0]=11111111011111111101111111111110, sa_flags=SA_RESTART|SA_SIGINFO
SIGBUS: [libjvm.so+0xaad2e0], sa_mask[0]=11111111011111111101111111111110, sa_flags=SA_RESTART|SA_SIGINFO
SIGFPE: [libjvm.so+0x90b550], sa_mask[0]=11111111011111111101111111111110, sa_flags=SA_RESTART|SA_SIGINFO
SIGPIPE: [libjvm.so+0x90b550], sa_mask[0]=11111111011111111101111111111110, sa_flags=SA_RESTART|SA_SIGINFO
SIGXFSZ: [libjvm.so+0x90b550], sa_mask[0]=11111111011111111101111111111110, sa_flags=SA_RESTART|SA_SIGINFO
SIGILL: [libjvm.so+0x90b550], sa_mask[0]=11111111011111111101111111111110, sa_flags=SA_RESTART|SA_SIGINFO
SIGUSR1: SIG_DFL, sa_mask[0]=00000000000000000000000000000000, sa_flags=none
SIGUSR2: [libjvm.so+0x90cb90], sa_mask[0]=00100000000000000000000000000000, sa_flags=SA_RESTART|SA_SIGINFO
SIGHUP: [libjvm.so+0x90dee0], sa_mask[0]=11111111011111111101111111111110, sa_flags=SA_RESTART|SA_SIGINFO
SIGINT: [libjvm.so+0x90dee0], sa_mask[0]=11111111011111111101111111111110, sa_flags=SA_RESTART|SA_SIGINFO
SIGTERM: [libjvm.so+0x90dee0], sa_mask[0]=11111111011111111101111111111110, sa_flags=SA_RESTART|SA_SIGINFO
SIGQUIT: [libjvm.so+0x90dee0], sa_mask[0]=11111111011111111101111111111110, sa_flags=SA_RESTART|SA_SIGINFO


---------------  S Y S T E M  ---------------

OS:DISTRIB_ID=Ubuntu
DISTRIB_RELEASE=14.04
DISTRIB_CODENAME=trusty
DISTRIB_DESCRIPTION="Ubuntu 14.04.3 LTS"

uname:Linux 3.13.0-32-generic #57-Ubuntu SMP Tue Jul 15 03:51:08 UTC 2014 x86_64
libc:glibc 2.19 NPTL 2.19 
rlimit: STACK 8192k, CORE 0k, NPROC 30459, NOFILE 4096, AS infinity
load average:1.06 0.67 0.67

/proc/meminfo:
MemTotal:        3920376 kB
MemFree:          703020 kB
Buffers:           13416 kB
Cached:           765088 kB
SwapCached:       205196 kB
Active:          2129424 kB
Inactive:         809968 kB
Active(anon):    1894896 kB
Inactive(anon):   662740 kB
Active(file):     234528 kB
Inactive(file):   147228 kB
Unevictable:       32480 kB
Mlocked:           32480 kB
SwapTotal:       4065276 kB
SwapFree:        3108572 kB
Dirty:             20788 kB
Writeback:             0 kB
AnonPages:       2056688 kB
Mapped:           314384 kB
Shmem:            390288 kB
Slab:              93380 kB
SReclaimable:      53600 kB
SUnreclaim:        39780 kB
KernelStack:        5704 kB
PageTables:        52988 kB
NFS_Unstable:          0 kB
Bounce:                0 kB
WritebackTmp:          0 kB
CommitLimit:     6025464 kB
Committed_AS:    8797624 kB
VmallocTotal:   34359738367 kB
VmallocUsed:      560188 kB
VmallocChunk:   34359151100 kB
HardwareCorrupted:     0 kB
AnonHugePages:   1216512 kB
HugePages_Total:       0
HugePages_Free:        0
HugePages_Rsvd:        0
HugePages_Surp:        0
Hugepagesize:       2048 kB
DirectMap4k:      108284 kB
DirectMap2M:     3958784 kB


CPU:total 4 (2 cores per cpu, 2 threads per core) family 6 model 58 stepping 9, cmov, cx8, fxsr, mmx, sse, sse2, sse3, ssse3, sse4.1, sse4.2, popcnt, avx, aes, clmul, erms, ht, tsc, tscinvbit, tscinv

/proc/cpuinfo:
processor	: 0
vendor_id	: GenuineIntel
cpu family	: 6
model		: 58
model name	: Intel(R) Core(TM) i5-3337U CPU @ 1.80GHz
stepping	: 9
microcode	: 0x15
cpu MHz		: 774.000
cache size	: 3072 KB
physical id	: 0
siblings	: 4
core id		: 0
cpu cores	: 2
apicid		: 0
initial apicid	: 0
fpu		: yes
fpu_exception	: yes
cpuid level	: 13
wp		: yes
flags		: fpu vme de pse tsc msr pae mce cx8 apic sep mtrr pge mca cmov pat pse36 clflush dts acpi mmx fxsr sse sse2 ss ht tm pbe syscall nx rdtscp lm constant_tsc arch_perfmon pebs bts rep_good nopl xtopology nonstop_tsc aperfmperf eagerfpu pni pclmulqdq dtes64 monitor ds_cpl vmx est tm2 ssse3 cx16 xtpr pdcm pcid sse4_1 sse4_2 x2apic popcnt tsc_deadline_timer aes xsave avx f16c rdrand lahf_lm ida arat epb xsaveopt pln pts dtherm tpr_shadow vnmi flexpriority ept vpid fsgsbase smep erms
bogomips	: 3591.82
clflush size	: 64
cache_alignment	: 64
address sizes	: 36 bits physical, 48 bits virtual
power management:

processor	: 1
vendor_id	: GenuineIntel
cpu family	: 6
model		: 58
model name	: Intel(R) Core(TM) i5-3337U CPU @ 1.80GHz
stepping	: 9
microcode	: 0x15
cpu MHz		: 1700.000
cache size	: 3072 KB
physical id	: 0
siblings	: 4
core id		: 0
cpu cores	: 2
apicid		: 1
initial apicid	: 1
fpu		: yes
fpu_exception	: yes
cpuid level	: 13
wp		: yes
flags		: fpu vme de pse tsc msr pae mce cx8 apic sep mtrr pge mca cmov pat pse36 clflush dts acpi mmx fxsr sse sse2 ss ht tm pbe syscall nx rdtscp lm constant_tsc arch_perfmon pebs bts rep_good nopl xtopology nonstop_tsc aperfmperf eagerfpu pni pclmulqdq dtes64 monitor ds_cpl vmx est tm2 ssse3 cx16 xtpr pdcm pcid sse4_1 sse4_2 x2apic popcnt tsc_deadline_timer aes xsave avx f16c rdrand lahf_lm ida arat epb xsaveopt pln pts dtherm tpr_shadow vnmi flexpriority ept vpid fsgsbase smep erms
bogomips	: 3591.82
clflush size	: 64
cache_alignment	: 64
address sizes	: 36 bits physical, 48 bits virtual
power management:

processor	: 2
vendor_id	: GenuineIntel
cpu family	: 6
model		: 58
model name	: Intel(R) Core(TM) i5-3337U CPU @ 1.80GHz
stepping	: 9
microcode	: 0x15
cpu MHz		: 1700.000
cache size	: 3072 KB
physical id	: 0
siblings	: 4
core id		: 1
cpu cores	: 2
apicid		: 2
initial apicid	: 2
fpu		: yes
fpu_exception	: yes
cpuid level	: 13
wp		: yes
flags		: fpu vme de pse tsc msr pae mce cx8 apic sep mtrr pge mca cmov pat pse36 clflush dts acpi mmx fxsr sse sse2 ss ht tm pbe syscall nx rdtscp lm constant_tsc arch_perfmon pebs bts rep_good nopl xtopology nonstop_tsc aperfmperf eagerfpu pni pclmulqdq dtes64 monitor ds_cpl vmx est tm2 ssse3 cx16 xtpr pdcm pcid sse4_1 sse4_2 x2apic popcnt tsc_deadline_timer aes xsave avx f16c rdrand lahf_lm ida arat epb xsaveopt pln pts dtherm tpr_shadow vnmi flexpriority ept vpid fsgsbase smep erms
bogomips	: 3591.82
clflush size	: 64
cache_alignment	: 64
address sizes	: 36 bits physical, 48 bits virtual
power management:

processor	: 3
vendor_id	: GenuineIntel
cpu family	: 6
model		: 58
model name	: Intel(R) Core(TM) i5-3337U CPU @ 1.80GHz
stepping	: 9
microcode	: 0x15
cpu MHz		: 800.000
cache size	: 3072 KB
physical id	: 0
siblings	: 4
core id		: 1
cpu cores	: 2
apicid		: 3
initial apicid	: 3
fpu		: yes
fpu_exception	: yes
cpuid level	: 13
wp		: yes
flags		: fpu vme de pse tsc msr pae mce cx8 apic sep mtrr pge mca cmov pat pse36 clflush dts acpi mmx fxsr sse sse2 ss ht tm pbe syscall nx rdtscp lm constant_tsc arch_perfmon pebs bts rep_good nopl xtopology nonstop_tsc aperfmperf eagerfpu pni pclmulqdq dtes64 monitor ds_cpl vmx est tm2 ssse3 cx16 xtpr pdcm pcid sse4_1 sse4_2 x2apic popcnt tsc_deadline_timer aes xsave avx f16c rdrand lahf_lm ida arat epb xsaveopt pln pts dtherm tpr_shadow vnmi flexpriority ept vpid fsgsbase smep erms
bogomips	: 3591.82
clflush size	: 64
cache_alignment	: 64
address sizes	: 36 bits physical, 48 bits virtual
power management:



Memory: 4k page, physical 3920376k(703020k free), swap 4065276k(3108572k free)

vm_info: Java HotSpot(TM) 64-Bit Server VM (25.40-b25) for linux-amd64 JRE (1.8.0_40-b26), built on Mar  7 2015 15:08:31 by "java_re" with gcc 4.3.0 20080428 (Red Hat 4.3.0-8)

time: Tue Mar  8 14:55:17 2016
elapsed time: 8 seconds (0d 0h 0m 8s)

