#
# A fatal error has been detected by the Java Runtime Environment:
#
#  SIGSEGV (0xb) at pc=0x00007f8a4fafc9e0, pid=2750, tid=140232624133888
#
# JRE version: Java(TM) SE Runtime Environment (8.0_72-b15) (build 1.8.0_72-b15)
# Java VM: Java HotSpot(TM) 64-Bit Server VM (25.72-b15 mixed mode linux-amd64 compressed oops)
# Problematic frame:
# C  [libopencv_java300.so+0x279e0]  Java_org_opencv_core_Mat_n_1rows+0x0
#
# Failed to write core dump. Core dumps have been disabled. To enable core dumping, try "ulimit -c unlimited" before starting Java again
#
# If you would like to submit a bug report, please visit:
#   http://bugreport.java.com/bugreport/crash.jsp
# The crash happened outside the Java Virtual Machine in native code.
# See problematic frame for where to report the bug.
#

---------------  T H R E A D  ---------------

Current thread (0x00007f8a6c00d000):  JavaThread "main" [_thread_in_native, id=2751, stack(0x00007f8a73af5000,0x00007f8a73bf6000)]

siginfo: si_signo: 11 (SIGSEGV), si_code: 1 (SEGV_MAPERR), si_addr: 0x0000000000000008

Registers:
RAX=0x00007f8a55dfb2d8, RBX=0x00007f8a55dfb2d8, RCX=0x00000000ec124e88, RDX=0x0000000000000000
RSP=0x00007f8a73bf3ce8, RBP=0x00007f8a73bf3d30, RSI=0x00007f8a73bf3d20, RDI=0x00007f8a6c00d1f8
R8 =0x0000000000000000, R9 =0x0000000000000006, R10=0x00007f8a5d215d81, R11=0x00007f8a5d21a2c0
R12=0x0000000000000000, R13=0x00007f8a73bf3d68, R14=0x00007f8a73bf3d20, R15=0x00007f8a6c00d000
RIP=0x00007f8a4fafc9e0, EFLAGS=0x0000000000010246, CSGSFS=0x0000000000000033, ERR=0x0000000000000004
  TRAPNO=0x000000000000000e

Top of Stack: (sp=0x00007f8a73bf3ce8)
0x00007f8a73bf3ce8:   00007f8a5d215df1 00007f8a73bf3ed0
0x00007f8a73bf3cf8:   0000000100000208 00007f8a73bf3db8
0x00007f8a73bf3d08:   00007f8a5d10a994 00007f8a73bf3d10
0x00007f8a73bf3d18:   00007f8a6c00d000 00000000ece9cd30
0x00007f8a73bf3d28:   000000000000000c 00000000ec124e88
0x00007f8a73bf3d38:   00007f8a5d21a2d8 00007f8a73bf3d60
0x00007f8a73bf3d48:   00007f8a7269da53 00007f8a73bf3db8
0x00007f8a73bf3d58:   00007f8a5d007710 00007f8a5d007710
0x00007f8a73bf3d68:   00000000ec124e88 00000000ec124ea0
0x00007f8a73bf3d78:   00007f8a73bf3d78 00007f8a55dfc055
0x00007f8a73bf3d88:   00007f8a73bf3dc8 00007f8a55e06720
0x00007f8a73bf3d98:   0000000000000000 00007f8a55dfc0c8
0x00007f8a73bf3da8:   00007f8a73bf3d68 00007f8a73bf3dc8
0x00007f8a73bf3db8:   00007f8a73bf3e30 00007f8a5d0007a7
0x00007f8a73bf3dc8:   00000000ec124e88 0000000000001fa0
0x00007f8a73bf3dd8:   00007f8a6c00a8d0 00007f8a6c00d000
0x00007f8a73bf3de8:   00007f8a73bf3eb0 00000000ec124e88
0x00007f8a73bf3df8:   00007f8a73bf3e70 00007f8a73bf3e70
0x00007f8a73bf3e08:   00007f8a73bf41b8 000000000000000c
0x00007f8a73bf3e18:   00007f8a55dfc0c8 00007f8a5d015c40
0x00007f8a73bf3e28:   00007f8a73bf4018 00007f8a73bf3fa0
0x00007f8a73bf3e38:   00007f8a726af616 00007f8a00000001
0x00007f8a73bf3e48:   00007f8a6c00d000 00007f8a73bf4010
0x00007f8a73bf3e58:   00007f8a73bf41b0 00007f8a5d015c40
0x00007f8a73bf3e68:   01007f8a0000000c 00007f8a6c00d000
0x00007f8a73bf3e78:   00007f8a6c40c3c0 00007f8a55dfc0c8
0x00007f8a73bf3e88:   00000000ec124e88 00007f8a73bf4728
0x00007f8a73bf3e98:   0000000000000000 00007f8a73bf4768
0x00007f8a73bf3ea8:   00007f8a73bf41b0 00007f8a6c00d000
0x00007f8a73bf3eb8:   00007f8a6c00a880 00007f8a6c00a8c0
0x00007f8a73bf3ec8:   00007f8a6c00a8d8 00007f8a6c00a9a8
0x00007f8a73bf3ed8:   00000000000000d8 00007f8a73bf44b8 

Instructions: (pc=0x00007f8a4fafc9e0)
0x00007f8a4fafc9c0:   8b 02 f6 c4 40 0f 95 c0 c3 90 90 90 90 90 90 90
0x00007f8a4fafc9d0:   8b 02 f6 c4 80 0f 95 c0 c3 90 90 90 90 90 90 90
0x00007f8a4fafc9e0:   8b 42 08 c3 90 90 90 90 90 90 90 90 90 90 90 90
0x00007f8a4fafc9f0:   48 63 f9 8b 0a 48 8b 42 48 be 11 22 44 88 31 d2 

Register to memory mapping:

RAX={method} {0x00007f8a55dfb2d8} 'rows' '()I' in 'org/opencv/core/Mat'
RBX={method} {0x00007f8a55dfb2d8} 'rows' '()I' in 'org/opencv/core/Mat'
RCX=0x00000000ec124e88 is an oop
org.opencv.core.Mat 
 - klass: 'org/opencv/core/Mat'
RDX=0x0000000000000000 is an unknown value
RSP=0x00007f8a73bf3ce8 is pointing into the stack for thread: 0x00007f8a6c00d000
RBP=0x00007f8a73bf3d30 is pointing into the stack for thread: 0x00007f8a6c00d000
RSI=0x00007f8a73bf3d20 is pointing into the stack for thread: 0x00007f8a6c00d000
RDI=0x00007f8a6c00d1f8 is an unknown value
R8 =0x0000000000000000 is an unknown value
R9 =0x0000000000000006 is an unknown value
R10=0x00007f8a5d215d81 is at entry_point+65 in (nmethod*)0x00007f8a5d215bd0
R11=0x00007f8a5d21a2c0 is at entry_point+32 in (nmethod*)0x00007f8a5d21a150
R12=0x0000000000000000 is an unknown value
R13=0x00007f8a73bf3d68 is pointing into the stack for thread: 0x00007f8a6c00d000
R14=0x00007f8a73bf3d20 is pointing into the stack for thread: 0x00007f8a6c00d000
R15=0x00007f8a6c00d000 is a thread


Stack: [0x00007f8a73af5000,0x00007f8a73bf6000],  sp=0x00007f8a73bf3ce8,  free space=1019k
Native frames: (J=compiled Java code, j=interpreted, Vv=VM code, C=native code)
C  [libopencv_java300.so+0x279e0]  Java_org_opencv_core_Mat_n_1rows+0x0
J 442 C2 org.opencv.core.Mat.rows()I (10 bytes) @ 0x00007f8a5d21a2d8 [0x00007f8a5d21a2a0+0x38]
j  org.opencv.core.Mat.toString()Ljava/lang/String;+13
v  ~StubRoutines::call_stub
V  [libjvm.so+0x68c616]  JavaCalls::call_helper(JavaValue*, methodHandle*, JavaCallArguments*, Thread*)+0x1056
V  [libjvm.so+0x6ce8bb]  jni_invoke_nonstatic(JNIEnv_*, JavaValue*, _jobject*, JNICallType, _jmethodID*, JNI_ArgumentPusher*, Thread*)+0x40b
V  [libjvm.so+0x6d48bd]  jni_CallObjectMethodA+0x14d
C  [libjdwp.so+0x1be20]  invoker_doInvoke+0x960
C  [libjdwp.so+0x14fa5]  reportEvents+0xc5
C  [libjdwp.so+0x15332]  event_callback+0x1c2
C  [libjdwp.so+0x184d7]  cbSingleStep+0xb7
V  [libjvm.so+0x79a3a1]  JvmtiExport::post_single_step(JavaThread*, Method*, unsigned char*)+0x3b1
V  [libjvm.so+0x79a7a5]  JvmtiExport::at_single_stepping_point(JavaThread*, Method*, unsigned char*)+0xa5
V  [libjvm.so+0x6801a1]  InterpreterRuntime::at_safepoint(JavaThread*)+0x61
j  org.opencv.core.Mat.<init>()V+0
j  RectangleDetection.detectRectangle(Lorg/opencv/core/Mat;)Lorg/opencv/core/MatOfPoint;+140
j  Main.main([Ljava/lang/String;)V+57
v  ~StubRoutines::call_stub
V  [libjvm.so+0x68c616]  JavaCalls::call_helper(JavaValue*, methodHandle*, JavaCallArguments*, Thread*)+0x1056
V  [libjvm.so+0x6cdc32]  jni_invoke_static(JNIEnv_*, JavaValue*, _jobject*, JNICallType, _jmethodID*, JNI_ArgumentPusher*, Thread*)+0x362
V  [libjvm.so+0x6ea63a]  jni_CallStaticVoidMethod+0x17a
C  [libjli.so+0x7bcc]  JavaMain+0x80c
C  [libpthread.so.0+0x7e9a]  start_thread+0xda

Java frames: (J=compiled Java code, j=interpreted, Vv=VM code)
J 438  org.opencv.core.Mat.n_rows(J)I (0 bytes) @ 0x00007f8a5d215d81 [0x00007f8a5d215d40+0x41]
J 442 C2 org.opencv.core.Mat.rows()I (10 bytes) @ 0x00007f8a5d21a2d8 [0x00007f8a5d21a2a0+0x38]
j  org.opencv.core.Mat.toString()Ljava/lang/String;+13
v  ~StubRoutines::call_stub
j  org.opencv.core.Mat.<init>()V+0
j  RectangleDetection.detectRectangle(Lorg/opencv/core/Mat;)Lorg/opencv/core/MatOfPoint;+140
j  Main.main([Ljava/lang/String;)V+57
v  ~StubRoutines::call_stub

---------------  P R O C E S S  ---------------

Java Threads: ( => current thread )
  0x00007f8a6c496000 JavaThread "AWT-EventQueue-0" [_thread_blocked, id=2789, stack(0x00007f8a0de1e000,0x00007f8a0df1f000)]
  0x00007f8a6c418800 JavaThread "AWT-Shutdown" [_thread_blocked, id=2788, stack(0x00007f8a0e85e000,0x00007f8a0e95f000)]
  0x00007f8a6c3cc000 JavaThread "AWT-XAWT" daemon [_thread_in_vm, id=2787, stack(0x00007f8a0e95f000,0x00007f8a0ea60000)]
  0x00007f8a6c3b2800 JavaThread "Java2D Disposer" daemon [_thread_blocked, id=2786, stack(0x00007f8a0ec88000,0x00007f8a0ed89000)]
  0x00007f8a6c0d4000 JavaThread "Service Thread" daemon [_thread_blocked, id=2784, stack(0x00007f8a4feff000,0x00007f8a50000000)]
  0x00007f8a6c0d0800 JavaThread "C1 CompilerThread2" daemon [_thread_blocked, id=2783, stack(0x00007f8a54062000,0x00007f8a54163000)]
  0x00007f8a6c0ce800 JavaThread "C2 CompilerThread1" daemon [_thread_blocked, id=2782, stack(0x00007f8a54163000,0x00007f8a54264000)]
  0x00007f8a6c0cb800 JavaThread "C2 CompilerThread0" daemon [_thread_blocked, id=2781, stack(0x00007f8a54264000,0x00007f8a54365000)]
  0x00007f8a34001000 JavaThread "JDWP Command Reader" daemon [_thread_in_native, id=2773, stack(0x00007f8a54365000,0x00007f8a54466000)]
  0x00007f8a6c0c9800 JavaThread "JDWP Event Helper Thread" daemon [_thread_blocked, id=2772, stack(0x00007f8a54466000,0x00007f8a54567000)]
  0x00007f8a6c0c6000 JavaThread "JDWP Transport Listener: dt_socket" daemon [_thread_blocked, id=2770, stack(0x00007f8a54567000,0x00007f8a54668000)]
  0x00007f8a6c0b9000 JavaThread "Signal Dispatcher" daemon [_thread_blocked, id=2769, stack(0x00007f8a5486c000,0x00007f8a5496d000)]
  0x00007f8a6c087800 JavaThread "Finalizer" daemon [_thread_blocked, id=2765, stack(0x00007f8a5496d000,0x00007f8a54a6e000)]
  0x00007f8a6c082800 JavaThread "Reference Handler" daemon [_thread_blocked, id=2764, stack(0x00007f8a54a6e000,0x00007f8a54b6f000)]
=>0x00007f8a6c00d000 JavaThread "main" [_thread_in_native, id=2751, stack(0x00007f8a73af5000,0x00007f8a73bf6000)]

Other Threads:
  0x00007f8a6c07b000 VMThread [stack: 0x00007f8a54b6f000,0x00007f8a54c70000] [id=2763]
  0x00007f8a6c0d7000 WatcherThread [stack: 0x00007f8a4fdfe000,0x00007f8a4feff000] [id=2785]

VM state:not at safepoint (normal execution)

VM Mutex/Monitor currently owned by a thread: None

Heap:
 PSYoungGen      total 18432K, used 4876K [0x00000000ebf00000, 0x00000000ee300000, 0x0000000100000000)
  eden space 15872K, 16% used [0x00000000ebf00000,0x00000000ec195a48,0x00000000ece80000)
  from space 2560K, 87% used [0x00000000ece80000,0x00000000ed0ad908,0x00000000ed100000)
  to   space 2560K, 0% used [0x00000000ee080000,0x00000000ee080000,0x00000000ee300000)
 ParOldGen       total 42496K, used 8K [0x00000000c3c00000, 0x00000000c6580000, 0x00000000ebf00000)
  object space 42496K, 0% used [0x00000000c3c00000,0x00000000c3c02000,0x00000000c6580000)
 Metaspace       used 10053K, capacity 10228K, committed 10496K, reserved 1058816K
  class space    used 1114K, capacity 1193K, committed 1280K, reserved 1048576K

Card table byte_map: [0x00007f8a5ca5d000,0x00007f8a5cc40000] byte_map_base: 0x00007f8a5c43f000

Marking Bits: (ParMarkBitMap*) 0x00007f8a72fd8100
 Begin Bits: [0x00007f8a561e0000, 0x00007f8a570f0000)
 End Bits:   [0x00007f8a570f0000, 0x00007f8a58000000)

Polling page: 0x00007f8a73c17000

CodeCache: size=245760Kb used=2166Kb max_used=2166Kb free=243593Kb
 bounds [0x00007f8a5d000000, 0x00007f8a5d270000, 0x00007f8a6c000000]
 total_blobs=1022 nmethods=466 adapters=478
 compilation: enabled

Compilation events (10 events):
Event: 1.191 Thread 0x00007f8a6c0d0800  460       3       java.awt.Component::checkTreeLock (21 bytes)
Event: 1.191 Thread 0x00007f8a6c0d0800 nmethod 460 0x00007f8a5d21c850 code [0x00007f8a5d21c9e0, 0x00007f8a5d21cd58]
Event: 1.333 Thread 0x00007f8a6c0d0800  462       3       sun.awt.X11.XAtom::getAtom (5 bytes)
Event: 1.333 Thread 0x00007f8a6c0d0800 nmethod 462 0x00007f8a5d21ce90 code [0x00007f8a5d21cfe0, 0x00007f8a5d21d130]
Event: 1.350 Thread 0x00007f8a6c0d0800  463       3       java.util.TreeMap::getEntry (84 bytes)
Event: 1.352 Thread 0x00007f8a6c0d0800 nmethod 463 0x00007f8a5d21d190 code [0x00007f8a5d21d360, 0x00007f8a5d21d9e8]
Event: 1.357 Thread 0x00007f8a6c0d0800  465       3       sun.awt.AWTAccessor::getComponentAccessor (18 bytes)
Event: 1.357 Thread 0x00007f8a6c0d0800 nmethod 465 0x00007f8a5d21dc10 code [0x00007f8a5d21dd80, 0x00007f8a5d21dfc8]
Event: 1.357 Thread 0x00007f8a6c0d0800  464       1       java.awt.Component::isVisible_NoClientCode (5 bytes)
Event: 1.357 Thread 0x00007f8a6c0d0800 nmethod 464 0x00007f8a5d21e050 code [0x00007f8a5d21e1a0, 0x00007f8a5d21e2b0]

GC Heap History (2 events):
Event: 1.149 GC heap before
{Heap before GC invocations=1 (full 0):
 PSYoungGen      total 18432K, used 15872K [0x00000000ebf00000, 0x00000000ed380000, 0x0000000100000000)
  eden space 15872K, 100% used [0x00000000ebf00000,0x00000000ece80000,0x00000000ece80000)
  from space 2560K, 0% used [0x00000000ed100000,0x00000000ed100000,0x00000000ed380000)
  to   space 2560K, 0% used [0x00000000ece80000,0x00000000ece80000,0x00000000ed100000)
 ParOldGen       total 42496K, used 0K [0x00000000c3c00000, 0x00000000c6580000, 0x00000000ebf00000)
  object space 42496K, 0% used [0x00000000c3c00000,0x00000000c3c00000,0x00000000c6580000)
 Metaspace       used 9995K, capacity 10164K, committed 10496K, reserved 1058816K
  class space    used 1108K, capacity 1193K, committed 1280K, reserved 1048576K
Event: 1.168 GC heap after
Heap after GC invocations=1 (full 0):
 PSYoungGen      total 18432K, used 2230K [0x00000000ebf00000, 0x00000000ee300000, 0x0000000100000000)
  eden space 15872K, 0% used [0x00000000ebf00000,0x00000000ebf00000,0x00000000ece80000)
  from space 2560K, 87% used [0x00000000ece80000,0x00000000ed0ad908,0x00000000ed100000)
  to   space 2560K, 0% used [0x00000000ee080000,0x00000000ee080000,0x00000000ee300000)
 ParOldGen       total 42496K, used 8K [0x00000000c3c00000, 0x00000000c6580000, 0x00000000ebf00000)
  object space 42496K, 0% used [0x00000000c3c00000,0x00000000c3c02000,0x00000000c6580000)
 Metaspace       used 9995K, capacity 10164K, committed 10496K, reserved 1058816K
  class space    used 1108K, capacity 1193K, committed 1280K, reserved 1048576K
}

Deoptimization events (3 events):
Event: 1.028 Thread 0x00007f8a6c00d000 Uncommon trap: reason=unstable_if action=reinterpret pc=0x00007f8a5d20d184 method=ImageUtils.isPixelWhite([D)Z @ 17
Event: 1.037 Thread 0x00007f8a6c00d000 Uncommon trap: reason=unstable_if action=reinterpret pc=0x00007f8a5d20fffc method=ImageUtils.isPixelWhite([D)Z @ 27
Event: 1.175 Thread 0x00007f8a6c00d000 Uncommon trap: reason=unstable_if action=reinterpret pc=0x00007f8a5d216b58 method=ImageUtils.convertToBinary(Lorg/opencv/core/Mat;)Lorg/opencv/core/Mat; @ 26

Internal exceptions (10 events):
Event: 0.406 Thread 0x00007f8a6c00d000 Exception <a 'java/security/PrivilegedActionException'> (0x00000000ec328638) thrown at [/HUDSON/workspace/8-2-build-linux-amd64/jdk8u72/5732/hotspot/src/share/vm/prims/jvm.cpp, line 1386]
Event: 0.406 Thread 0x00007f8a6c00d000 Exception <a 'java/security/PrivilegedActionException'> (0x00000000ec329468) thrown at [/HUDSON/workspace/8-2-build-linux-amd64/jdk8u72/5732/hotspot/src/share/vm/prims/jvm.cpp, line 1386]
Event: 0.406 Thread 0x00007f8a6c00d000 Exception <a 'java/security/PrivilegedActionException'> (0x00000000ec329860) thrown at [/HUDSON/workspace/8-2-build-linux-amd64/jdk8u72/5732/hotspot/src/share/vm/prims/jvm.cpp, line 1386]
Event: 0.406 Thread 0x00007f8a6c00d000 Exception <a 'java/security/PrivilegedActionException'> (0x00000000ec32a668) thrown at [/HUDSON/workspace/8-2-build-linux-amd64/jdk8u72/5732/hotspot/src/share/vm/prims/jvm.cpp, line 1386]
Event: 0.406 Thread 0x00007f8a6c00d000 Exception <a 'java/security/PrivilegedActionException'> (0x00000000ec32aa60) thrown at [/HUDSON/workspace/8-2-build-linux-amd64/jdk8u72/5732/hotspot/src/share/vm/prims/jvm.cpp, line 1386]
Event: 0.406 Thread 0x00007f8a6c00d000 Exception <a 'java/security/PrivilegedActionException'> (0x00000000ec32b820) thrown at [/HUDSON/workspace/8-2-build-linux-amd64/jdk8u72/5732/hotspot/src/share/vm/prims/jvm.cpp, line 1386]
Event: 0.406 Thread 0x00007f8a6c00d000 Exception <a 'java/security/PrivilegedActionException'> (0x00000000ec32bc18) thrown at [/HUDSON/workspace/8-2-build-linux-amd64/jdk8u72/5732/hotspot/src/share/vm/prims/jvm.cpp, line 1386]
Event: 0.413 Thread 0x00007f8a6c00d000 Exception <a 'java/io/FileNotFoundException'> (0x00000000ec343908) thrown at [/HUDSON/workspace/8-2-build-linux-amd64/jdk8u72/5732/hotspot/src/share/vm/prims/jni.cpp, line 709]
Event: 0.413 Thread 0x00007f8a6c00d000 Exception <a 'java/io/FileNotFoundException'> (0x00000000ec3442c8) thrown at [/HUDSON/workspace/8-2-build-linux-amd64/jdk8u72/5732/hotspot/src/share/vm/prims/jni.cpp, line 709]
Event: 1.171 Thread 0x00007f8a6c496000 Exception <a 'java/lang/UnsupportedOperationException': > (0x00000000ebf00370) thrown at [/HUDSON/workspace/8-2-build-linux-amd64/jdk8u72/5732/hotspot/src/share/vm/prims/jni.cpp, line 735]

Events (10 events):
Event: 7.005 Executing VM operation: ChangeSingleStep
Event: 7.005 Executing VM operation: ChangeSingleStep done
Event: 7.005 Executing VM operation: ForceSafepoint
Event: 7.005 Executing VM operation: ForceSafepoint done
Event: 7.006 Executing VM operation: ChangeSingleStep
Event: 7.006 Executing VM operation: ChangeSingleStep done
Event: 7.008 Executing VM operation: GetOrSetLocal
Event: 7.008 Executing VM operation: GetOrSetLocal done
Event: 7.018 Executing VM operation: GetOrSetLocal
Event: 7.018 Executing VM operation: GetOrSetLocal done


Dynamic libraries:
00400000-00401000 r-xp 00000000 08:06 8139371                            /usr/lib/jvm/java-8-oracle/bin/java
00600000-00601000 rw-p 00000000 08:06 8139371                            /usr/lib/jvm/java-8-oracle/bin/java
015b1000-015d2000 rw-p 00000000 00:00 0                                  [heap]
c3c00000-c6580000 rw-p 00000000 00:00 0 
c6580000-ebf00000 ---p 00000000 00:00 0 
ebf00000-ee300000 rw-p 00000000 00:00 0 
ee300000-100000000 ---p 00000000 00:00 0 
100000000-100140000 rw-p 00000000 00:00 0 
100140000-140000000 ---p 00000000 00:00 0 
7f89f8000000-7f89f8021000 rw-p 00000000 00:00 0 
7f89f8021000-7f89fc000000 ---p 00000000 00:00 0 
7f8a00000000-7f8a0002c000 rw-p 00000000 00:00 0 
7f8a0002c000-7f8a04000000 ---p 00000000 00:00 0 
7f8a04000000-7f8a04021000 rw-p 00000000 00:00 0 
7f8a04021000-7f8a08000000 ---p 00000000 00:00 0 
7f8a08000000-7f8a08021000 rw-p 00000000 00:00 0 
7f8a08021000-7f8a0c000000 ---p 00000000 00:00 0 
7f8a0dd84000-7f8a0de1e000 rw-s 00000000 00:04 9732098                    /SYSV00000000 (deleted)
7f8a0de1e000-7f8a0de21000 ---p 00000000 00:00 0 
7f8a0de21000-7f8a0df1f000 rwxp 00000000 00:00 0                          [stack:2789]
7f8a0df1f000-7f8a0df20000 r--s 00000000 08:06 2097235                    /var/cache/fontconfig/c05880de57d1f5e948fdfacc138775d9-le64.cache-3
7f8a0df20000-7f8a0df29000 r--s 00000000 08:06 2097230                    /var/cache/fontconfig/945677eb7aeaf62f1d50efc3fb3ec7d8-le64.cache-3
7f8a0df29000-7f8a0df2b000 r--s 00000000 08:06 2097231                    /var/cache/fontconfig/99e8ed0e538f840c565b6ed5dad60d56-le64.cache-3
7f8a0df2b000-7f8a0df2f000 r--s 00000000 08:06 2097217                    /var/cache/fontconfig/2cd17615ca594fa2959ae173292e504c-le64.cache-3
7f8a0df2f000-7f8a0df35000 r--s 00000000 08:06 2097232                    /var/cache/fontconfig/a755afe4a08bf5b97852ceb7400b47bc-le64.cache-3
7f8a0df35000-7f8a0df3e000 r--s 00000000 08:06 2104550                    /var/cache/fontconfig/6d41288fd70b0be22e8c3a91e032eec0-le64.cache-3
7f8a0df3e000-7f8a0df4e000 r--s 00000000 08:06 2097214                    /var/cache/fontconfig/04aabc0a78ac019cf9454389977116d2-le64.cache-3
7f8a0df4e000-7f8a0df51000 r--s 00000000 08:06 2097220                    /var/cache/fontconfig/385c0604a188198f04d133e54aba7fe7-le64.cache-3
7f8a0df51000-7f8a0df61000 r--s 00000000 08:06 2097238                    /var/cache/fontconfig/d52a8644073d54c13679302ca1180695-le64.cache-3
7f8a0dfab000-7f8a0dfae000 rw-p 00000000 00:00 0 
7f8a0dfae000-7f8a0dfb5000 r--s 00000000 08:06 8266373                    /usr/lib/x86_64-linux-gnu/gconv/gconv-modules.cache
7f8a0dfb5000-7f8a0dfb6000 rw-p 00000000 00:00 0 
7f8a0dfb6000-7f8a0e01f000 r-xp 00000000 08:06 8402901                    /usr/lib/jvm/java-8-oracle/jre/lib/amd64/libt2k.so
7f8a0e01f000-7f8a0e21f000 ---p 00069000 08:06 8402901                    /usr/lib/jvm/java-8-oracle/jre/lib/amd64/libt2k.so
7f8a0e21f000-7f8a0e226000 rw-p 00069000 08:06 8402901                    /usr/lib/jvm/java-8-oracle/jre/lib/amd64/libt2k.so
7f8a0e226000-7f8a0e236000 rw-p 00000000 00:00 0 
7f8a0e236000-7f8a0e247000 r-xp 00000000 08:06 8402866                    /usr/lib/jvm/java-8-oracle/jre/lib/amd64/libnio.so
7f8a0e247000-7f8a0e446000 ---p 00011000 08:06 8402866                    /usr/lib/jvm/java-8-oracle/jre/lib/amd64/libnio.so
7f8a0e446000-7f8a0e447000 rw-p 00010000 08:06 8402866                    /usr/lib/jvm/java-8-oracle/jre/lib/amd64/libnio.so
7f8a0e447000-7f8a0e45d000 r-xp 00000000 08:06 8402850                    /usr/lib/jvm/java-8-oracle/jre/lib/amd64/libnet.so
7f8a0e45d000-7f8a0e65d000 ---p 00016000 08:06 8402850                    /usr/lib/jvm/java-8-oracle/jre/lib/amd64/libnet.so
7f8a0e65d000-7f8a0e65e000 rw-p 00016000 08:06 8402850                    /usr/lib/jvm/java-8-oracle/jre/lib/amd64/libnet.so
7f8a0e65e000-7f8a0e75e000 rw-p 00000000 00:00 0 
7f8a0e75e000-7f8a0e85e000 ---p 00000000 00:00 0 
7f8a0e85e000-7f8a0e861000 ---p 00000000 00:00 0 
7f8a0e861000-7f8a0e95f000 rwxp 00000000 00:00 0                          [stack:2788]
7f8a0e95f000-7f8a0e962000 ---p 00000000 00:00 0 
7f8a0e962000-7f8a0ea60000 rwxp 00000000 00:00 0                          [stack:2787]
7f8a0ea60000-7f8a0ea69000 r-xp 00000000 08:06 7996791                    /usr/lib/x86_64-linux-gnu/libXcursor.so.1.0.2
7f8a0ea69000-7f8a0ec68000 ---p 00009000 08:06 7996791                    /usr/lib/x86_64-linux-gnu/libXcursor.so.1.0.2
7f8a0ec68000-7f8a0ec69000 r--p 00008000 08:06 7996791                    /usr/lib/x86_64-linux-gnu/libXcursor.so.1.0.2
7f8a0ec69000-7f8a0ec6a000 rw-p 00009000 08:06 7996791                    /usr/lib/x86_64-linux-gnu/libXcursor.so.1.0.2
7f8a0ec6a000-7f8a0ec6b000 r--s 00000000 08:06 2097242                    /var/cache/fontconfig/e7071f4a29fa870f4323321c154eba04-le64.cache-3
7f8a0ec6b000-7f8a0ec6c000 r--s 00000000 08:06 2097215                    /var/cache/fontconfig/0d8c3b2ac0904cb8a57a757ad11a4a08-le64.cache-3
7f8a0ec6c000-7f8a0ec6f000 r--s 00000000 08:06 2097229                    /var/cache/fontconfig/8801497958630a81b71ace7c5f9b32a8-le64.cache-3
7f8a0ec6f000-7f8a0ec74000 r--s 00000000 08:06 2097218                    /var/cache/fontconfig/3047814df9a2f067bd2d96a2b9c36e5a-le64.cache-3
7f8a0ec74000-7f8a0ec79000 r--s 00000000 08:06 2097233                    /var/cache/fontconfig/b47c4e1ecd0709278f4910c18777a504-le64.cache-3
7f8a0ec79000-7f8a0ec84000 r--s 00000000 08:06 2104346                    /var/cache/fontconfig/e13b20fdb08344e0e664864cc2ede53d-le64.cache-3
7f8a0ec84000-7f8a0ec88000 r--s 00000000 08:06 2099094                    /var/cache/fontconfig/7ef2298fde41cc6eeb7af42e48b7d293-le64.cache-3
7f8a0ec88000-7f8a0ec8b000 ---p 00000000 00:00 0 
7f8a0ec8b000-7f8a0ed89000 rwxp 00000000 00:00 0                          [stack:2786]
7f8a0ed89000-7f8a0edee000 r-xp 00000000 08:06 8402855                    /usr/lib/jvm/java-8-oracle/jre/lib/amd64/libfontmanager.so
7f8a0edee000-7f8a0efed000 ---p 00065000 08:06 8402855                    /usr/lib/jvm/java-8-oracle/jre/lib/amd64/libfontmanager.so
7f8a0efed000-7f8a0eff2000 rw-p 00064000 08:06 8402855                    /usr/lib/jvm/java-8-oracle/jre/lib/amd64/libfontmanager.so
7f8a0eff2000-7f8a0f002000 rw-p 00000000 00:00 0 
7f8a0f002000-7f8a0f004000 r--s 00016000 08:06 12321463                   /home/shiwangi/Downloads/idea-IC-141.177.4/lib/idea_rt.jar
7f8a0f004000-7f8a0f00e000 r--s 00089000 08:06 13900359                   /home/shiwangi/Downloads/Tess4J.3/lib/xmlgraphics-commons-1.5.jar
7f8a0f00e000-7f8a0f010000 r--s 00007000 08:06 13900358                   /home/shiwangi/Downloads/Tess4J.3/lib/slf4j-api-1.7.13.jar
7f8a0f010000-7f8a0f014000 r--s 00015000 08:06 13900357                   /home/shiwangi/Downloads/Tess4J.3/lib/rococoa-core-0.5.jar
7f8a0f014000-7f8a0f01f000 r--s 00065000 08:06 13900354                   /home/shiwangi/Downloads/Tess4J.3/lib/logback-core-1.1.3.jar
7f8a0f01f000-7f8a0f02e000 r-xp 00000000 08:06 7996761                    /usr/lib/x86_64-linux-gnu/libXi.so.6.1.0
7f8a0f02e000-7f8a0f22d000 ---p 0000f000 08:06 7996761                    /usr/lib/x86_64-linux-gnu/libXi.so.6.1.0
7f8a0f22d000-7f8a0f22e000 r--p 0000e000 08:06 7996761                    /usr/lib/x86_64-linux-gnu/libXi.so.6.1.0
7f8a0f22e000-7f8a0f22f000 rw-p 0000f000 08:06 7996761                    /usr/lib/x86_64-linux-gnu/libXi.so.6.1.0
7f8a0f22f000-7f8a0f234000 r-xp 00000000 08:06 7996019                    /usr/lib/x86_64-linux-gnu/libXtst.so.6.1.0
7f8a0f234000-7f8a0f433000 ---p 00005000 08:06 7996019                    /usr/lib/x86_64-linux-gnu/libXtst.so.6.1.0
7f8a0f433000-7f8a0f434000 r--p 00004000 08:06 7996019                    /usr/lib/x86_64-linux-gnu/libXtst.so.6.1.0
7f8a0f434000-7f8a0f435000 rw-p 00005000 08:06 7996019                    /usr/lib/x86_64-linux-gnu/libXtst.so.6.1.0
7f8a0f435000-7f8a0f43e000 r-xp 00000000 08:06 7996787                    /usr/lib/x86_64-linux-gnu/libXrender.so.1.3.0
7f8a0f43e000-7f8a0f63d000 ---p 00009000 08:06 7996787                    /usr/lib/x86_64-linux-gnu/libXrender.so.1.3.0
7f8a0f63d000-7f8a0f63e000 r--p 00008000 08:06 7996787                    /usr/lib/x86_64-linux-gnu/libXrender.so.1.3.0
7f8a0f63e000-7f8a0f63f000 rw-p 00009000 08:06 7996787                    /usr/lib/x86_64-linux-gnu/libXrender.so.1.3.0
7f8a0f63f000-7f8a0f693000 r-xp 00000000 08:06 8402852                    /usr/lib/jvm/java-8-oracle/jre/lib/amd64/libawt_xawt.so
7f8a0f693000-7f8a0f893000 ---p 00054000 08:06 8402852                    /usr/lib/jvm/java-8-oracle/jre/lib/amd64/libawt_xawt.so
7f8a0f893000-7f8a0f897000 rw-p 00054000 08:06 8402852                    /usr/lib/jvm/java-8-oracle/jre/lib/amd64/libawt_xawt.so
7f8a0f897000-7f8a0f898000 rw-p 00000000 00:00 0 
7f8a0f898000-7f8a0f93a000 r-xp 00000000 08:06 8402903                    /usr/lib/jvm/java-8-oracle/jre/lib/amd64/libawt.so
7f8a0f93a000-7f8a0fb3a000 ---p 000a2000 08:06 8402903                    /usr/lib/jvm/java-8-oracle/jre/lib/amd64/libawt.so
7f8a0fb3a000-7f8a0fb46000 rw-p 000a2000 08:06 8402903                    /usr/lib/jvm/java-8-oracle/jre/lib/amd64/libawt.so
7f8a0fb46000-7f8a0fdde000 rw-p 00000000 00:00 0 
7f8a0fdde000-7f8a0fded000 r-xp 00000000 08:06 8009205                    /usr/lib/libtbbmalloc.so.2
7f8a0fded000-7f8a0ffed000 ---p 0000f000 08:06 8009205                    /usr/lib/libtbbmalloc.so.2
7f8a0ffed000-7f8a0ffee000 r--p 0000f000 08:06 8009205                    /usr/lib/libtbbmalloc.so.2
7f8a0ffee000-7f8a0ffef000 rw-p 00010000 08:06 8009205                    /usr/lib/libtbbmalloc.so.2
7f8a0ffef000-7f8a10000000 rw-p 00000000 00:00 0 
7f8a10000000-7f8a10021000 rw-p 00000000 00:00 0 
7f8a10021000-7f8a14000000 ---p 00000000 00:00 0 
7f8a14000000-7f8a14006000 r--s 0003f000 08:06 13900353                   /home/shiwangi/Downloads/Tess4J.3/lib/logback-classic-1.1.3.jar
7f8a14006000-7f8a14017000 r--s 00106000 08:06 13900347                   /home/shiwangi/Downloads/Tess4J.3/lib/jai_imageio.jar
7f8a14017000-7f8a14037000 rw-p 00000000 00:00 0 
7f8a14037000-7f8a1403c000 r-xp 00000000 08:06 8002501                    /usr/lib/x86_64-linux-gnu/libXdmcp.so.6.0.0
7f8a1403c000-7f8a1423b000 ---p 00005000 08:06 8002501                    /usr/lib/x86_64-linux-gnu/libXdmcp.so.6.0.0
7f8a1423b000-7f8a1423c000 r--p 00004000 08:06 8002501                    /usr/lib/x86_64-linux-gnu/libXdmcp.so.6.0.0
7f8a1423c000-7f8a1423d000 rw-p 00005000 08:06 8002501                    /usr/lib/x86_64-linux-gnu/libXdmcp.so.6.0.0
7f8a1423d000-7f8a1423f000 r-xp 00000000 08:06 8002490                    /usr/lib/x86_64-linux-gnu/libXau.so.6.0.0
7f8a1423f000-7f8a1443e000 ---p 00002000 08:06 8002490                    /usr/lib/x86_64-linux-gnu/libXau.so.6.0.0
7f8a1443e000-7f8a1443f000 r--p 00001000 08:06 8002490                    /usr/lib/x86_64-linux-gnu/libXau.so.6.0.0
7f8a1443f000-7f8a14440000 rw-p 00002000 08:06 8002490                    /usr/lib/x86_64-linux-gnu/libXau.so.6.0.0
7f8a14440000-7f8a14461000 r-xp 00000000 08:06 8003062                    /usr/lib/x86_64-linux-gnu/libv4lconvert.so.0
7f8a14461000-7f8a14660000 ---p 00021000 08:06 8003062                    /usr/lib/x86_64-linux-gnu/libv4lconvert.so.0
7f8a14660000-7f8a14662000 r--p 00020000 08:06 8003062                    /usr/lib/x86_64-linux-gnu/libv4lconvert.so.0
7f8a14662000-7f8a14663000 rw-p 00022000 08:06 8003062                    /usr/lib/x86_64-linux-gnu/libv4lconvert.so.0
7f8a14663000-7f8a146b5000 rw-p 00000000 00:00 0 
7f8a146b5000-7f8a146c3000 r-xp 00000000 08:06 2363012                    /lib/x86_64-linux-gnu/libusb-1.0.so.0.1.0
7f8a146c3000-7f8a148c2000 ---p 0000e000 08:06 2363012                    /lib/x86_64-linux-gnu/libusb-1.0.so.0.1.0
7f8a148c2000-7f8a148c3000 r--p 0000d000 08:06 2363012                    /lib/x86_64-linux-gnu/libusb-1.0.so.0.1.0
7f8a148c3000-7f8a148c4000 rw-p 0000e000 08:06 2363012                    /lib/x86_64-linux-gnu/libusb-1.0.so.0.1.0
7f8a148c4000-7f8a148d1000 r-xp 00000000 08:06 8002981                    /usr/lib/x86_64-linux-gnu/libraw1394.so.11.0.1
7f8a148d1000-7f8a14ad1000 ---p 0000d000 08:06 8002981                    /usr/lib/x86_64-linux-gnu/libraw1394.so.11.0.1
7f8a14ad1000-7f8a14ad2000 r--p 0000d000 08:06 8002981                    /usr/lib/x86_64-linux-gnu/libraw1394.so.11.0.1
7f8a14ad2000-7f8a14ad3000 rw-p 0000e000 08:06 8002981                    /usr/lib/x86_64-linux-gnu/libraw1394.so.11.0.1
7f8a14ad3000-7f8a14ad9000 r-xp 00000000 08:06 8005614                    /usr/lib/libIlmThread.so.6.0.0
7f8a14ad9000-7f8a14cd8000 ---p 00006000 08:06 8005614                    /usr/lib/libIlmThread.so.6.0.0
7f8a14cd8000-7f8a14cd9000 r--p 00005000 08:06 8005614                    /usr/lib/libIlmThread.so.6.0.0
7f8a14cd9000-7f8a14cda000 rw-p 00006000 08:06 8005614                    /usr/lib/libIlmThread.so.6.0.0
7f8a14cda000-7f8a14cf4000 r-xp 00000000 08:06 8005611                    /usr/lib/libIex.so.6.0.0
7f8a14cf4000-7f8a14ef4000 ---p 0001a000 08:06 8005611                    /usr/lib/libIex.so.6.0.0
7f8a14ef4000-7f8a14ef8000 r--p 0001a000 08:06 8005611                    /usr/lib/libIex.so.6.0.0
7f8a14ef8000-7f8a14ef9000 rw-p 0001e000 08:06 8005611                    /usr/lib/libIex.so.6.0.0
7f8a14ef9000-7f8a14efd000 r-xp 00000000 08:06 8005613                    /usr/lib/libImath.so.6.0.0
7f8a14efd000-7f8a150fd000 ---p 00004000 08:06 8005613                    /usr/lib/libImath.so.6.0.0
7f8a150fd000-7f8a150fe000 r--p 00004000 08:06 8005613                    /usr/lib/libImath.so.6.0.0
7f8a150fe000-7f8a150ff000 rw-p 00005000 08:06 8005613                    /usr/lib/libImath.so.6.0.0
7f8a150ff000-7f8a15109000 r-xp 00000000 08:06 7995517                    /usr/lib/x86_64-linux-gnu/libdrm.so.2.4.0
7f8a15109000-7f8a15308000 ---p 0000a000 08:06 7995517                    /usr/lib/x86_64-linux-gnu/libdrm.so.2.4.0
7f8a15308000-7f8a15309000 r--p 00009000 08:06 7995517                    /usr/lib/x86_64-linux-gnu/libdrm.so.2.4.0
7f8a15309000-7f8a1530a000 rw-p 0000a000 08:06 7995517                    /usr/lib/x86_64-linux-gnu/libdrm.so.2.4.0
7f8a1530a000-7f8a1530e000 r-xp 00000000 08:06 7996788                    /usr/lib/x86_64-linux-gnu/libXxf86vm.so.1.0.0
7f8a1530e000-7f8a1550d000 ---p 00004000 08:06 7996788                    /usr/lib/x86_64-linux-gnu/libXxf86vm.so.1.0.0
7f8a1550d000-7f8a1550e000 r--p 00003000 08:06 7996788                    /usr/lib/x86_64-linux-gnu/libXxf86vm.so.1.0.0
7f8a1550e000-7f8a1550f000 rw-p 00004000 08:06 7996788                    /usr/lib/x86_64-linux-gnu/libXxf86vm.so.1.0.0
7f8a1550f000-7f8a1552c000 r-xp 00000000 08:06 7995626                    /usr/lib/x86_64-linux-gnu/libxcb.so.1.1.0
7f8a1552c000-7f8a1572b000 ---p 0001d000 08:06 7995626                    /usr/lib/x86_64-linux-gnu/libxcb.so.1.1.0
7f8a1572b000-7f8a1572c000 r--p 0001c000 08:06 7995626                    /usr/lib/x86_64-linux-gnu/libxcb.so.1.1.0
7f8a1572c000-7f8a1572d000 rw-p 0001d000 08:06 7995626                    /usr/lib/x86_64-linux-gnu/libxcb.so.1.1.0
7f8a1572d000-7f8a15742000 r-xp 00000000 08:06 7996784                    /usr/lib/x86_64-linux-gnu/libxcb-glx.so.0.0.0
7f8a15742000-7f8a15941000 ---p 00015000 08:06 7996784                    /usr/lib/x86_64-linux-gnu/libxcb-glx.so.0.0.0
7f8a15941000-7f8a15943000 r--p 00014000 08:06 7996784                    /usr/lib/x86_64-linux-gnu/libxcb-glx.so.0.0.0
7f8a15943000-7f8a15944000 rw-p 00016000 08:06 7996784                    /usr/lib/x86_64-linux-gnu/libxcb-glx.so.0.0.0
7f8a15944000-7f8a15a74000 r-xp 00000000 08:06 7996241                    /usr/lib/x86_64-linux-gnu/libX11.so.6.3.0
7f8a15a74000-7f8a15c74000 ---p 00130000 08:06 7996241                    /usr/lib/x86_64-linux-gnu/libX11.so.6.3.0
7f8a15c74000-7f8a15c75000 r--p 00130000 08:06 7996241                    /usr/lib/x86_64-linux-gnu/libX11.so.6.3.0
7f8a15c75000-7f8a15c79000 rw-p 00131000 08:06 7996241                    /usr/lib/x86_64-linux-gnu/libX11.so.6.3.0
7f8a15c79000-7f8a15c7a000 r-xp 00000000 08:06 8000056                    /usr/lib/x86_64-linux-gnu/libX11-xcb.so.1.0.0
7f8a15c7a000-7f8a15e79000 ---p 00001000 08:06 8000056                    /usr/lib/x86_64-linux-gnu/libX11-xcb.so.1.0.0
7f8a15e79000-7f8a15e7a000 r--p 00000000 08:06 8000056                    /usr/lib/x86_64-linux-gnu/libX11-xcb.so.1.0.0
7f8a15e7a000-7f8a15e7b000 rw-p 00001000 08:06 8000056                    /usr/lib/x86_64-linux-gnu/libX11-xcb.so.1.0.0
7f8a15e7b000-7f8a15e80000 r-xp 00000000 08:06 7998711                    /usr/lib/x86_64-linux-gnu/libXfixes.so.3.1.0
7f8a15e80000-7f8a1607f000 ---p 00005000 08:06 7998711                    /usr/lib/x86_64-linux-gnu/libXfixes.so.3.1.0
7f8a1607f000-7f8a16080000 r--p 00004000 08:06 7998711                    /usr/lib/x86_64-linux-gnu/libXfixes.so.3.1.0
7f8a16080000-7f8a16081000 rw-p 00005000 08:06 7998711                    /usr/lib/x86_64-linux-gnu/libXfixes.so.3.1.0
7f8a16081000-7f8a16083000 r-xp 00000000 08:06 8002499                    /usr/lib/x86_64-linux-gnu/libXdamage.so.1.1.0
7f8a16083000-7f8a16282000 ---p 00002000 08:06 8002499                    /usr/lib/x86_64-linux-gnu/libXdamage.so.1.1.0
7f8a16282000-7f8a16283000 r--p 00001000 08:06 8002499                    /usr/lib/x86_64-linux-gnu/libXdamage.so.1.1.0
7f8a16283000-7f8a16284000 rw-p 00002000 08:06 8002499                    /usr/lib/x86_64-linux-gnu/libXdamage.so.1.1.0
7f8a16284000-7f8a16294000 r-xp 00000000 08:06 7999062                    /usr/lib/x86_64-linux-gnu/libXext.so.6.4.0
7f8a16294000-7f8a16493000 ---p 00010000 08:06 7999062                    /usr/lib/x86_64-linux-gnu/libXext.so.6.4.0
7f8a16493000-7f8a16494000 r--p 0000f000 08:06 7999062                    /usr/lib/x86_64-linux-gnu/libXext.so.6.4.0
7f8a16494000-7f8a16495000 rw-p 00010000 08:06 7999062                    /usr/lib/x86_64-linux-gnu/libXext.so.6.4.0
7f8a16495000-7f8a164b6000 r-xp 00000000 08:06 7996778                    /usr/lib/x86_64-linux-gnu/libglapi.so.0.0.0
7f8a164b6000-7f8a166b5000 ---p 00021000 08:06 7996778                    /usr/lib/x86_64-linux-gnu/libglapi.so.0.0.0
7f8a166b5000-7f8a166b8000 r--p 00020000 08:06 7996778                    /usr/lib/x86_64-linux-gnu/libglapi.so.0.0.0
7f8a166b8000-7f8a166b9000 rw-p 00023000 08:06 7996778                    /usr/lib/x86_64-linux-gnu/libglapi.so.0.0.0
7f8a166b9000-7f8a166ba000 rw-p 00000000 00:00 0 
7f8a166ba000-7f8a16712000 r-xp 00000000 08:06 18615198                   /home/shiwangi/Downloads/opencv-3.0.0/build/lib/libopencv_flann.so.3.0.0
7f8a16712000-7f8a16912000 ---p 00058000 08:06 18615198                   /home/shiwangi/Downloads/opencv-3.0.0/build/lib/libopencv_flann.so.3.0.0
7f8a16912000-7f8a16915000 r--p 00058000 08:06 18615198                   /home/shiwangi/Downloads/opencv-3.0.0/build/lib/libopencv_flann.so.3.0.0
7f8a16915000-7f8a16916000 rw-p 0005b000 08:06 18615198                   /home/shiwangi/Downloads/opencv-3.0.0/build/lib/libopencv_flann.so.3.0.0
7f8a16916000-7f8a1691e000 r-xp 00000000 08:06 8003061                    /usr/lib/x86_64-linux-gnu/libv4l2.so.0
7f8a1691e000-7f8a16b1d000 ---p 00008000 08:06 8003061                    /usr/lib/x86_64-linux-gnu/libv4l2.so.0
7f8a16b1d000-7f8a16b1e000 r--p 00007000 08:06 8003061                    /usr/lib/x86_64-linux-gnu/libv4l2.so.0
7f8a16b1e000-7f8a16b22000 rw-p 00008000 08:06 8003061                    /usr/lib/x86_64-linux-gnu/libv4l2.so.0
7f8a16b22000-7f8a16b27000 r-xp 00000000 08:06 8003060                    /usr/lib/x86_64-linux-gnu/libv4l1.so.0
7f8a16b27000-7f8a16d26000 ---p 00005000 08:06 8003060                    /usr/lib/x86_64-linux-gnu/libv4l1.so.0
7f8a16d26000-7f8a16d27000 r--p 00004000 08:06 8003060                    /usr/lib/x86_64-linux-gnu/libv4l1.so.0
7f8a16d27000-7f8a16d28000 rw-p 00005000 08:06 8003060                    /usr/lib/x86_64-linux-gnu/libv4l1.so.0
7f8a16d28000-7f8a16d5a000 r-xp 00000000 08:06 8004809                    /usr/lib/x86_64-linux-gnu/libdc1394.so.22.1.7
7f8a16d5a000-7f8a16f59000 ---p 00032000 08:06 8004809                    /usr/lib/x86_64-linux-gnu/libdc1394.so.22.1.7
7f8a16f59000-7f8a16f5a000 r--p 00031000 08:06 8004809                    /usr/lib/x86_64-linux-gnu/libdc1394.so.22.1.7
7f8a16f5a000-7f8a16f5b000 rw-p 00032000 08:06 8004809                    /usr/lib/x86_64-linux-gnu/libdc1394.so.22.1.7
7f8a16f5b000-7f8a16f9b000 rw-p 00000000 00:00 0 
7f8a16f9b000-7f8a16fdd000 r-xp 00000000 08:06 8005612                    /usr/lib/libHalf.so.6.0.0
7f8a16fdd000-7f8a171dc000 ---p 00042000 08:06 8005612                    /usr/lib/libHalf.so.6.0.0
7f8a171dc000-7f8a171dd000 r--p 00041000 08:06 8005612                    /usr/lib/libHalf.so.6.0.0
7f8a171dd000-7f8a171de000 rw-p 00042000 08:06 8005612                    /usr/lib/libHalf.so.6.0.0
7f8a171de000-7f8a1729c000 r-xp 00000000 08:06 8005619                    /usr/lib/libIlmImf.so.6.0.0
7f8a1729c000-7f8a1749b000 ---p 000be000 08:06 8005619                    /usr/lib/libIlmImf.so.6.0.0
7f8a1749b000-7f8a1749e000 r--p 000bd000 08:06 8005619                    /usr/lib/libIlmImf.so.6.0.0
7f8a1749e000-7f8a1749f000 rw-p 000c0000 08:06 8005619                    /usr/lib/libIlmImf.so.6.0.0
7f8a1749f000-7f8a174eb000 r-xp 00000000 08:06 8002121                    /usr/lib/x86_64-linux-gnu/libjasper.so.1.0.0
7f8a174eb000-7f8a176eb000 ---p 0004c000 08:06 8002121                    /usr/lib/x86_64-linux-gnu/libjasper.so.1.0.0
7f8a176eb000-7f8a176ec000 r--p 0004c000 08:06 8002121                    /usr/lib/x86_64-linux-gnu/libjasper.so.1.0.0
7f8a176ec000-7f8a176f0000 rw-p 0004d000 08:06 8002121                    /usr/lib/x86_64-linux-gnu/libjasper.so.1.0.0
7f8a176f0000-7f8a176f7000 rw-p 00000000 00:00 0 
7f8a176f7000-7f8a17758000 r-xp 00000000 08:06 7996797                    /usr/lib/x86_64-linux-gnu/libtiff.so.4.3.4
7f8a17758000-7f8a17958000 ---p 00061000 08:06 7996797                    /usr/lib/x86_64-linux-gnu/libtiff.so.4.3.4
7f8a17958000-7f8a1795a000 r--p 00061000 08:06 7996797                    /usr/lib/x86_64-linux-gnu/libtiff.so.4.3.4
7f8a1795a000-7f8a1795b000 rw-p 00063000 08:06 7996797                    /usr/lib/x86_64-linux-gnu/libtiff.so.4.3.4
7f8a1795b000-7f8a17981000 r-xp 00000000 08:06 2360122                    /lib/x86_64-linux-gnu/libpng12.so.0.46.0
7f8a17981000-7f8a17b81000 ---p 00026000 08:06 2360122                    /lib/x86_64-linux-gnu/libpng12.so.0.46.0
7f8a17b81000-7f8a17b82000 r--p 00026000 08:06 2360122                    /lib/x86_64-linux-gnu/libpng12.so.0.46.0
7f8a17b82000-7f8a17b83000 rw-p 00027000 08:06 2360122                    /lib/x86_64-linux-gnu/libpng12.so.0.46.0
7f8a17b83000-7f8a17bc2000 r-xp 00000000 08:06 7996830                    /usr/lib/x86_64-linux-gnu/libjpeg.so.8.0.2
7f8a17bc2000-7f8a17dc1000 ---p 0003f000 08:06 7996830                    /usr/lib/x86_64-linux-gnu/libjpeg.so.8.0.2
7f8a17dc1000-7f8a17dc2000 r--p 0003e000 08:06 7996830                    /usr/lib/x86_64-linux-gnu/libjpeg.so.8.0.2
7f8a17dc2000-7f8a17dc3000 rw-p 0003f000 08:06 7996830                    /usr/lib/x86_64-linux-gnu/libjpeg.so.8.0.2
7f8a17dc3000-7f8a17dd3000 rw-p 00000000 00:00 0 
7f8a17dd3000-7f8a17dfc000 r-xp 00000000 08:06 8009204                    /usr/lib/libtbb.so.2
7f8a17dfc000-7f8a17ffc000 ---p 00029000 08:06 8009204                    /usr/lib/libtbb.so.2
7f8a17ffc000-7f8a17ffe000 r--p 00029000 08:06 8009204                    /usr/lib/libtbb.so.2
7f8a17ffe000-7f8a17fff000 rw-p 0002b000 08:06 8009204                    /usr/lib/libtbb.so.2
7f8a17fff000-7f8a18000000 rw-p 00000000 00:00 0 
7f8a18000000-7f8a181ae000 rw-p 00000000 00:00 0 
7f8a181ae000-7f8a1c000000 ---p 00000000 00:00 0 
7f8a1c000000-7f8a1c021000 rw-p 00000000 00:00 0 
7f8a1c021000-7f8a20000000 ---p 00000000 00:00 0 
7f8a20000000-7f8a20078000 rw-p 00000000 00:00 0 
7f8a20078000-7f8a24000000 ---p 00000000 00:00 0 
7f8a24000000-7f8a24140000 rw-p 00000000 00:00 0 
7f8a24140000-7f8a28000000 ---p 00000000 00:00 0 
7f8a28000000-7f8a28026000 rw-p 00000000 00:00 0 
7f8a28026000-7f8a2c000000 ---p 00000000 00:00 0 
7f8a2c000000-7f8a2c021000 rw-p 00000000 00:00 0 
7f8a2c021000-7f8a30000000 ---p 00000000 00:00 0 
7f8a30000000-7f8a30021000 rw-p 00000000 00:00 0 
7f8a30021000-7f8a34000000 ---p 00000000 00:00 0 
7f8a34000000-7f8a34021000 rw-p 00000000 00:00 0 
7f8a34021000-7f8a38000000 ---p 00000000 00:00 0 
7f8a38000000-7f8a38021000 rw-p 00000000 00:00 0 
7f8a38021000-7f8a3c000000 ---p 00000000 00:00 0 
7f8a3c000000-7f8a3c021000 rw-p 00000000 00:00 0 
7f8a3c021000-7f8a40000000 ---p 00000000 00:00 0 
7f8a40000000-7f8a40021000 rw-p 00000000 00:00 0 
7f8a40021000-7f8a44000000 ---p 00000000 00:00 0 
7f8a44000000-7f8a44021000 rw-p 00000000 00:00 0 
7f8a44021000-7f8a48000000 ---p 00000000 00:00 0 
7f8a48000000-7f8a48021000 rw-p 00000000 00:00 0 
7f8a48021000-7f8a4c000000 ---p 00000000 00:00 0 
7f8a4c000000-7f8a4c001000 r--s 00000000 08:06 2103509                    /var/cache/fontconfig/4794a0821666d79190d59a36cb4f44b5-le64.cache-3
7f8a4c001000-7f8a4c00a000 r--s 0006f000 08:06 13900352                   /home/shiwangi/Downloads/Tess4J.3/lib/log4j-1.2.17.jar
7f8a4c00a000-7f8a4c00f000 r--s 00470000 08:06 13900351                   /home/shiwangi/Downloads/Tess4J.3/lib/lept4j-1.0.1.jar
7f8a4c00f000-7f8a4c071000 r-xp 00000000 08:06 8259354                    /usr/lib/x86_64-linux-gnu/mesa/libGL.so.1.2.0
7f8a4c071000-7f8a4c271000 ---p 00062000 08:06 8259354                    /usr/lib/x86_64-linux-gnu/mesa/libGL.so.1.2.0
7f8a4c271000-7f8a4c273000 r--p 00062000 08:06 8259354                    /usr/lib/x86_64-linux-gnu/mesa/libGL.so.1.2.0
7f8a4c273000-7f8a4c274000 rw-p 00064000 08:06 8259354                    /usr/lib/x86_64-linux-gnu/mesa/libGL.so.1.2.0
7f8a4c274000-7f8a4c275000 rw-p 00000000 00:00 0 
7f8a4c275000-7f8a4c28b000 r-xp 00000000 08:06 2363020                    /lib/x86_64-linux-gnu/libz.so.1.2.3.4
7f8a4c28b000-7f8a4c48a000 ---p 00016000 08:06 2363020                    /lib/x86_64-linux-gnu/libz.so.1.2.3.4
7f8a4c48a000-7f8a4c48b000 r--p 00015000 08:06 2363020                    /lib/x86_64-linux-gnu/libz.so.1.2.3.4
7f8a4c48b000-7f8a4c48c000 rw-p 00016000 08:06 2363020                    /lib/x86_64-linux-gnu/libz.so.1.2.3.4
7f8a4c48c000-7f8a4c4a1000 r-xp 00000000 08:06 2362930                    /lib/x86_64-linux-gnu/libgcc_s.so.1
7f8a4c4a1000-7f8a4c6a0000 ---p 00015000 08:06 2362930                    /lib/x86_64-linux-gnu/libgcc_s.so.1
7f8a4c6a0000-7f8a4c6a1000 r--p 00014000 08:06 2362930                    /lib/x86_64-linux-gnu/libgcc_s.so.1
7f8a4c6a1000-7f8a4c6a2000 rw-p 00015000 08:06 2362930                    /lib/x86_64-linux-gnu/libgcc_s.so.1
7f8a4c6a2000-7f8a4c784000 r-xp 00000000 08:06 8003033                    /usr/lib/x86_64-linux-gnu/libstdc++.so.6.0.16
7f8a4c784000-7f8a4c983000 ---p 000e2000 08:06 8003033                    /usr/lib/x86_64-linux-gnu/libstdc++.so.6.0.16
7f8a4c983000-7f8a4c98b000 r--p 000e1000 08:06 8003033                    /usr/lib/x86_64-linux-gnu/libstdc++.so.6.0.16
7f8a4c98b000-7f8a4c98d000 rw-p 000e9000 08:06 8003033                    /usr/lib/x86_64-linux-gnu/libstdc++.so.6.0.16
7f8a4c98d000-7f8a4c9a2000 rw-p 00000000 00:00 0 
7f8a4c9a2000-7f8a4c9a3000 r--s 00000000 08:06 2097223                    /var/cache/fontconfig/56cf4f4769d0f4abc89a4895d7bd3ae1-le64.cache-3
7f8a4c9a3000-7f8a4c9ab000 r--s 00046000 08:06 13900350                   /home/shiwangi/Downloads/Tess4J.3/lib/junit-4.12.jar
7f8a4c9ab000-7f8a4c9af000 r--s 00112000 08:06 13900348                   /home/shiwangi/Downloads/Tess4J.3/lib/jna.jar
7f8a4c9af000-7f8a4c9bb000 r--s 00108000 08:06 13900346                   /home/shiwangi/Downloads/Tess4J.3/lib/itext-2.1.7.jar
7f8a4c9bb000-7f8a4c9c0000 r--s 00028000 08:06 13900344                   /home/shiwangi/Downloads/Tess4J.3/lib/ghost4j-1.0.0.jar
7f8a4c9c0000-7f8a4cb35000 r-xp 00000000 08:06 18615253                   /home/shiwangi/Downloads/opencv-3.0.0/build/lib/libopencv_calib3d.so.3.0.0
7f8a4cb35000-7f8a4cd34000 ---p 00175000 08:06 18615253                   /home/shiwangi/Downloads/opencv-3.0.0/build/lib/libopencv_calib3d.so.3.0.0
7f8a4cd34000-7f8a4cd36000 r--p 00174000 08:06 18615253                   /home/shiwangi/Downloads/opencv-3.0.0/build/lib/libopencv_calib3d.so.3.0.0
7f8a4cd36000-7f8a4cd37000 rw-p 00176000 08:06 18615253                   /home/shiwangi/Downloads/opencv-3.0.0/build/lib/libopencv_calib3d.so.3.0.0
7f8a4cd37000-7f8a4ce05000 r-xp 00000000 08:06 18615244                   /home/shiwangi/Downloads/opencv-3.0.0/build/lib/libopencv_features2d.so.3.0.0
7f8a4ce05000-7f8a4d004000 ---p 000ce000 08:06 18615244                   /home/shiwangi/Downloads/opencv-3.0.0/build/lib/libopencv_features2d.so.3.0.0
7f8a4d004000-7f8a4d009000 r--p 000cd000 08:06 18615244                   /home/shiwangi/Downloads/opencv-3.0.0/build/lib/libopencv_features2d.so.3.0.0
7f8a4d009000-7f8a4d00b000 rw-p 000d2000 08:06 18615244                   /home/shiwangi/Downloads/opencv-3.0.0/build/lib/libopencv_features2d.so.3.0.0
7f8a4d00b000-7f8a4d077000 r-xp 00000000 08:06 18615232                   /home/shiwangi/Downloads/opencv-3.0.0/build/lib/libopencv_objdetect.so.3.0.0
7f8a4d077000-7f8a4d277000 ---p 0006c000 08:06 18615232                   /home/shiwangi/Downloads/opencv-3.0.0/build/lib/libopencv_objdetect.so.3.0.0
7f8a4d277000-7f8a4d278000 r--p 0006c000 08:06 18615232                   /home/shiwangi/Downloads/opencv-3.0.0/build/lib/libopencv_objdetect.so.3.0.0
7f8a4d278000-7f8a4d279000 rw-p 0006d000 08:06 18615232                   /home/shiwangi/Downloads/opencv-3.0.0/build/lib/libopencv_objdetect.so.3.0.0
7f8a4d279000-7f8a4d29a000 r-xp 00000000 08:06 18615188                   /home/shiwangi/Downloads/opencv-3.0.0/build/lib/libopencv_videoio.so.3.0.0
7f8a4d29a000-7f8a4d49a000 ---p 00021000 08:06 18615188                   /home/shiwangi/Downloads/opencv-3.0.0/build/lib/libopencv_videoio.so.3.0.0
7f8a4d49a000-7f8a4d49b000 r--p 00021000 08:06 18615188                   /home/shiwangi/Downloads/opencv-3.0.0/build/lib/libopencv_videoio.so.3.0.0
7f8a4d49b000-7f8a4d49c000 rw-p 00022000 08:06 18615188                   /home/shiwangi/Downloads/opencv-3.0.0/build/lib/libopencv_videoio.so.3.0.0
7f8a4d49c000-7f8a4d49e000 rw-p 00000000 00:00 0 
7f8a4d49e000-7f8a4d529000 r-xp 00000000 08:06 18615183                   /home/shiwangi/Downloads/opencv-3.0.0/build/lib/libopencv_imgcodecs.so.3.0.0
7f8a4d529000-7f8a4d729000 ---p 0008b000 08:06 18615183                   /home/shiwangi/Downloads/opencv-3.0.0/build/lib/libopencv_imgcodecs.so.3.0.0
7f8a4d729000-7f8a4d72b000 r--p 0008b000 08:06 18615183                   /home/shiwangi/Downloads/opencv-3.0.0/build/lib/libopencv_imgcodecs.so.3.0.0
7f8a4d72b000-7f8a4d72c000 rw-p 0008d000 08:06 18615183                   /home/shiwangi/Downloads/opencv-3.0.0/build/lib/libopencv_imgcodecs.so.3.0.0
7f8a4d72c000-7f8a4d730000 rw-p 00000000 00:00 0 
7f8a4d730000-7f8a4d795000 r-xp 00000000 08:06 18615216                   /home/shiwangi/Downloads/opencv-3.0.0/build/lib/libopencv_video.so.3.0.0
7f8a4d795000-7f8a4d995000 ---p 00065000 08:06 18615216                   /home/shiwangi/Downloads/opencv-3.0.0/build/lib/libopencv_video.so.3.0.0
7f8a4d995000-7f8a4d996000 r--p 00065000 08:06 18615216                   /home/shiwangi/Downloads/opencv-3.0.0/build/lib/libopencv_video.so.3.0.0
7f8a4d996000-7f8a4d997000 rw-p 00066000 08:06 18615216                   /home/shiwangi/Downloads/opencv-3.0.0/build/lib/libopencv_video.so.3.0.0
7f8a4d997000-7f8a4da73000 r-xp 00000000 08:06 18615210                   /home/shiwangi/Downloads/opencv-3.0.0/build/lib/libopencv_photo.so.3.0.0
7f8a4da73000-7f8a4dc72000 ---p 000dc000 08:06 18615210                   /home/shiwangi/Downloads/opencv-3.0.0/build/lib/libopencv_photo.so.3.0.0
7f8a4dc72000-7f8a4dc75000 r--p 000db000 08:06 18615210                   /home/shiwangi/Downloads/opencv-3.0.0/build/lib/libopencv_photo.so.3.0.0
7f8a4dc75000-7f8a4dc76000 rw-p 000de000 08:06 18615210                   /home/shiwangi/Downloads/opencv-3.0.0/build/lib/libopencv_photo.so.3.0.0
7f8a4dc76000-7f8a4dd1c000 r-xp 00000000 08:06 18615205                   /home/shiwangi/Downloads/opencv-3.0.0/build/lib/libopencv_ml.so.3.0.0
7f8a4dd1c000-7f8a4df1c000 ---p 000a6000 08:06 18615205                   /home/shiwangi/Downloads/opencv-3.0.0/build/lib/libopencv_ml.so.3.0.0
7f8a4df1c000-7f8a4df1f000 r--p 000a6000 08:06 18615205                   /home/shiwangi/Downloads/opencv-3.0.0/build/lib/libopencv_ml.so.3.0.0
7f8a4df1f000-7f8a4df20000 rw-p 000a9000 08:06 18615205                   /home/shiwangi/Downloads/opencv-3.0.0/build/lib/libopencv_ml.so.3.0.0
7f8a4df20000-7f8a4ebd1000 r-xp 00000000 08:06 18615179                   /home/shiwangi/Downloads/opencv-3.0.0/build/lib/libopencv_imgproc.so.3.0.0
7f8a4ebd1000-7f8a4edd1000 ---p 00cb1000 08:06 18615179                   /home/shiwangi/Downloads/opencv-3.0.0/build/lib/libopencv_imgproc.so.3.0.0
7f8a4edd1000-7f8a4eddf000 r--p 00cb1000 08:06 18615179                   /home/shiwangi/Downloads/opencv-3.0.0/build/lib/libopencv_imgproc.so.3.0.0
7f8a4eddf000-7f8a4edf7000 rw-p 00cbf000 08:06 18615179                   /home/shiwangi/Downloads/opencv-3.0.0/build/lib/libopencv_imgproc.so.3.0.0
7f8a4edf7000-7f8a4ee8d000 rw-p 00000000 00:00 0 
7f8a4ee8d000-7f8a4f896000 r-xp 00000000 08:06 18615174                   /home/shiwangi/Downloads/opencv-3.0.0/build/lib/libopencv_core.so.3.0.0
7f8a4f896000-7f8a4fa96000 ---p 00a09000 08:06 18615174                   /home/shiwangi/Downloads/opencv-3.0.0/build/lib/libopencv_core.so.3.0.0
7f8a4fa96000-7f8a4faa6000 r--p 00a09000 08:06 18615174                   /home/shiwangi/Downloads/opencv-3.0.0/build/lib/libopencv_core.so.3.0.0
7f8a4faa6000-7f8a4fad2000 rw-p 00a19000 08:06 18615174                   /home/shiwangi/Downloads/opencv-3.0.0/build/lib/libopencv_core.so.3.0.0
7f8a4fad2000-7f8a4fad5000 rw-p 00000000 00:00 0 
7f8a4fad5000-7f8a4fb86000 r-xp 00000000 08:06 18615304                   /home/shiwangi/Downloads/opencv-3.0.0/build/lib/libopencv_java300.so
7f8a4fb86000-7f8a4fd85000 ---p 000b1000 08:06 18615304                   /home/shiwangi/Downloads/opencv-3.0.0/build/lib/libopencv_java300.so
7f8a4fd85000-7f8a4fd86000 r--p 000b0000 08:06 18615304                   /home/shiwangi/Downloads/opencv-3.0.0/build/lib/libopencv_java300.so
7f8a4fd86000-7f8a4fd87000 rw-p 000b1000 08:06 18615304                   /home/shiwangi/Downloads/opencv-3.0.0/build/lib/libopencv_java300.so
7f8a4fd87000-7f8a4fdfe000 r--s 0071d000 08:06 12455944                   /home/shiwangi/Opensoft2/lib/pdfbox-app-2.0.0-RC3.jar
7f8a4fdfe000-7f8a4fdff000 ---p 00000000 00:00 0 
7f8a4fdff000-7f8a50000000 rwxp 00000000 00:00 0                          [stack:2784]
7f8a50000000-7f8a50021000 rw-p 00000000 00:00 0 
7f8a50021000-7f8a54000000 ---p 00000000 00:00 0 
7f8a54000000-7f8a54002000 r--s 00000000 08:06 13900349                   /home/shiwangi/Downloads/Tess4J.3/lib/jul-to-slf4j-1.7.13.jar
7f8a54002000-7f8a54004000 r--s 0000a000 08:06 13900345                   /home/shiwangi/Downloads/Tess4J.3/lib/hamcrest-core-1.3.jar
7f8a54004000-7f8a54006000 r--s 0000e000 08:06 13900343                   /home/shiwangi/Downloads/Tess4J.3/lib/commons-logging-1.2.jar
7f8a54006000-7f8a5400a000 r--s 0002a000 08:06 13900342                   /home/shiwangi/Downloads/Tess4J.3/lib/commons-io-2.4.jar
7f8a5400a000-7f8a5400f000 r--s 00035000 08:06 13900341                   /home/shiwangi/Downloads/Tess4J.3/lib/commons-beanutils-1.9.2.jar
7f8a5400f000-7f8a54015000 r--s 002f8000 08:06 8139478                    /usr/lib/jvm/java-8-oracle/jre/lib/charsets.jar
7f8a54015000-7f8a54017000 r--s 020f8000 08:06 12455567                   /home/shiwangi/Opensoft2/lib/tess4j-3.0.jar
7f8a54017000-7f8a5401c000 r--s 00045000 08:06 12455941                   /home/shiwangi/Opensoft2/lib/opencv-300.jar
7f8a5401c000-7f8a54022000 r--s 002f8000 08:06 8139478                    /usr/lib/jvm/java-8-oracle/jre/lib/charsets.jar
7f8a54022000-7f8a54035000 r--s 000d6000 08:06 8139474                    /usr/lib/jvm/java-8-oracle/jre/lib/plugin.jar
7f8a54035000-7f8a54047000 r--s 00345000 08:06 8139433                    /usr/lib/jvm/java-8-oracle/jre/lib/resources.jar
7f8a54047000-7f8a54062000 r--s 00208000 08:06 8139430                    /usr/lib/jvm/java-8-oracle/jre/lib/deploy.jar
7f8a54062000-7f8a54063000 ---p 00000000 00:00 0 
7f8a54063000-7f8a54163000 rwxp 00000000 00:00 0                          [stack:2783]
7f8a54163000-7f8a54164000 ---p 00000000 00:00 0 
7f8a54164000-7f8a54264000 rwxp 00000000 00:00 0                          [stack:2782]
7f8a54264000-7f8a54265000 ---p 00000000 00:00 0 
7f8a54265000-7f8a54668000 rwxp 00000000 00:00 0                          [stack:2770]
7f8a54668000-7f8a5466c000 r-xp 00000000 08:06 8402909                    /usr/lib/jvm/java-8-oracle/jre/lib/amd64/libdt_socket.so
7f8a5466c000-7f8a5486b000 ---p 00004000 08:06 8402909                    /usr/lib/jvm/java-8-oracle/jre/lib/amd64/libdt_socket.so
7f8a5486b000-7f8a5486c000 rw-p 00003000 08:06 8402909                    /usr/lib/jvm/java-8-oracle/jre/lib/amd64/libdt_socket.so
7f8a5486c000-7f8a54b6f000 rwxp 00000000 00:00 0                          [stack:2764]
7f8a54b6f000-7f8a54b70000 ---p 00000000 00:00 0 
7f8a54b70000-7f8a54c70000 rwxp 00000000 00:00 0                          [stack:2763]
7f8a54c70000-7f8a58000000 rw-p 00000000 00:00 0 
7f8a58000000-7f8a58021000 rw-p 00000000 00:00 0 
7f8a58021000-7f8a5c000000 ---p 00000000 00:00 0 
7f8a5c000000-7f8a5c001000 r--s 00000000 08:06 2097234                    /var/cache/fontconfig/b9d506c9ac06c20b433354fa67a72993-le64.cache-3
7f8a5c001000-7f8a5c006000 r--s 00084000 08:06 8139475                    /usr/lib/jvm/java-8-oracle/jre/lib/jfr.jar
7f8a5c006000-7f8a5c229000 rw-p 00000000 00:00 0 
7f8a5c229000-7f8a5c401000 r--s 03d1d000 08:06 8139468                    /usr/lib/jvm/java-8-oracle/jre/lib/rt.jar
7f8a5c401000-7f8a5c659000 rw-p 00000000 00:00 0 
7f8a5c659000-7f8a5c65a000 ---p 00000000 00:00 0 
7f8a5c65a000-7f8a5c75a000 rwxp 00000000 00:00 0                          [stack:2756]
7f8a5c75a000-7f8a5c75b000 ---p 00000000 00:00 0 
7f8a5c75b000-7f8a5c85b000 rwxp 00000000 00:00 0                          [stack:2755]
7f8a5c85b000-7f8a5c85c000 ---p 00000000 00:00 0 
7f8a5c85c000-7f8a5c95c000 rwxp 00000000 00:00 0                          [stack:2754]
7f8a5c95c000-7f8a5c95d000 ---p 00000000 00:00 0 
7f8a5c95d000-7f8a5ca5d000 rwxp 00000000 00:00 0                          [stack:2753]
7f8a5ca5d000-7f8a5ca72000 rw-p 00000000 00:00 0 
7f8a5ca72000-7f8a5cb9e000 ---p 00000000 00:00 0 
7f8a5cb9e000-7f8a5cbb1000 rw-p 00000000 00:00 0 
7f8a5cbb1000-7f8a5cc3f000 ---p 00000000 00:00 0 
7f8a5cc3f000-7f8a5cc4a000 rw-p 00000000 00:00 0 
7f8a5cc4a000-7f8a5d000000 ---p 00000000 00:00 0 
7f8a5d000000-7f8a5d270000 rwxp 00000000 00:00 0 
7f8a5d270000-7f8a6c000000 ---p 00000000 00:00 0 
7f8a6c000000-7f8a6c754000 rw-p 00000000 00:00 0 
7f8a6c754000-7f8a70000000 ---p 00000000 00:00 0 
7f8a70000000-7f8a70009000 r--s 0006c000 08:06 8139410                    /usr/lib/jvm/java-8-oracle/jre/lib/javaws.jar
7f8a70009000-7f8a7003f000 rw-p 00000000 00:00 0 
7f8a7003f000-7f8a7016c000 ---p 00000000 00:00 0 
7f8a7016c000-7f8a70186000 r-xp 00000000 08:06 8402889                    /usr/lib/jvm/java-8-oracle/jre/lib/amd64/libzip.so
7f8a70186000-7f8a70386000 ---p 0001a000 08:06 8402889                    /usr/lib/jvm/java-8-oracle/jre/lib/amd64/libzip.so
7f8a70386000-7f8a70387000 rw-p 0001a000 08:06 8402889                    /usr/lib/jvm/java-8-oracle/jre/lib/amd64/libzip.so
7f8a70387000-7f8a70393000 r-xp 00000000 08:06 2360365                    /lib/x86_64-linux-gnu/libnss_files-2.15.so
7f8a70393000-7f8a70592000 ---p 0000c000 08:06 2360365                    /lib/x86_64-linux-gnu/libnss_files-2.15.so
7f8a70592000-7f8a70593000 r--p 0000b000 08:06 2360365                    /lib/x86_64-linux-gnu/libnss_files-2.15.so
7f8a70593000-7f8a70594000 rw-p 0000c000 08:06 2360365                    /lib/x86_64-linux-gnu/libnss_files-2.15.so
7f8a70594000-7f8a7059e000 r-xp 00000000 08:06 2360347                    /lib/x86_64-linux-gnu/libnss_nis-2.15.so
7f8a7059e000-7f8a7079e000 ---p 0000a000 08:06 2360347                    /lib/x86_64-linux-gnu/libnss_nis-2.15.so
7f8a7079e000-7f8a7079f000 r--p 0000a000 08:06 2360347                    /lib/x86_64-linux-gnu/libnss_nis-2.15.so
7f8a7079f000-7f8a707a0000 rw-p 0000b000 08:06 2360347                    /lib/x86_64-linux-gnu/libnss_nis-2.15.so
7f8a707a0000-7f8a707b7000 r-xp 00000000 08:06 2360359                    /lib/x86_64-linux-gnu/libnsl-2.15.so
7f8a707b7000-7f8a709b6000 ---p 00017000 08:06 2360359                    /lib/x86_64-linux-gnu/libnsl-2.15.so
7f8a709b6000-7f8a709b7000 r--p 00016000 08:06 2360359                    /lib/x86_64-linux-gnu/libnsl-2.15.so
7f8a709b7000-7f8a709b8000 rw-p 00017000 08:06 2360359                    /lib/x86_64-linux-gnu/libnsl-2.15.so
7f8a709b8000-7f8a709ba000 rw-p 00000000 00:00 0 
7f8a709ba000-7f8a709c2000 r-xp 00000000 08:06 2360364                    /lib/x86_64-linux-gnu/libnss_compat-2.15.so
7f8a709c2000-7f8a70bc1000 ---p 00008000 08:06 2360364                    /lib/x86_64-linux-gnu/libnss_compat-2.15.so
7f8a70bc1000-7f8a70bc2000 r--p 00007000 08:06 2360364                    /lib/x86_64-linux-gnu/libnss_compat-2.15.so
7f8a70bc2000-7f8a70bc3000 rw-p 00008000 08:06 2360364                    /lib/x86_64-linux-gnu/libnss_compat-2.15.so
7f8a70bc3000-7f8a712a7000 r--p 00000000 08:06 8001837                    /usr/lib/locale/locale-archive
7f8a712a7000-7f8a712a9000 r-xp 00000000 08:06 8402853                    /usr/lib/jvm/java-8-oracle/jre/lib/amd64/libnpt.so
7f8a712a9000-7f8a714a9000 ---p 00002000 08:06 8402853                    /usr/lib/jvm/java-8-oracle/jre/lib/amd64/libnpt.so
7f8a714a9000-7f8a714aa000 rw-p 00002000 08:06 8402853                    /usr/lib/jvm/java-8-oracle/jre/lib/amd64/libnpt.so
7f8a714aa000-7f8a714e3000 r-xp 00000000 08:06 8402893                    /usr/lib/jvm/java-8-oracle/jre/lib/amd64/libjdwp.so
7f8a714e3000-7f8a716e2000 ---p 00039000 08:06 8402893                    /usr/lib/jvm/java-8-oracle/jre/lib/amd64/libjdwp.so
7f8a716e2000-7f8a716e4000 rw-p 00038000 08:06 8402893                    /usr/lib/jvm/java-8-oracle/jre/lib/amd64/libjdwp.so
7f8a716e4000-7f8a7170e000 r-xp 00000000 08:06 8402871                    /usr/lib/jvm/java-8-oracle/jre/lib/amd64/libjava.so
7f8a7170e000-7f8a7190e000 ---p 0002a000 08:06 8402871                    /usr/lib/jvm/java-8-oracle/jre/lib/amd64/libjava.so
7f8a7190e000-7f8a71910000 rw-p 0002a000 08:06 8402871                    /usr/lib/jvm/java-8-oracle/jre/lib/amd64/libjava.so
7f8a71910000-7f8a7191d000 r-xp 00000000 08:06 8402891                    /usr/lib/jvm/java-8-oracle/jre/lib/amd64/libverify.so
7f8a7191d000-7f8a71b1d000 ---p 0000d000 08:06 8402891                    /usr/lib/jvm/java-8-oracle/jre/lib/amd64/libverify.so
7f8a71b1d000-7f8a71b1f000 rw-p 0000d000 08:06 8402891                    /usr/lib/jvm/java-8-oracle/jre/lib/amd64/libverify.so
7f8a71b1f000-7f8a71b26000 r-xp 00000000 08:06 2360351                    /lib/x86_64-linux-gnu/librt-2.15.so
7f8a71b26000-7f8a71d25000 ---p 00007000 08:06 2360351                    /lib/x86_64-linux-gnu/librt-2.15.so
7f8a71d25000-7f8a71d26000 r--p 00006000 08:06 2360351                    /lib/x86_64-linux-gnu/librt-2.15.so
7f8a71d26000-7f8a71d27000 rw-p 00007000 08:06 2360351                    /lib/x86_64-linux-gnu/librt-2.15.so
7f8a71d27000-7f8a71e22000 r-xp 00000000 08:06 2360366                    /lib/x86_64-linux-gnu/libm-2.15.so
7f8a71e22000-7f8a72021000 ---p 000fb000 08:06 2360366                    /lib/x86_64-linux-gnu/libm-2.15.so
7f8a72021000-7f8a72022000 r--p 000fa000 08:06 2360366                    /lib/x86_64-linux-gnu/libm-2.15.so
7f8a72022000-7f8a72023000 rw-p 000fb000 08:06 2360366                    /lib/x86_64-linux-gnu/libm-2.15.so
7f8a72023000-7f8a72ce2000 r-xp 00000000 08:06 8402886                    /usr/lib/jvm/java-8-oracle/jre/lib/amd64/server/libjvm.so
7f8a72ce2000-7f8a72ee1000 ---p 00cbf000 08:06 8402886                    /usr/lib/jvm/java-8-oracle/jre/lib/amd64/server/libjvm.so
7f8a72ee1000-7f8a72fba000 rw-p 00cbe000 08:06 8402886                    /usr/lib/jvm/java-8-oracle/jre/lib/amd64/server/libjvm.so
7f8a72fba000-7f8a73003000 rw-p 00000000 00:00 0 
7f8a73003000-7f8a731b7000 r-xp 00000000 08:06 2360357                    /lib/x86_64-linux-gnu/libc-2.15.so
7f8a731b7000-7f8a733b6000 ---p 001b4000 08:06 2360357                    /lib/x86_64-linux-gnu/libc-2.15.so
7f8a733b6000-7f8a733ba000 r--p 001b3000 08:06 2360357                    /lib/x86_64-linux-gnu/libc-2.15.so
7f8a733ba000-7f8a733bc000 rw-p 001b7000 08:06 2360357                    /lib/x86_64-linux-gnu/libc-2.15.so
7f8a733bc000-7f8a733c1000 rw-p 00000000 00:00 0 
7f8a733c1000-7f8a733c3000 r-xp 00000000 08:06 2360345                    /lib/x86_64-linux-gnu/libdl-2.15.so
7f8a733c3000-7f8a735c3000 ---p 00002000 08:06 2360345                    /lib/x86_64-linux-gnu/libdl-2.15.so
7f8a735c3000-7f8a735c4000 r--p 00002000 08:06 2360345                    /lib/x86_64-linux-gnu/libdl-2.15.so
7f8a735c4000-7f8a735c5000 rw-p 00003000 08:06 2360345                    /lib/x86_64-linux-gnu/libdl-2.15.so
7f8a735c5000-7f8a735da000 r-xp 00000000 08:06 9584701                    /usr/lib/jvm/java-8-oracle/lib/amd64/jli/libjli.so
7f8a735da000-7f8a737da000 ---p 00015000 08:06 9584701                    /usr/lib/jvm/java-8-oracle/lib/amd64/jli/libjli.so
7f8a737da000-7f8a737db000 rw-p 00015000 08:06 9584701                    /usr/lib/jvm/java-8-oracle/lib/amd64/jli/libjli.so
7f8a737db000-7f8a737f3000 r-xp 00000000 08:06 2360360                    /lib/x86_64-linux-gnu/libpthread-2.15.so
7f8a737f3000-7f8a739f2000 ---p 00018000 08:06 2360360                    /lib/x86_64-linux-gnu/libpthread-2.15.so
7f8a739f2000-7f8a739f3000 r--p 00017000 08:06 2360360                    /lib/x86_64-linux-gnu/libpthread-2.15.so
7f8a739f3000-7f8a739f4000 rw-p 00018000 08:06 2360360                    /lib/x86_64-linux-gnu/libpthread-2.15.so
7f8a739f4000-7f8a739f8000 rw-p 00000000 00:00 0 
7f8a739f8000-7f8a73a1a000 r-xp 00000000 08:06 2360363                    /lib/x86_64-linux-gnu/ld-2.15.so
7f8a73a1a000-7f8a73a1e000 r--s 00097000 08:06 8139467                    /usr/lib/jvm/java-8-oracle/jre/lib/jsse.jar
7f8a73a1e000-7f8a73a20000 r--s 00007000 08:06 8139466                    /usr/lib/jvm/java-8-oracle/jre/lib/jfxswt.jar
7f8a73a20000-7f8a73a23000 r--s 0001a000 08:06 8139404                    /usr/lib/jvm/java-8-oracle/jre/lib/jce.jar
7f8a73a23000-7f8a73af5000 rw-p 00000000 00:00 0 
7f8a73af5000-7f8a73af6000 ---p 00000000 00:00 0 
7f8a73af6000-7f8a73bf6000 rwxp 00000000 00:00 0                          [stack:2751]
7f8a73bf6000-7f8a73bfa000 rw-p 00000000 00:00 0 
7f8a73bfa000-7f8a73bfb000 r--s 00000000 08:06 8139479                    /usr/lib/jvm/java-8-oracle/jre/lib/management-agent.jar
7f8a73bfb000-7f8a73c0e000 rw-p 00000000 00:00 0 
7f8a73c0e000-7f8a73c16000 rw-s 00000000 08:06 9703795                    /tmp/hsperfdata_shiwangi/2750
7f8a73c16000-7f8a73c17000 rw-p 00000000 00:00 0 
7f8a73c17000-7f8a73c18000 r--p 00000000 00:00 0 
7f8a73c18000-7f8a73c1a000 rw-p 00000000 00:00 0 
7f8a73c1a000-7f8a73c1b000 r--p 00022000 08:06 2360363                    /lib/x86_64-linux-gnu/ld-2.15.so
7f8a73c1b000-7f8a73c1d000 rw-p 00023000 08:06 2360363                    /lib/x86_64-linux-gnu/ld-2.15.so
7fffb5b29000-7fffb5b4a000 rwxp 00000000 00:00 0                          [stack]
7fffb5b4a000-7fffb5b4b000 rw-p 00000000 00:00 0 
7fffb5bfc000-7fffb5bfe000 r-xp 00000000 00:00 0                          [vdso]
7fffb5bfe000-7fffb5c00000 r--p 00000000 00:00 0                          [vvar]
ffffffffff600000-ffffffffff601000 r-xp 00000000 00:00 0                  [vsyscall]

VM Arguments:
jvm_args: -agentlib:jdwp=transport=dt_socket,address=127.0.0.1:34895,suspend=y,server=n -Djava.library.path=/home/shiwangi/Downloads/opencv-3.0.0/build/lib -Dfile.encoding=UTF-8 
java_command: Main
java_class_path (initial): /usr/lib/jvm/java-8-oracle/jre/lib/jce.jar:/usr/lib/jvm/java-8-oracle/jre/lib/javaws.jar:/usr/lib/jvm/java-8-oracle/jre/lib/deploy.jar:/usr/lib/jvm/java-8-oracle/jre/lib/resources.jar:/usr/lib/jvm/java-8-oracle/jre/lib/jfxswt.jar:/usr/lib/jvm/java-8-oracle/jre/lib/jsse.jar:/usr/lib/jvm/java-8-oracle/jre/lib/rt.jar:/usr/lib/jvm/java-8-oracle/jre/lib/plugin.jar:/usr/lib/jvm/java-8-oracle/jre/lib/jfr.jar:/usr/lib/jvm/java-8-oracle/jre/lib/charsets.jar:/usr/lib/jvm/java-8-oracle/jre/lib/management-agent.jar:/usr/lib/jvm/java-8-oracle/jre/lib/ext/zipfs.jar:/usr/lib/jvm/java-8-oracle/jre/lib/ext/dnsns.jar:/usr/lib/jvm/java-8-oracle/jre/lib/ext/jaccess.jar:/usr/lib/jvm/java-8-oracle/jre/lib/ext/sunpkcs11.jar:/usr/lib/jvm/java-8-oracle/jre/lib/ext/sunec.jar:/usr/lib/jvm/java-8-oracle/jre/lib/ext/cldrdata.jar:/usr/lib/jvm/java-8-oracle/jre/lib/ext/nashorn.jar:/usr/lib/jvm/java-8-oracle/jre/lib/ext/sunjce_provider.jar:/usr/lib/jvm/java-8-oracle/jre/lib/ext/localedata.jar:/usr/lib/jvm/java-8-oracle/jre/lib/ext/jfxrt.jar:/home/shiwangi/Opensoft2/out/production/Opensoft2:/home/shiwangi/Opensoft2/lib/opencv-300.jar:/home/shiwangi/Opensoft2/lib/pdfbox-app-2.0.0-RC3.jar:/home/shiwangi/Opensoft2/lib/tess4j-3.0.jar:/home/shiwangi/Downloads/Tess4J.3/lib/commons-beanutils-1.9.2.jar:/home/shiwangi/Downloads/Tess4J.3/lib/commons-io-2.4.jar:/home/shiwangi/Downloads/Tess4J.3/lib/commons-logging-1.2.jar:/home/shiwangi/Downloads/Tess4J.3/lib/ghost4j-1.0.0.jar:/home/shiwangi/Downloads/Tess4J.3/lib/hamcrest-core-1.3.jar:/home/shiwangi/Downloads/Tess4J.3/lib/itext-2.1.7.jar:/home/shiwangi/Downloads/Tess4J.3/lib/jai_imageio.jar:/home/shiwangi/Downloads/Tess4J.3/lib/jna.jar:/home/shiwangi/Downloads/Tess4J.3/lib/jul-to-slf4j-1.7.13.jar:/home/shiwangi/Downloads/Tess4J.3/lib/junit-4.12.jar:/home/shiwangi/Downloads/Tess4J.3/lib/lept4j-1.0.1.jar:/home/shiwangi/Downloads/Tess4J.3/lib/log4j-1.2.17.jar:/home/shiwangi/Downloads/Tess4J.3/lib/logback-classic-1.1.3.jar:/home/shiw
Launcher Type: SUN_STANDARD

Environment Variables:
PATH=/usr/local/heroku/bin:/usr/lib/lightdm/lightdm:/usr/local/sbin:/usr/local/bin:/usr/sbin:/usr/bin:/sbin:/bin:/usr/games:/home/shiwangi/.rvm/bin
LD_LIBRARY_PATH=/home/shiwangi/Downloads/idea-IC-141.177.4/bin:
SHELL=/bin/bash
DISPLAY=:0

Signal Handlers:
SIGSEGV: [libjvm.so+0xabb070], sa_mask[0]=11111111011111111101111111111110, sa_flags=SA_RESTART|SA_SIGINFO
SIGBUS: [libjvm.so+0xabb070], sa_mask[0]=11111111011111111101111111111110, sa_flags=SA_RESTART|SA_SIGINFO
SIGFPE: [libjvm.so+0x918480], sa_mask[0]=11111111011111111101111111111110, sa_flags=SA_RESTART|SA_SIGINFO
SIGPIPE: [libjvm.so+0x918480], sa_mask[0]=11111111011111111101111111111110, sa_flags=SA_RESTART|SA_SIGINFO
SIGXFSZ: [libjvm.so+0x918480], sa_mask[0]=11111111011111111101111111111110, sa_flags=SA_RESTART|SA_SIGINFO
SIGILL: [libjvm.so+0x918480], sa_mask[0]=11111111011111111101111111111110, sa_flags=SA_RESTART|SA_SIGINFO
SIGUSR1: SIG_DFL, sa_mask[0]=00000000000000000000000000000000, sa_flags=none
SIGUSR2: [libjvm.so+0x919ab0], sa_mask[0]=00100000000000000000000000000000, sa_flags=SA_RESTART|SA_SIGINFO
SIGHUP: [libjvm.so+0x91aeb0], sa_mask[0]=11111111011111111101111111111110, sa_flags=SA_RESTART|SA_SIGINFO
SIGINT: [libjvm.so+0x91aeb0], sa_mask[0]=11111111011111111101111111111110, sa_flags=SA_RESTART|SA_SIGINFO
SIGTERM: [libjvm.so+0x91aeb0], sa_mask[0]=11111111011111111101111111111110, sa_flags=SA_RESTART|SA_SIGINFO
SIGQUIT: [libjvm.so+0x91aeb0], sa_mask[0]=11111111011111111101111111111110, sa_flags=SA_RESTART|SA_SIGINFO


---------------  S Y S T E M  ---------------

OS:DISTRIB_ID=Ubuntu
DISTRIB_RELEASE=12.04
DISTRIB_CODENAME=precise
DISTRIB_DESCRIPTION="Ubuntu 12.04.5 LTS"

uname:Linux 3.16.0-031600-generic #201408031935 SMP Sun Aug 3 23:36:11 UTC 2014 x86_64
libc:glibc 2.15 NPTL 2.15 
rlimit: STACK 8192k, CORE 0k, NPROC 15063, NOFILE 4096, AS infinity
load average:0.40 0.53 0.47

/proc/meminfo:
MemTotal:        3941340 kB
MemFree:          226904 kB
MemAvailable:     636028 kB
Buffers:           24268 kB
Cached:           854960 kB
SwapCached:        24488 kB
Active:          2079424 kB
Inactive:        1226932 kB
Active(anon):    1796624 kB
Inactive(anon):  1030368 kB
Active(file):     282800 kB
Inactive(file):   196564 kB
Unevictable:          96 kB
Mlocked:              96 kB
SwapTotal:       1951740 kB
SwapFree:        1586140 kB
Dirty:             33240 kB
Writeback:             0 kB
AnonPages:       2419788 kB
Mapped:           304504 kB
Shmem:            399860 kB
Slab:             220092 kB
SReclaimable:     183176 kB
SUnreclaim:        36916 kB
KernelStack:       10912 kB
PageTables:        42312 kB
NFS_Unstable:          0 kB
Bounce:                0 kB
WritebackTmp:          0 kB
CommitLimit:     3922408 kB
Committed_AS:    7583796 kB
VmallocTotal:   34359738367 kB
VmallocUsed:      549376 kB
VmallocChunk:   34359121600 kB
HardwareCorrupted:     0 kB
AnonHugePages:    460800 kB
HugePages_Total:       0
HugePages_Free:        0
HugePages_Rsvd:        0
HugePages_Surp:        0
Hugepagesize:       2048 kB
DirectMap4k:       99072 kB
DirectMap2M:     2940928 kB
DirectMap1G:     1048576 kB


CPU:total 4 (2 cores per cpu, 2 threads per core) family 6 model 69 stepping 1, cmov, cx8, fxsr, mmx, sse, sse2, sse3, ssse3, sse4.1, sse4.2, popcnt, avx, avx2, aes, clmul, erms, lzcnt, ht, tsc, tscinvbit, bmi1, bmi2

/proc/cpuinfo:
processor	: 0
vendor_id	: GenuineIntel
cpu family	: 6
model		: 69
model name	: Intel(R) Core(TM) i5-4210U CPU @ 1.70GHz
stepping	: 1
microcode	: 0x1c
cpu MHz		: 2400.000
cache size	: 3072 KB
physical id	: 0
siblings	: 4
core id		: 0
cpu cores	: 2
apicid		: 0
initial apicid	: 0
fpu		: yes
fpu_exception	: yes
cpuid level	: 13
wp		: yes
flags		: fpu vme de pse tsc msr pae mce cx8 apic sep mtrr pge mca cmov pat pse36 clflush dts acpi mmx fxsr sse sse2 ss ht tm pbe syscall nx pdpe1gb rdtscp lm constant_tsc arch_perfmon pebs bts rep_good nopl xtopology nonstop_tsc aperfmperf eagerfpu pni pclmulqdq dtes64 monitor ds_cpl vmx est tm2 ssse3 fma cx16 xtpr pdcm pcid sse4_1 sse4_2 movbe popcnt tsc_deadline_timer aes xsave avx f16c rdrand lahf_lm abm ida arat epb xsaveopt pln pts dtherm tpr_shadow vnmi flexpriority ept vpid fsgsbase tsc_adjust bmi1 avx2 smep bmi2 erms invpcid
bogomips	: 4788.78
clflush size	: 64
cache_alignment	: 64
address sizes	: 39 bits physical, 48 bits virtual
power management:

processor	: 1
vendor_id	: GenuineIntel
cpu family	: 6
model		: 69
model name	: Intel(R) Core(TM) i5-4210U CPU @ 1.70GHz
stepping	: 1
microcode	: 0x1c
cpu MHz		: 2400.000
cache size	: 3072 KB
physical id	: 0
siblings	: 4
core id		: 0
cpu cores	: 2
apicid		: 1
initial apicid	: 1
fpu		: yes
fpu_exception	: yes
cpuid level	: 13
wp		: yes
flags		: fpu vme de pse tsc msr pae mce cx8 apic sep mtrr pge mca cmov pat pse36 clflush dts acpi mmx fxsr sse sse2 ss ht tm pbe syscall nx pdpe1gb rdtscp lm constant_tsc arch_perfmon pebs bts rep_good nopl xtopology nonstop_tsc aperfmperf eagerfpu pni pclmulqdq dtes64 monitor ds_cpl vmx est tm2 ssse3 fma cx16 xtpr pdcm pcid sse4_1 sse4_2 movbe popcnt tsc_deadline_timer aes xsave avx f16c rdrand lahf_lm abm ida arat epb xsaveopt pln pts dtherm tpr_shadow vnmi flexpriority ept vpid fsgsbase tsc_adjust bmi1 avx2 smep bmi2 erms invpcid
bogomips	: 4788.78
clflush size	: 64
cache_alignment	: 64
address sizes	: 39 bits physical, 48 bits virtual
power management:

processor	: 2
vendor_id	: GenuineIntel
cpu family	: 6
model		: 69
model name	: Intel(R) Core(TM) i5-4210U CPU @ 1.70GHz
stepping	: 1
microcode	: 0x1c
cpu MHz		: 2400.000
cache size	: 3072 KB
physical id	: 0
siblings	: 4
core id		: 1
cpu cores	: 2
apicid		: 2
initial apicid	: 2
fpu		: yes
fpu_exception	: yes
cpuid level	: 13
wp		: yes
flags		: fpu vme de pse tsc msr pae mce cx8 apic sep mtrr pge mca cmov pat pse36 clflush dts acpi mmx fxsr sse sse2 ss ht tm pbe syscall nx pdpe1gb rdtscp lm constant_tsc arch_perfmon pebs bts rep_good nopl xtopology nonstop_tsc aperfmperf eagerfpu pni pclmulqdq dtes64 monitor ds_cpl vmx est tm2 ssse3 fma cx16 xtpr pdcm pcid sse4_1 sse4_2 movbe popcnt tsc_deadline_timer aes xsave avx f16c rdrand lahf_lm abm ida arat epb xsaveopt pln pts dtherm tpr_shadow vnmi flexpriority ept vpid fsgsbase tsc_adjust bmi1 avx2 smep bmi2 erms invpcid
bogomips	: 4788.78
clflush size	: 64
cache_alignment	: 64
address sizes	: 39 bits physical, 48 bits virtual
power management:

processor	: 3
vendor_id	: GenuineIntel
cpu family	: 6
model		: 69
model name	: Intel(R) Core(TM) i5-4210U CPU @ 1.70GHz
stepping	: 1
microcode	: 0x1c
cpu MHz		: 2400.000
cache size	: 3072 KB
physical id	: 0
siblings	: 4
core id		: 1
cpu cores	: 2
apicid		: 3
initial apicid	: 3
fpu		: yes
fpu_exception	: yes
cpuid level	: 13
wp		: yes
flags		: fpu vme de pse tsc msr pae mce cx8 apic sep mtrr pge mca cmov pat pse36 clflush dts acpi mmx fxsr sse sse2 ss ht tm pbe syscall nx pdpe1gb rdtscp lm constant_tsc arch_perfmon pebs bts rep_good nopl xtopology nonstop_tsc aperfmperf eagerfpu pni pclmulqdq dtes64 monitor ds_cpl vmx est tm2 ssse3 fma cx16 xtpr pdcm pcid sse4_1 sse4_2 movbe popcnt tsc_deadline_timer aes xsave avx f16c rdrand lahf_lm abm ida arat epb xsaveopt pln pts dtherm tpr_shadow vnmi flexpriority ept vpid fsgsbase tsc_adjust bmi1 avx2 smep bmi2 erms invpcid
bogomips	: 4788.78
clflush size	: 64
cache_alignment	: 64
address sizes	: 39 bits physical, 48 bits virtual
power management:



Memory: 4k page, physical 3941340k(226904k free), swap 1951740k(1586140k free)

vm_info: Java HotSpot(TM) 64-Bit Server VM (25.72-b15) for linux-amd64 JRE (1.8.0_72-b15), built on Dec 22 2015 22:00:07 by "java_re" with gcc 4.3.0 20080428 (Red Hat 4.3.0-8)

time: Thu Mar  3 13:52:54 2016
elapsed time: 7 seconds (0d 0h 0m 7s)

