#
# A fatal error has been detected by the Java Runtime Environment:
#
#  SIGSEGV (0xb) at pc=0x00007fefe5bf4194, pid=14240, tid=140668996392704
#
# JRE version: Java(TM) SE Runtime Environment (8.0_40-b26) (build 1.8.0_40-b26)
# Java VM: Java HotSpot(TM) 64-Bit Server VM (25.40-b25 mixed mode linux-amd64 compressed oops)
# Problematic frame:
# C  [libopencv_java300.so+0x34194]  Java_org_opencv_core_Mat_n_1assignTo__JJ+0x24
#
# Failed to write core dump. Core dumps have been disabled. To enable core dumping, try "ulimit -c unlimited" before starting Java again
#
# If you would like to submit a bug report, please visit:
#   http://bugreport.java.com/bugreport/crash.jsp
# The crash happened outside the Java Virtual Machine in native code.
# See problematic frame for where to report the bug.
#

---------------  T H R E A D  ---------------

Current thread (0x00007ff00400b000):  JavaThread "main" [_thread_in_native, id=14241, stack(0x00007ff00d7f9000,0x00007ff00d8fa000)]

siginfo: si_signo: 11 (SIGSEGV), si_code: 1 (SEGV_MAPERR), si_addr: 0x0000000000000048

Registers:
RAX=0x00007ff0043d1ca0, RBX=0x0000000000000010, RCX=0x0000000000000010, RDX=0x00007ff0040fa3f0
RSP=0x00007ff00d8f7db0, RBP=0x00007ff0040fa3f0, RSI=0x00007ff00d8f7e48, RDI=0x00007ff00400b1f8
R8 =0x0000000000000000, R9 =0x0000000000000009, R10=0x00007feff5015968, R11=0x00007ff00c6ebf30
R12=0x00007ff00400b1f8, R13=0x00007feff4a3dfe8, R14=0x00007ff00d8f7e70, R15=0x00007ff00400b000
RIP=0x00007fefe5bf4194, EFLAGS=0x0000000000010202, CSGSFS=0x0000000000000033, ERR=0x0000000000000004
  TRAPNO=0x000000000000000e

Top of Stack: (sp=0x00007ff00d8f7db0)
0x00007ff00d8f7db0:   00007feff4a3dfe8 00007ff00d8f7e38
0x00007ff00d8f7dc0:   0000000000000000 00007feff5015994
0x00007ff00d8f7dd0:   00007feff4a3dfe8 0000000000000000
0x00007ff00d8f7de0:   00007ff00d8f7e38 00007feff5015727
0x00007ff00d8f7df0:   00007feff50156e2 00007ff00d8f7df8
0x00007ff00d8f7e00:   00007feff4a3dfe8 00007ff00d8f7e70
0x00007ff00d8f7e10:   00007feff4a4cac0 0000000000000000
0x00007ff00d8f7e20:   00007feff4a3dfe8 0000000000000000
0x00007ff00d8f7e30:   00007ff00d8f7e58 00007ff00d8f7eb8
0x00007ff00d8f7e40:   00007feff5007c4d 00000000c420fdb8
0x00007ff00d8f7e50:   00007feff500f578 0000000000000010
0x00007ff00d8f7e60:   00000000ec86c4e8 00007ff0040fa3f0
0x00007ff00d8f7e70:   00000000ec8032f8 00007ff00d8f7e78
0x00007ff00d8f7e80:   00007feff4a394c0 00007ff00d8f7ed0
0x00007ff00d8f7e90:   00007feff4a4cac0 0000000000000000
0x00007ff00d8f7ea0:   00007feff4a394e8 00007ff00d8f7e58
0x00007ff00d8f7eb0:   00007ff00d8f7ec8 00007ff00d8f7f18
0x00007ff00d8f7ec0:   00007feff5007c4d 00000000ec86c4e8
0x00007ff00d8f7ed0:   00000000ec8032f8 00007ff00d8f7ed8
0x00007ff00d8f7ee0:   00007feff4a44bb3 00007ff00d8f7fa0
0x00007ff00d8f7ef0:   00007feff4a45df8 0000000000000000
0x00007ff00d8f7f00:   00007feff4a44ce8 00007ff00d8f7ec8
0x00007ff00d8f7f10:   00007ff00d8f7f90 00007ff00d8f7fe8
0x00007ff00d8f7f20:   00007feff5007c4d 00000000ec86c4e8
0x00007ff00d8f7f30:   41405c9fc0000000 0000000000000000
0x00007ff00d8f7f40:   00000000ec8032f8 00000000ec841f78
0x00007ff00d8f7f50:   0000000000000001 00000000ec841f60
0x00007ff00d8f7f60:   00000000ec81ffb0 00000000ec8085f8
0x00007ff00d8f7f70:   00000000c4209240 00000000c42092a8
0x00007ff00d8f7f80:   00000000c4209228 00000000c4209298
0x00007ff00d8f7f90:   0000000000000001 00000000c4209280
0x00007ff00d8f7fa0:   00000000c4209270 00007ff00d8f7fa8 

Instructions: (pc=0x00007fefe5bf4194)
0x00007fefe5bf4174:   ca 55 48 89 d5 53 48 89 cb 0f 84 c7 00 00 00 48
0x00007fefe5bf4184:   8b 42 38 49 89 fc 48 85 c0 74 05 f0 83 40 14 01
0x00007fefe5bf4194:   48 8b 43 38 48 85 c0 74 0b f0 83 68 14 01 0f 84
0x00007fefe5bf41a4:   d8 00 00 00 8b 43 04 48 c7 43 38 00 00 00 00 48 

Register to memory mapping:

RAX=0x00007ff0043d1ca0 is an unknown value
RBX=0x0000000000000010 is an unknown value
RCX=0x0000000000000010 is an unknown value
RDX=0x00007ff0040fa3f0 is an unknown value
RSP=0x00007ff00d8f7db0 is pointing into the stack for thread: 0x00007ff00400b000
RBP=0x00007ff0040fa3f0 is an unknown value
RSI=0x00007ff00d8f7e48 is pointing into the stack for thread: 0x00007ff00400b000
RDI=0x00007ff00400b1f8 is an unknown value
R8 =0x0000000000000000 is an unknown value
R9 =0x0000000000000009 is an unknown value
R10=0x00007feff5015968 is at code_begin+808 in an Interpreter codelet
method entry point (kind = native)  [0x00007feff5015640, 0x00007feff5015f40]  2304 bytes
R11=0x00007ff00c6ebf30: <offset 0x9acf30> in /home/rajitha/jdk1.8.0_40/jre/lib/amd64/server/libjvm.so at 0x00007ff00bd3f000
R12=0x00007ff00400b1f8 is an unknown value
R13={method} {0x00007feff4a3dfe8} 'n_assignTo' '(JJ)V' in 'org/opencv/core/Mat'
R14=0x00007ff00d8f7e70 is pointing into the stack for thread: 0x00007ff00400b000
R15=0x00007ff00400b000 is a thread


Stack: [0x00007ff00d7f9000,0x00007ff00d8fa000],  sp=0x00007ff00d8f7db0,  free space=1019k
Native frames: (J=compiled Java code, j=interpreted, Vv=VM code, C=native code)
C  [libopencv_java300.so+0x34194]  Java_org_opencv_core_Mat_n_1assignTo__JJ+0x24

Java frames: (J=compiled Java code, j=interpreted, Vv=VM code)
j  org.opencv.core.Mat.n_assignTo(JJ)V+0
j  org.opencv.core.Mat.assignTo(Lorg/opencv/core/Mat;)V+8
j  JMagick.performImageMatching(Ljava/lang/String;I)V+155
j  JMagick.convert()V+42
j  Main.main([Ljava/lang/String;)V+15
v  ~StubRoutines::call_stub
j  sun.reflect.NativeMethodAccessorImpl.invoke0(Ljava/lang/reflect/Method;Ljava/lang/Object;[Ljava/lang/Object;)Ljava/lang/Object;+0
j  sun.reflect.NativeMethodAccessorImpl.invoke(Ljava/lang/Object;[Ljava/lang/Object;)Ljava/lang/Object;+100
j  sun.reflect.DelegatingMethodAccessorImpl.invoke(Ljava/lang/Object;[Ljava/lang/Object;)Ljava/lang/Object;+6
j  java.lang.reflect.Method.invoke(Ljava/lang/Object;[Ljava/lang/Object;)Ljava/lang/Object;+56
j  com.intellij.rt.execution.application.AppMain.main([Ljava/lang/String;)V+180
v  ~StubRoutines::call_stub

---------------  P R O C E S S  ---------------

Java Threads: ( => current thread )
  0x00007ff00424b800 JavaThread "Monitor Ctrl-Break" daemon [_thread_in_native, id=14261, stack(0x00007fefe60b7000,0x00007fefe61b8000)]
  0x00007ff0040cb000 JavaThread "Service Thread" daemon [_thread_blocked, id=14253, stack(0x00007fefe65ea000,0x00007fefe66eb000)]
  0x00007ff0040be000 JavaThread "C1 CompilerThread2" daemon [_thread_blocked, id=14252, stack(0x00007fefe66eb000,0x00007fefe67ec000)]
  0x00007ff0040bc000 JavaThread "C2 CompilerThread1" daemon [_thread_blocked, id=14251, stack(0x00007fefe67ec000,0x00007fefe68ed000)]
  0x00007ff0040b9000 JavaThread "C2 CompilerThread0" daemon [_thread_blocked, id=14250, stack(0x00007fefe68ed000,0x00007fefe69ee000)]
  0x00007ff0040b7800 JavaThread "Signal Dispatcher" daemon [_thread_blocked, id=14249, stack(0x00007fefe69ee000,0x00007fefe6aef000)]
  0x00007ff004080000 JavaThread "Finalizer" daemon [_thread_blocked, id=14248, stack(0x00007fefe71d1000,0x00007fefe72d2000)]
  0x00007ff00407e000 JavaThread "Reference Handler" daemon [_thread_blocked, id=14247, stack(0x00007fefe72d2000,0x00007fefe73d3000)]
=>0x00007ff00400b000 JavaThread "main" [_thread_in_native, id=14241, stack(0x00007ff00d7f9000,0x00007ff00d8fa000)]

Other Threads:
  0x00007ff004078800 VMThread [stack: 0x00007fefe73d3000,0x00007fefe74d4000] [id=14246]
  0x00007ff0040cd800 WatcherThread [stack: 0x00007fefe64e9000,0x00007fefe65ea000] [id=14254]

VM state:not at safepoint (normal execution)

VM Mutex/Monitor currently owned by a thread: None

Heap:
 PSYoungGen      total 50176K, used 8442K [0x00000000ec100000, 0x00000000f7e80000, 0x0000000100000000)
  eden space 49664K, 17% used [0x00000000ec100000,0x00000000ec93ebc8,0x00000000ef180000)
  from space 512K, 0% used [0x00000000f7e00000,0x00000000f7e00000,0x00000000f7e80000)
  to   space 512K, 0% used [0x00000000f7d80000,0x00000000f7d80000,0x00000000f7e00000)
 ParOldGen       total 40960K, used 616K [0x00000000c4200000, 0x00000000c6a00000, 0x00000000ec100000)
  object space 40960K, 1% used [0x00000000c4200000,0x00000000c429a078,0x00000000c6a00000)
 Metaspace       used 3909K, capacity 4920K, committed 5120K, reserved 1056768K
  class space    used 385K, capacity 424K, committed 512K, reserved 1048576K

Card table byte_map: [0x00007ff00a3ff000,0x00007ff00a5df000] byte_map_base: 0x00007ff009dde000

Marking Bits: (ParMarkBitMap*) 0x00007ff00ccdc6c0
 Begin Bits: [0x00007ff0080cb000, 0x00007ff008fc3000)
 End Bits:   [0x00007ff008fc3000, 0x00007ff009ebb000)

Polling page: 0x00007ff00d923000

CodeCache: size=245760Kb used=1663Kb max_used=1663Kb free=244096Kb
 bounds [0x00007feff5000000, 0x00007feff5270000, 0x00007ff004000000]
 total_blobs=681 nmethods=217 adapters=378
 compilation: enabled

Compilation events (10 events):
Event: 7.947 Thread 0x00007ff0040be000 nmethod 205 0x00007feff5199fd0 code [0x00007feff519a1c0, 0x00007feff519aa08]
Event: 7.947 Thread 0x00007ff0040be000  206       3       sun.misc.FloatingDecimal$BinaryToASCIIBuffer::appendTo (72 bytes)
Event: 7.948 Thread 0x00007ff0040be000 nmethod 206 0x00007feff519ad10 code [0x00007feff519aee0, 0x00007feff519b908]
Event: 7.948 Thread 0x00007ff0040be000  207       3       sun.misc.FloatingDecimal$BinaryToASCIIBuffer::getChars (502 bytes)
Event: 7.949 Thread 0x00007ff0040be000 nmethod 207 0x00007feff519bb50 code [0x00007feff519bdc0, 0x00007feff519cdd8]
Event: 7.949 Thread 0x00007ff0040be000  208       3       java.lang.StringBuilder::append (10 bytes)
Event: 7.950 Thread 0x00007ff0040be000 nmethod 208 0x00007feff519d6d0 code [0x00007feff519d840, 0x00007feff519d9c8]
Event: 7.950 Thread 0x00007ff0040be000  209       3       java.lang.AbstractStringBuilder::append (40 bytes)
Event: 7.950 Thread 0x00007ff0040be000 nmethod 209 0x00007feff519da50 code [0x00007feff519dbe0, 0x00007feff519dfd8]
Event: 7.950 Thread 0x00007ff0040be000  215   !   3       java.nio.CharBuffer::wrap (20 bytes)

GC Heap History (10 events):
Event: 7.094 GC heap before
{Heap before GC invocations=28 (full 0):
 PSYoungGen      total 60416K, used 59392K [0x00000000ec100000, 0x00000000f7e80000, 0x0000000100000000)
  eden space 59392K, 100% used [0x00000000ec100000,0x00000000efb00000,0x00000000efb00000)
  from space 1024K, 0% used [0x00000000f7c80000,0x00000000f7c80000,0x00000000f7d80000)
  to   space 512K, 0% used [0x00000000f7e00000,0x00000000f7e00000,0x00000000f7e80000)
 ParOldGen       total 40960K, used 616K [0x00000000c4200000, 0x00000000c6a00000, 0x00000000ec100000)
  object space 40960K, 1% used [0x00000000c4200000,0x00000000c429a078,0x00000000c6a00000)
 Metaspace       used 3749K, capacity 4856K, committed 5120K, reserved 1056768K
  class space    used 376K, capacity 424K, committed 512K, reserved 1048576K
Event: 7.095 GC heap after
Heap after GC invocations=28 (full 0):
 PSYoungGen      total 57856K, used 0K [0x00000000ec100000, 0x00000000f7e80000, 0x0000000100000000)
  eden space 57344K, 0% used [0x00000000ec100000,0x00000000ec100000,0x00000000ef900000)
  from space 512K, 0% used [0x00000000f7e00000,0x00000000f7e00000,0x00000000f7e80000)
  to   space 512K, 0% used [0x00000000f7d80000,0x00000000f7d80000,0x00000000f7e00000)
 ParOldGen       total 40960K, used 616K [0x00000000c4200000, 0x00000000c6a00000, 0x00000000ec100000)
  object space 40960K, 1% used [0x00000000c4200000,0x00000000c429a078,0x00000000c6a00000)
 Metaspace       used 3749K, capacity 4856K, committed 5120K, reserved 1056768K
  class space    used 376K, capacity 424K, committed 512K, reserved 1048576K
}
Event: 7.285 GC heap before
{Heap before GC invocations=29 (full 0):
 PSYoungGen      total 57856K, used 57344K [0x00000000ec100000, 0x00000000f7e80000, 0x0000000100000000)
  eden space 57344K, 100% used [0x00000000ec100000,0x00000000ef900000,0x00000000ef900000)
  from space 512K, 0% used [0x00000000f7e00000,0x00000000f7e00000,0x00000000f7e80000)
  to   space 512K, 0% used [0x00000000f7d80000,0x00000000f7d80000,0x00000000f7e00000)
 ParOldGen       total 40960K, used 616K [0x00000000c4200000, 0x00000000c6a00000, 0x00000000ec100000)
  object space 40960K, 1% used [0x00000000c4200000,0x00000000c429a078,0x00000000c6a00000)
 Metaspace       used 3749K, capacity 4856K, committed 5120K, reserved 1056768K
  class space    used 376K, capacity 424K, committed 512K, reserved 1048576K
Event: 7.286 GC heap after
Heap after GC invocations=29 (full 0):
 PSYoungGen      total 55808K, used 0K [0x00000000ec100000, 0x00000000f7e80000, 0x0000000100000000)
  eden space 55296K, 0% used [0x00000000ec100000,0x00000000ec100000,0x00000000ef700000)
  from space 512K, 0% used [0x00000000f7d80000,0x00000000f7d80000,0x00000000f7e00000)
  to   space 512K, 0% used [0x00000000f7e00000,0x00000000f7e00000,0x00000000f7e80000)
 ParOldGen       total 40960K, used 616K [0x00000000c4200000, 0x00000000c6a00000, 0x00000000ec100000)
  object space 40960K, 1% used [0x00000000c4200000,0x00000000c429a078,0x00000000c6a00000)
 Metaspace       used 3749K, capacity 4856K, committed 5120K, reserved 1056768K
  class space    used 376K, capacity 424K, committed 512K, reserved 1048576K
}
Event: 7.468 GC heap before
{Heap before GC invocations=30 (full 0):
 PSYoungGen      total 55808K, used 55296K [0x00000000ec100000, 0x00000000f7e80000, 0x0000000100000000)
  eden space 55296K, 100% used [0x00000000ec100000,0x00000000ef700000,0x00000000ef700000)
  from space 512K, 0% used [0x00000000f7d80000,0x00000000f7d80000,0x00000000f7e00000)
  to   space 512K, 0% used [0x00000000f7e00000,0x00000000f7e00000,0x00000000f7e80000)
 ParOldGen       total 40960K, used 616K [0x00000000c4200000, 0x00000000c6a00000, 0x00000000ec100000)
  object space 40960K, 1% used [0x00000000c4200000,0x00000000c429a078,0x00000000c6a00000)
 Metaspace       used 3749K, capacity 4856K, committed 5120K, reserved 1056768K
  class space    used 376K, capacity 424K, committed 512K, reserved 1048576K
Event: 7.469 GC heap after
Heap after GC invocations=30 (full 0):
 PSYoungGen      total 53760K, used 0K [0x00000000ec100000, 0x00000000f7e80000, 0x0000000100000000)
  eden space 53248K, 0% used [0x00000000ec100000,0x00000000ec100000,0x00000000ef500000)
  from space 512K, 0% used [0x00000000f7e00000,0x00000000f7e00000,0x00000000f7e80000)
  to   space 512K, 0% used [0x00000000f7d80000,0x00000000f7d80000,0x00000000f7e00000)
 ParOldGen       total 40960K, used 616K [0x00000000c4200000, 0x00000000c6a00000, 0x00000000ec100000)
  object space 40960K, 1% used [0x00000000c4200000,0x00000000c429a078,0x00000000c6a00000)
 Metaspace       used 3749K, capacity 4856K, committed 5120K, reserved 1056768K
  class space    used 376K, capacity 424K, committed 512K, reserved 1048576K
}
Event: 7.644 GC heap before
{Heap before GC invocations=31 (full 0):
 PSYoungGen      total 53760K, used 53248K [0x00000000ec100000, 0x00000000f7e80000, 0x0000000100000000)
  eden space 53248K, 100% used [0x00000000ec100000,0x00000000ef500000,0x00000000ef500000)
  from space 512K, 0% used [0x00000000f7e00000,0x00000000f7e00000,0x00000000f7e80000)
  to   space 512K, 0% used [0x00000000f7d80000,0x00000000f7d80000,0x00000000f7e00000)
 ParOldGen       total 40960K, used 616K [0x00000000c4200000, 0x00000000c6a00000, 0x00000000ec100000)
  object space 40960K, 1% used [0x00000000c4200000,0x00000000c429a078,0x00000000c6a00000)
 Metaspace       used 3749K, capacity 4856K, committed 5120K, reserved 1056768K
  class space    used 376K, capacity 424K, committed 512K, reserved 1048576K
Event: 7.645 GC heap after
Heap after GC invocations=31 (full 0):
 PSYoungGen      total 51712K, used 0K [0x00000000ec100000, 0x00000000f7e80000, 0x0000000100000000)
  eden space 51200K, 0% used [0x00000000ec100000,0x00000000ec100000,0x00000000ef300000)
  from space 512K, 0% used [0x00000000f7d80000,0x00000000f7d80000,0x00000000f7e00000)
  to   space 512K, 0% used [0x00000000f7e00000,0x00000000f7e00000,0x00000000f7e80000)
 ParOldGen       total 40960K, used 616K [0x00000000c4200000, 0x00000000c6a00000, 0x00000000ec100000)
  object space 40960K, 1% used [0x00000000c4200000,0x00000000c429a078,0x00000000c6a00000)
 Metaspace       used 3749K, capacity 4856K, committed 5120K, reserved 1056768K
  class space    used 376K, capacity 424K, committed 512K, reserved 1048576K
}
Event: 7.815 GC heap before
{Heap before GC invocations=32 (full 0):
 PSYoungGen      total 51712K, used 51200K [0x00000000ec100000, 0x00000000f7e80000, 0x0000000100000000)
  eden space 51200K, 100% used [0x00000000ec100000,0x00000000ef300000,0x00000000ef300000)
  from space 512K, 0% used [0x00000000f7d80000,0x00000000f7d80000,0x00000000f7e00000)
  to   space 512K, 0% used [0x00000000f7e00000,0x00000000f7e00000,0x00000000f7e80000)
 ParOldGen       total 40960K, used 616K [0x00000000c4200000, 0x00000000c6a00000, 0x00000000ec100000)
  object space 40960K, 1% used [0x00000000c4200000,0x00000000c429a078,0x00000000c6a00000)
 Metaspace       used 3749K, capacity 4856K, committed 5120K, reserved 1056768K
  class space    used 376K, capacity 424K, committed 512K, reserved 1048576K
Event: 7.817 GC heap after
Heap after GC invocations=32 (full 0):
 PSYoungGen      total 50176K, used 0K [0x00000000ec100000, 0x00000000f7e80000, 0x0000000100000000)
  eden space 49664K, 0% used [0x00000000ec100000,0x00000000ec100000,0x00000000ef180000)
  from space 512K, 0% used [0x00000000f7e00000,0x00000000f7e00000,0x00000000f7e80000)
  to   space 512K, 0% used [0x00000000f7d80000,0x00000000f7d80000,0x00000000f7e00000)
 ParOldGen       total 40960K, used 616K [0x00000000c4200000, 0x00000000c6a00000, 0x00000000ec100000)
  object space 40960K, 1% used [0x00000000c4200000,0x00000000c429a078,0x00000000c6a00000)
 Metaspace       used 3749K, capacity 4856K, committed 5120K, reserved 1056768K
  class space    used 376K, capacity 424K, committed 512K, reserved 1048576K
}

Deoptimization events (2 events):
Event: 4.455 Thread 0x00007ff00400b000 Uncommon trap: reason=unloaded action=reinterpret pc=0x00007feff5152558 method=ImageUtils.convertToBinary(Lorg/opencv/core/Mat;I)Lorg/opencv/core/Mat; @ 146
Event: 7.844 Thread 0x00007ff00400b000 Uncommon trap: reason=unloaded action=reinterpret pc=0x00007feff5173a34 method=ImageUtils.convertToBinary(Lorg/opencv/core/Mat;I)Lorg/opencv/core/Mat; @ 279

Internal exceptions (10 events):
Event: 0.127 Thread 0x00007ff00400b000 Exception <a 'java/security/PrivilegedActionException'> (0x00000000ec25d288) thrown at [/HUDSON/workspace/8-2-build-linux-amd64/jdk8u40/3098/hotspot/src/share/vm/prims/jvm.cpp, line 1382]
Event: 0.127 Thread 0x00007ff00400b000 Exception <a 'java/security/PrivilegedActionException'> (0x00000000ec25d440) thrown at [/HUDSON/workspace/8-2-build-linux-amd64/jdk8u40/3098/hotspot/src/share/vm/prims/jvm.cpp, line 1382]
Event: 0.132 Thread 0x00007ff00400b000 Exception <a 'java/security/PrivilegedActionException'> (0x00000000ec27b6a0) thrown at [/HUDSON/workspace/8-2-build-linux-amd64/jdk8u40/3098/hotspot/src/share/vm/prims/jvm.cpp, line 1382]
Event: 0.132 Thread 0x00007ff00400b000 Exception <a 'java/security/PrivilegedActionException'> (0x00000000ec27b858) thrown at [/HUDSON/workspace/8-2-build-linux-amd64/jdk8u40/3098/hotspot/src/share/vm/prims/jvm.cpp, line 1382]
Event: 0.132 Thread 0x00007ff00400b000 Exception <a 'java/security/PrivilegedActionException'> (0x00000000ec27c2d0) thrown at [/HUDSON/workspace/8-2-build-linux-amd64/jdk8u40/3098/hotspot/src/share/vm/prims/jvm.cpp, line 1382]
Event: 0.132 Thread 0x00007ff00400b000 Exception <a 'java/security/PrivilegedActionException'> (0x00000000ec27c488) thrown at [/HUDSON/workspace/8-2-build-linux-amd64/jdk8u40/3098/hotspot/src/share/vm/prims/jvm.cpp, line 1382]
Event: 0.132 Thread 0x00007ff00400b000 Exception <a 'java/security/PrivilegedActionException'> (0x00000000ec27cee0) thrown at [/HUDSON/workspace/8-2-build-linux-amd64/jdk8u40/3098/hotspot/src/share/vm/prims/jvm.cpp, line 1382]
Event: 0.132 Thread 0x00007ff00400b000 Exception <a 'java/security/PrivilegedActionException'> (0x00000000ec27d098) thrown at [/HUDSON/workspace/8-2-build-linux-amd64/jdk8u40/3098/hotspot/src/share/vm/prims/jvm.cpp, line 1382]
Event: 0.132 Thread 0x00007ff00400b000 Exception <a 'java/security/PrivilegedActionException'> (0x00000000ec27daa8) thrown at [/HUDSON/workspace/8-2-build-linux-amd64/jdk8u40/3098/hotspot/src/share/vm/prims/jvm.cpp, line 1382]
Event: 0.132 Thread 0x00007ff00400b000 Exception <a 'java/security/PrivilegedActionException'> (0x00000000ec27dc60) thrown at [/HUDSON/workspace/8-2-build-linux-amd64/jdk8u40/3098/hotspot/src/share/vm/prims/jvm.cpp, line 1382]

Events (10 events):
Event: 7.920 loading class sun/misc/FloatingDecimal$1
Event: 7.920 loading class sun/misc/FloatingDecimal$1 done
Event: 7.920 Executing VM operation: Deoptimize
Event: 7.920 Executing VM operation: Deoptimize done
Event: 7.920 loading class sun/misc/FloatingDecimal$PreparedASCIIToBinaryBuffer
Event: 7.920 loading class sun/misc/FloatingDecimal$ASCIIToBinaryConverter
Event: 7.920 loading class sun/misc/FloatingDecimal$ASCIIToBinaryConverter done
Event: 7.920 loading class sun/misc/FloatingDecimal$PreparedASCIIToBinaryBuffer done
Event: 7.921 loading class sun/misc/FDBigInteger
Event: 7.921 loading class sun/misc/FDBigInteger done


Dynamic libraries:
00400000-00401000 r-xp 00000000 08:01 1968019                            /home/rajitha/jdk1.8.0_40/bin/java
00600000-00601000 rw-p 00000000 08:01 1968019                            /home/rajitha/jdk1.8.0_40/bin/java
01cc7000-01ce8000 rw-p 00000000 00:00 0                                  [heap]
c4200000-c6a00000 rw-p 00000000 00:00 0 
c6a00000-ec100000 ---p 00000000 00:00 0 
ec100000-f7e80000 rw-p 00000000 00:00 0 
f7e80000-100000000 ---p 00000000 00:00 0 
100000000-100080000 rw-p 00000000 00:00 0 
100080000-140000000 ---p 00000000 00:00 0 
7fef90000000-7fef90021000 rw-p 00000000 00:00 0 
7fef90021000-7fef94000000 ---p 00000000 00:00 0 
7fef94000000-7fef94021000 rw-p 00000000 00:00 0 
7fef94021000-7fef98000000 ---p 00000000 00:00 0 
7fef98000000-7fef98021000 rw-p 00000000 00:00 0 
7fef98021000-7fef9c000000 ---p 00000000 00:00 0 
7fef9e53c000-7fef9e53d000 ---p 00000000 00:00 0 
7fef9e53d000-7fef9e93d000 rwxp 00000000 00:00 0                          [stack:14284]
7fef9e93d000-7fef9e93e000 ---p 00000000 00:00 0 
7fef9e93e000-7fef9ed3e000 rwxp 00000000 00:00 0                          [stack:14283]
7fef9ed3e000-7fef9ed3f000 ---p 00000000 00:00 0 
7fef9ed3f000-7fef9f13f000 rwxp 00000000 00:00 0                          [stack:14282]
7fef9f13f000-7fef9f147000 r-xp 00000000 08:01 37499335                   /usr/lib/x86_64-linux-gnu/libOpenCL.so.1.0.0
7fef9f147000-7fef9f346000 ---p 00008000 08:01 37499335                   /usr/lib/x86_64-linux-gnu/libOpenCL.so.1.0.0
7fef9f346000-7fef9f347000 r--p 00007000 08:01 37499335                   /usr/lib/x86_64-linux-gnu/libOpenCL.so.1.0.0
7fef9f347000-7fef9f348000 rw-p 00008000 08:01 37499335                   /usr/lib/x86_64-linux-gnu/libOpenCL.so.1.0.0
7fefa119e000-7fefa8afa000 rw-p 00000000 00:00 0 
7fefa8afa000-7fefa8b0c000 r-xp 00000000 08:01 37880998                   /usr/lib/x86_64-linux-gnu/pkcs11/gnome-keyring-pkcs11.so
7fefa8b0c000-7fefa8d0b000 ---p 00012000 08:01 37880998                   /usr/lib/x86_64-linux-gnu/pkcs11/gnome-keyring-pkcs11.so
7fefa8d0b000-7fefa8d0d000 r--p 00011000 08:01 37880998                   /usr/lib/x86_64-linux-gnu/pkcs11/gnome-keyring-pkcs11.so
7fefa8d0d000-7fefa8d0e000 rw-p 00013000 08:01 37880998                   /usr/lib/x86_64-linux-gnu/pkcs11/gnome-keyring-pkcs11.so
7fefa8d0e000-7fefa8d3e000 r-xp 00000000 08:01 37881623                   /usr/lib/x86_64-linux-gnu/pkcs11/p11-kit-trust.so
7fefa8d3e000-7fefa8f3e000 ---p 00030000 08:01 37881623                   /usr/lib/x86_64-linux-gnu/pkcs11/p11-kit-trust.so
7fefa8f3e000-7fefa8f45000 r--p 00030000 08:01 37881623                   /usr/lib/x86_64-linux-gnu/pkcs11/p11-kit-trust.so
7fefa8f45000-7fefa8f46000 rw-p 00037000 08:01 37881623                   /usr/lib/x86_64-linux-gnu/pkcs11/p11-kit-trust.so
7fefa8f46000-7fefa8f47000 ---p 00000000 00:00 0 
7fefa8f47000-7fefa9747000 rwxp 00000000 00:00 0                          [stack:14265]
7fefa9747000-7fefa9947000 rw-p 00000000 00:00 0 
7fefa9947000-7fefa995d000 r-xp 00000000 08:01 37503138                   /usr/lib/libtbbmalloc.so.2
7fefa995d000-7fefa9b5c000 ---p 00016000 08:01 37503138                   /usr/lib/libtbbmalloc.so.2
7fefa9b5c000-7fefa9b5d000 r--p 00015000 08:01 37503138                   /usr/lib/libtbbmalloc.so.2
7fefa9b5d000-7fefa9b5f000 rw-p 00016000 08:01 37503138                   /usr/lib/libtbbmalloc.so.2
7fefa9b5f000-7fefa9b7f000 rw-p 00000000 00:00 0 
7fefa9b7f000-7fefa9b83000 r-xp 00000000 08:01 4460446                    /lib/x86_64-linux-gnu/libgpg-error.so.0.10.0
7fefa9b83000-7fefa9d82000 ---p 00004000 08:01 4460446                    /lib/x86_64-linux-gnu/libgpg-error.so.0.10.0
7fefa9d82000-7fefa9d83000 r--p 00003000 08:01 4460446                    /lib/x86_64-linux-gnu/libgpg-error.so.0.10.0
7fefa9d83000-7fefa9d84000 rw-p 00004000 08:01 4460446                    /lib/x86_64-linux-gnu/libgpg-error.so.0.10.0
7fefa9d84000-7fefa9dc8000 r-xp 00000000 08:01 4460743                    /lib/x86_64-linux-gnu/libdbus-1.so.3.7.6
7fefa9dc8000-7fefa9fc7000 ---p 00044000 08:01 4460743                    /lib/x86_64-linux-gnu/libdbus-1.so.3.7.6
7fefa9fc7000-7fefa9fc8000 r--p 00043000 08:01 4460743                    /lib/x86_64-linux-gnu/libdbus-1.so.3.7.6
7fefa9fc8000-7fefa9fc9000 rw-p 00044000 08:01 4460743                    /lib/x86_64-linux-gnu/libdbus-1.so.3.7.6
7fefa9fc9000-7fefa9fd1000 r-xp 00000000 08:01 4460475                    /lib/x86_64-linux-gnu/libnih-dbus.so.1.0.0
7fefa9fd1000-7fefaa1d1000 ---p 00008000 08:01 4460475                    /lib/x86_64-linux-gnu/libnih-dbus.so.1.0.0
7fefaa1d1000-7fefaa1d2000 r--p 00008000 08:01 4460475                    /lib/x86_64-linux-gnu/libnih-dbus.so.1.0.0
7fefaa1d2000-7fefaa1d3000 rw-p 00009000 08:01 4460475                    /lib/x86_64-linux-gnu/libnih-dbus.so.1.0.0
7fefaa1d3000-7fefaa1ea000 r-xp 00000000 08:01 4460477                    /lib/x86_64-linux-gnu/libnih.so.1.0.0
7fefaa1ea000-7fefaa3e9000 ---p 00017000 08:01 4460477                    /lib/x86_64-linux-gnu/libnih.so.1.0.0
7fefaa3e9000-7fefaa3ea000 r--p 00016000 08:01 4460477                    /lib/x86_64-linux-gnu/libnih.so.1.0.0
7fefaa3ea000-7fefaa3eb000 rw-p 00017000 08:01 4460477                    /lib/x86_64-linux-gnu/libnih.so.1.0.0
7fefaa3eb000-7fefaa404000 r-xp 00000000 08:01 4460761                    /lib/x86_64-linux-gnu/libcgmanager.so.0.0.0
7fefaa404000-7fefaa603000 ---p 00019000 08:01 4460761                    /lib/x86_64-linux-gnu/libcgmanager.so.0.0.0
7fefaa603000-7fefaa605000 r--p 00018000 08:01 4460761                    /lib/x86_64-linux-gnu/libcgmanager.so.0.0.0
7fefaa605000-7fefaa606000 rw-p 0001a000 08:01 4460761                    /lib/x86_64-linux-gnu/libcgmanager.so.0.0.0
7fefaa606000-7fefaa641000 r-xp 00000000 08:01 37494871                   /usr/lib/x86_64-linux-gnu/libp11-kit.so.0.0.0
7fefaa641000-7fefaa840000 ---p 0003b000 08:01 37494871                   /usr/lib/x86_64-linux-gnu/libp11-kit.so.0.0.0
7fefaa840000-7fefaa846000 r--p 0003a000 08:01 37494871                   /usr/lib/x86_64-linux-gnu/libp11-kit.so.0.0.0
7fefaa846000-7fefaa848000 rw-p 00040000 08:01 37494871                   /usr/lib/x86_64-linux-gnu/libp11-kit.so.0.0.0
7fefaa848000-7fefaa85a000 r-xp 00000000 08:01 37491767                   /usr/lib/x86_64-linux-gnu/libtasn1.so.6.2.0
7fefaa85a000-7fefaaa5a000 ---p 00012000 08:01 37491767                   /usr/lib/x86_64-linux-gnu/libtasn1.so.6.2.0
7fefaaa5a000-7fefaaa5b000 r--p 00012000 08:01 37491767                   /usr/lib/x86_64-linux-gnu/libtasn1.so.6.2.0
7fefaaa5b000-7fefaaa5c000 rw-p 00013000 08:01 37491767                   /usr/lib/x86_64-linux-gnu/libtasn1.so.6.2.0
7fefaaa5c000-7fefaaad8000 r-xp 00000000 08:01 4460389                    /lib/x86_64-linux-gnu/libgcrypt.so.11.8.2
7fefaaad8000-7fefaacd8000 ---p 0007c000 08:01 4460389                    /lib/x86_64-linux-gnu/libgcrypt.so.11.8.2
7fefaacd8000-7fefaacd9000 r--p 0007c000 08:01 4460389                    /lib/x86_64-linux-gnu/libgcrypt.so.11.8.2
7fefaacd9000-7fefaacdc000 rw-p 0007d000 08:01 4460389                    /lib/x86_64-linux-gnu/libgcrypt.so.11.8.2
7fefaacdc000-7fefaace3000 r-xp 00000000 08:01 37494863                   /usr/lib/x86_64-linux-gnu/libogg.so.0.8.1
7fefaace3000-7fefaaee3000 ---p 00007000 08:01 37494863                   /usr/lib/x86_64-linux-gnu/libogg.so.0.8.1
7fefaaee3000-7fefaaee4000 r--p 00007000 08:01 37494863                   /usr/lib/x86_64-linux-gnu/libogg.so.0.8.1
7fefaaee4000-7fefaaee5000 rw-p 00008000 08:01 37494863                   /usr/lib/x86_64-linux-gnu/libogg.so.0.8.1
7fefaaee5000-7fefaaef5000 r-xp 00000000 08:01 4460417                    /lib/x86_64-linux-gnu/libudev.so.1.3.5
7fefaaef5000-7fefab0f4000 ---p 00010000 08:01 4460417                    /lib/x86_64-linux-gnu/libudev.so.1.3.5
7fefab0f4000-7fefab0f5000 r--p 0000f000 08:01 4460417                    /lib/x86_64-linux-gnu/libudev.so.1.3.5
7fefab0f5000-7fefab0f6000 rw-p 00010000 08:01 4460417                    /lib/x86_64-linux-gnu/libudev.so.1.3.5
7fefab0f6000-7fefab106000 r-xp 00000000 08:01 37494618                   /usr/lib/x86_64-linux-gnu/libgstinterfaces-0.10.so.0.25.0
7fefab106000-7fefab306000 ---p 00010000 08:01 37494618                   /usr/lib/x86_64-linux-gnu/libgstinterfaces-0.10.so.0.25.0
7fefab306000-7fefab307000 r--p 00010000 08:01 37494618                   /usr/lib/x86_64-linux-gnu/libgstinterfaces-0.10.so.0.25.0
7fefab307000-7fefab308000 rw-p 00011000 08:01 37494618                   /usr/lib/x86_64-linux-gnu/libgstinterfaces-0.10.so.0.25.0
7fefab308000-7fefab30d000 r-xp 00000000 08:01 37494155                   /usr/lib/x86_64-linux-gnu/libXdmcp.so.6.0.0
7fefab30d000-7fefab50c000 ---p 00005000 08:01 37494155                   /usr/lib/x86_64-linux-gnu/libXdmcp.so.6.0.0
7fefab50c000-7fefab50d000 r--p 00004000 08:01 37494155                   /usr/lib/x86_64-linux-gnu/libXdmcp.so.6.0.0
7fefab50d000-7fefab50e000 rw-p 00005000 08:01 37494155                   /usr/lib/x86_64-linux-gnu/libXdmcp.so.6.0.0
7fefab50e000-7fefab510000 r-xp 00000000 08:01 37494144                   /usr/lib/x86_64-linux-gnu/libXau.so.6.0.0
7fefab510000-7fefab710000 ---p 00002000 08:01 37494144                   /usr/lib/x86_64-linux-gnu/libXau.so.6.0.0
7fefab710000-7fefab711000 r--p 00002000 08:01 37494144                   /usr/lib/x86_64-linux-gnu/libXau.so.6.0.0
7fefab711000-7fefab712000 rw-p 00003000 08:01 37494144                   /usr/lib/x86_64-linux-gnu/libXau.so.6.0.0
7fefab712000-7fefab721000 r-xp 00000000 08:01 4460412                    /lib/x86_64-linux-gnu/libbz2.so.1.0.4
7fefab721000-7fefab920000 ---p 0000f000 08:01 4460412                    /lib/x86_64-linux-gnu/libbz2.so.1.0.4
7fefab920000-7fefab921000 r--p 0000e000 08:01 4460412                    /lib/x86_64-linux-gnu/libbz2.so.1.0.4
7fefab921000-7fefab922000 rw-p 0000f000 08:01 4460412                    /lib/x86_64-linux-gnu/libbz2.so.1.0.4
7fefab922000-7fefab9d8000 r-xp 00000000 08:01 37494548                   /usr/lib/x86_64-linux-gnu/libgnutls.so.26.22.6
7fefab9d8000-7fefabbd8000 ---p 000b6000 08:01 37494548                   /usr/lib/x86_64-linux-gnu/libgnutls.so.26.22.6
7fefabbd8000-7fefabbde000 r--p 000b6000 08:01 37494548                   /usr/lib/x86_64-linux-gnu/libgnutls.so.26.22.6
7fefabbde000-7fefabbdf000 rw-p 000bc000 08:01 37494548                   /usr/lib/x86_64-linux-gnu/libgnutls.so.26.22.6
7fefabbdf000-7fefabbe0000 rw-p 00000000 00:00 0 
7fefabbe0000-7fefabbf9000 r-xp 00000000 08:01 37494980                   /usr/lib/x86_64-linux-gnu/librtmp.so.0
7fefabbf9000-7fefabdf8000 ---p 00019000 08:01 37494980                   /usr/lib/x86_64-linux-gnu/librtmp.so.0
7fefabdf8000-7fefabdf9000 r--p 00018000 08:01 37494980                   /usr/lib/x86_64-linux-gnu/librtmp.so.0
7fefabdf9000-7fefabdfa000 rw-p 00019000 08:01 37494980                   /usr/lib/x86_64-linux-gnu/librtmp.so.0
7fefabdfa000-7fefabe0e000 r-xp 00000000 08:01 37494850                   /usr/lib/x86_64-linux-gnu/libva.so.1.3500.0
7fefabe0e000-7fefac00e000 ---p 00014000 08:01 37494850                   /usr/lib/x86_64-linux-gnu/libva.so.1.3500.0
7fefac00e000-7fefac00f000 r--p 00014000 08:01 37494850                   /usr/lib/x86_64-linux-gnu/libva.so.1.3500.0
7fefac00f000-7fefac010000 rw-p 00015000 08:01 37494850                   /usr/lib/x86_64-linux-gnu/libva.so.1.3500.0
7fefac010000-7fefac0b9000 r-xp 00000000 08:01 37489157                   /usr/lib/x86_64-linux-gnu/libfdk-aac.so.0.0.4
7fefac0b9000-7fefac2b8000 ---p 000a9000 08:01 37489157                   /usr/lib/x86_64-linux-gnu/libfdk-aac.so.0.0.4
7fefac2b8000-7fefac2ba000 r--p 000a8000 08:01 37489157                   /usr/lib/x86_64-linux-gnu/libfdk-aac.so.0.0.4
7fefac2ba000-7fefac2bb000 rw-p 000aa000 08:01 37489157                   /usr/lib/x86_64-linux-gnu/libfdk-aac.so.0.0.4
7fefac2bb000-7fefac2bd000 rw-p 00000000 00:00 0 
7fefac2bd000-7fefac2ca000 r-xp 00000000 08:01 37493302                   /usr/lib/x86_64-linux-gnu/libgsm.so.1.0.12
7fefac2ca000-7fefac4c9000 ---p 0000d000 08:01 37493302                   /usr/lib/x86_64-linux-gnu/libgsm.so.1.0.12
7fefac4c9000-7fefac4ca000 r--p 0000c000 08:01 37493302                   /usr/lib/x86_64-linux-gnu/libgsm.so.1.0.12
7fefac4ca000-7fefac4cb000 rw-p 0000d000 08:01 37493302                   /usr/lib/x86_64-linux-gnu/libgsm.so.1.0.12
7fefac4cb000-7fefac528000 r-xp 00000000 08:01 37493894                   /usr/lib/x86_64-linux-gnu/libmp3lame.so.0.0.0
7fefac528000-7fefac728000 ---p 0005d000 08:01 37493894                   /usr/lib/x86_64-linux-gnu/libmp3lame.so.0.0.0
7fefac728000-7fefac729000 r--p 0005d000 08:01 37493894                   /usr/lib/x86_64-linux-gnu/libmp3lame.so.0.0.0
7fefac729000-7fefac72a000 rw-p 0005e000 08:01 37493894                   /usr/lib/x86_64-linux-gnu/libmp3lame.so.0.0.0
7fefac72a000-7fefac758000 rw-p 00000000 00:00 0 
7fefac758000-7fefac779000 r-xp 00000000 08:01 37494376                   /usr/lib/x86_64-linux-gnu/libopenjpeg-2.1.3.0.so
7fefac779000-7fefac978000 ---p 00021000 08:01 37494376                   /usr/lib/x86_64-linux-gnu/libopenjpeg-2.1.3.0.so
7fefac978000-7fefac979000 r--p 00020000 08:01 37494376                   /usr/lib/x86_64-linux-gnu/libopenjpeg-2.1.3.0.so
7fefac979000-7fefac97a000 rw-p 00021000 08:01 37494376                   /usr/lib/x86_64-linux-gnu/libopenjpeg-2.1.3.0.so
7fefac97a000-7fefac9c1000 r-xp 00000000 08:01 37494505                   /usr/lib/x86_64-linux-gnu/libopus.so.0.5.0
7fefac9c1000-7fefacbc0000 ---p 00047000 08:01 37494505                   /usr/lib/x86_64-linux-gnu/libopus.so.0.5.0
7fefacbc0000-7fefacbc1000 r--p 00046000 08:01 37494505                   /usr/lib/x86_64-linux-gnu/libopus.so.0.5.0
7fefacbc1000-7fefacbc2000 rw-p 00047000 08:01 37494505                   /usr/lib/x86_64-linux-gnu/libopus.so.0.5.0
7fefacbc2000-7fefacc82000 r-xp 00000000 08:01 37494668                   /usr/lib/x86_64-linux-gnu/libschroedinger-1.0.so.0.11.0
7fefacc82000-7feface82000 ---p 000c0000 08:01 37494668                   /usr/lib/x86_64-linux-gnu/libschroedinger-1.0.so.0.11.0
7feface82000-7feface84000 r--p 000c0000 08:01 37494668                   /usr/lib/x86_64-linux-gnu/libschroedinger-1.0.so.0.11.0
7feface84000-7feface85000 rw-p 000c2000 08:01 37494668                   /usr/lib/x86_64-linux-gnu/libschroedinger-1.0.so.0.11.0
7feface85000-7feface86000 rw-p 00000000 00:00 0 
7feface86000-7feface9d000 r-xp 00000000 08:01 37495034                   /usr/lib/x86_64-linux-gnu/libspeex.so.1.5.0
7feface9d000-7fefad09d000 ---p 00017000 08:01 37495034                   /usr/lib/x86_64-linux-gnu/libspeex.so.1.5.0
7fefad09d000-7fefad09e000 r--p 00017000 08:01 37495034                   /usr/lib/x86_64-linux-gnu/libspeex.so.1.5.0
7fefad09e000-7fefad09f000 rw-p 00018000 08:01 37495034                   /usr/lib/x86_64-linux-gnu/libspeex.so.1.5.0
7fefad09f000-7fefad0b7000 r-xp 00000000 08:01 37495076                   /usr/lib/x86_64-linux-gnu/libtheoradec.so.1.1.4
7fefad0b7000-7fefad2b6000 ---p 00018000 08:01 37495076                   /usr/lib/x86_64-linux-gnu/libtheoradec.so.1.1.4
7fefad2b6000-7fefad2b7000 r--p 00017000 08:01 37495076                   /usr/lib/x86_64-linux-gnu/libtheoradec.so.1.1.4
7fefad2b7000-7fefad2b8000 rw-p 00018000 08:01 37495076                   /usr/lib/x86_64-linux-gnu/libtheoradec.so.1.1.4
7fefad2b8000-7fefad2f7000 r-xp 00000000 08:01 37495078                   /usr/lib/x86_64-linux-gnu/libtheoraenc.so.1.1.2
7fefad2f7000-7fefad4f6000 ---p 0003f000 08:01 37495078                   /usr/lib/x86_64-linux-gnu/libtheoraenc.so.1.1.2
7fefad4f6000-7fefad4f7000 r--p 0003e000 08:01 37495078                   /usr/lib/x86_64-linux-gnu/libtheoraenc.so.1.1.2
7fefad4f7000-7fefad4f8000 rw-p 0003f000 08:01 37495078                   /usr/lib/x86_64-linux-gnu/libtheoraenc.so.1.1.2
7fefad4f8000-7fefad524000 r-xp 00000000 08:01 37495141                   /usr/lib/x86_64-linux-gnu/libvorbis.so.0.4.5
7fefad524000-7fefad723000 ---p 0002c000 08:01 37495141                   /usr/lib/x86_64-linux-gnu/libvorbis.so.0.4.5
7fefad723000-7fefad724000 r--p 0002b000 08:01 37495141                   /usr/lib/x86_64-linux-gnu/libvorbis.so.0.4.5
7fefad724000-7fefad725000 rw-p 0002c000 08:01 37495141                   /usr/lib/x86_64-linux-gnu/libvorbis.so.0.4.5
7fefad725000-7fefad9d8000 r-xp 00000000 08:01 37495143                   /usr/lib/x86_64-linux-gnu/libvorbisenc.so.2.0.8
7fefad9d8000-7fefadbd7000 ---p 002b3000 08:01 37495143                   /usr/lib/x86_64-linux-gnu/libvorbisenc.so.2.0.8
7fefadbd7000-7fefadbf3000 r--p 002b2000 08:01 37495143                   /usr/lib/x86_64-linux-gnu/libvorbisenc.so.2.0.8
7fefadbf3000-7fefadbf4000 rw-p 002ce000 08:01 37495143                   /usr/lib/x86_64-linux-gnu/libvorbisenc.so.2.0.8
7fefadbf4000-7fefadd8c000 r-xp 00000000 08:01 37495148                   /usr/lib/x86_64-linux-gnu/libvpx.so.1.3.0
7fefadd8c000-7fefadf8b000 ---p 00198000 08:01 37495148                   /usr/lib/x86_64-linux-gnu/libvpx.so.1.3.0
7fefadf8b000-7fefadf8d000 rw-p 00197000 08:01 37495148                   /usr/lib/x86_64-linux-gnu/libvpx.so.1.3.0
7fefadf8d000-7fefadfd3000 rw-p 00000000 00:00 0 
7fefadfd3000-7fefae0ec000 r-xp 00000000 08:01 37495094                   /usr/lib/x86_64-linux-gnu/libx264.so.142
7fefae0ec000-7fefae2ec000 ---p 00119000 08:01 37495094                   /usr/lib/x86_64-linux-gnu/libx264.so.142
7fefae2ec000-7fefae2ed000 r--p 00119000 08:01 37495094                   /usr/lib/x86_64-linux-gnu/libx264.so.142
7fefae2ed000-7fefae2ee000 rw-p 0011a000 08:01 37495094                   /usr/lib/x86_64-linux-gnu/libx264.so.142
7fefae2ee000-7fefae369000 rw-p 00000000 00:00 0 
7fefae369000-7fefae434000 r-xp 00000000 08:01 37495095                   /usr/lib/x86_64-linux-gnu/libxvidcore.so.4.3
7fefae434000-7fefae633000 ---p 000cb000 08:01 37495095                   /usr/lib/x86_64-linux-gnu/libxvidcore.so.4.3
7fefae633000-7fefae634000 r--p 000ca000 08:01 37495095                   /usr/lib/x86_64-linux-gnu/libxvidcore.so.4.3
7fefae634000-7fefae63e000 rw-p 000cb000 08:01 37495095                   /usr/lib/x86_64-linux-gnu/libxvidcore.so.4.3
7fefae63e000-7fefae6a7000 rw-p 00000000 00:00 0 
7fefae6a7000-7fefae6cb000 r-xp 00000000 08:01 37495133                   /usr/lib/x86_64-linux-gnu/libv4lconvert.so.0.0.0
7fefae6cb000-7fefae8cb000 ---p 00024000 08:01 37495133                   /usr/lib/x86_64-linux-gnu/libv4lconvert.so.0.0.0
7fefae8cb000-7fefae8cd000 r--p 00024000 08:01 37495133                   /usr/lib/x86_64-linux-gnu/libv4lconvert.so.0.0.0
7fefae8cd000-7fefae8ce000 rw-p 00026000 08:01 37495133                   /usr/lib/x86_64-linux-gnu/libv4lconvert.so.0.0.0
7fefae8ce000-7fefae920000 rw-p 00000000 00:00 0 
7fefae920000-7fefae935000 r-xp 00000000 08:01 4460567                    /lib/x86_64-linux-gnu/libusb-1.0.so.0.1.0
7fefae935000-7fefaeb35000 ---p 00015000 08:01 4460567                    /lib/x86_64-linux-gnu/libusb-1.0.so.0.1.0
7fefaeb35000-7fefaeb36000 r--p 00015000 08:01 4460567                    /lib/x86_64-linux-gnu/libusb-1.0.so.0.1.0
7fefaeb36000-7fefaeb37000 rw-p 00016000 08:01 4460567                    /lib/x86_64-linux-gnu/libusb-1.0.so.0.1.0
7fefaeb37000-7fefaeb44000 r-xp 00000000 08:01 37494958                   /usr/lib/x86_64-linux-gnu/libraw1394.so.11.1.0
7fefaeb44000-7fefaed43000 ---p 0000d000 08:01 37494958                   /usr/lib/x86_64-linux-gnu/libraw1394.so.11.1.0
7fefaed43000-7fefaed44000 r--p 0000c000 08:01 37494958                   /usr/lib/x86_64-linux-gnu/libraw1394.so.11.1.0
7fefaed44000-7fefaed45000 rw-p 0000d000 08:01 37494958                   /usr/lib/x86_64-linux-gnu/libraw1394.so.11.1.0
7fefaed45000-7fefaed7a000 r-xp 00000000 08:01 37494654                   /usr/lib/x86_64-linux-gnu/libgsttag-0.10.so.0.25.0
7fefaed7a000-7fefaef79000 ---p 00035000 08:01 37494654                   /usr/lib/x86_64-linux-gnu/libgsttag-0.10.so.0.25.0
7fefaef79000-7fefaef7b000 r--p 00034000 08:01 37494654                   /usr/lib/x86_64-linux-gnu/libgsttag-0.10.so.0.25.0
7fefaef7b000-7fefaef7c000 rw-p 00036000 08:01 37494654                   /usr/lib/x86_64-linux-gnu/libgsttag-0.10.so.0.25.0
7fefaef7c000-7fefaefb1000 r-xp 00000000 08:01 37494590                   /usr/lib/x86_64-linux-gnu/libgstaudio-0.10.so.0.25.0
7fefaefb1000-7fefaf1b1000 ---p 00035000 08:01 37494590                   /usr/lib/x86_64-linux-gnu/libgstaudio-0.10.so.0.25.0
7fefaf1b1000-7fefaf1b2000 r--p 00035000 08:01 37494590                   /usr/lib/x86_64-linux-gnu/libgstaudio-0.10.so.0.25.0
7fefaf1b2000-7fefaf1b4000 rw-p 00036000 08:01 37494590                   /usr/lib/x86_64-linux-gnu/libgstaudio-0.10.so.0.25.0
7fefaf1b4000-7fefaf231000 r-xp 00000000 08:01 37494867                   /usr/lib/x86_64-linux-gnu/liborc-0.4.so.0.18.0
7fefaf231000-7fefaf430000 ---p 0007d000 08:01 37494867                   /usr/lib/x86_64-linux-gnu/liborc-0.4.so.0.18.0
7fefaf430000-7fefaf432000 r--p 0007c000 08:01 37494867                   /usr/lib/x86_64-linux-gnu/liborc-0.4.so.0.18.0
7fefaf432000-7fefaf436000 rw-p 0007e000 08:01 37494867                   /usr/lib/x86_64-linux-gnu/liborc-0.4.so.0.18.0
7fefaf436000-7fefaf489000 r-xp 00000000 08:01 37494594                   /usr/lib/x86_64-linux-gnu/libgstbase-0.10.so.0.30.0
7fefaf489000-7fefaf688000 ---p 00053000 08:01 37494594                   /usr/lib/x86_64-linux-gnu/libgstbase-0.10.so.0.30.0
7fefaf688000-7fefaf689000 r--p 00052000 08:01 37494594                   /usr/lib/x86_64-linux-gnu/libgstbase-0.10.so.0.30.0
7fefaf689000-7fefaf68a000 rw-p 00053000 08:01 37494594                   /usr/lib/x86_64-linux-gnu/libgstbase-0.10.so.0.30.0
7fefaf68a000-7fefaf6c7000 r-xp 00000000 08:01 4460466                    /lib/x86_64-linux-gnu/libpcre.so.3.13.1
7fefaf6c7000-7fefaf8c6000 ---p 0003d000 08:01 4460466                    /lib/x86_64-linux-gnu/libpcre.so.3.13.1
7fefaf8c6000-7fefaf8c7000 r--p 0003c000 08:01 4460466                    /lib/x86_64-linux-gnu/libpcre.so.3.13.1
7fefaf8c7000-7fefaf8c8000 rw-p 0003d000 08:01 4460466                    /lib/x86_64-linux-gnu/libpcre.so.3.13.1
7fefaf8c8000-7fefaf8cf000 r-xp 00000000 08:01 37494422                   /usr/lib/x86_64-linux-gnu/libffi.so.6.0.1
7fefaf8cf000-7fefaface000 ---p 00007000 08:01 37494422                   /usr/lib/x86_64-linux-gnu/libffi.so.6.0.1
7fefaface000-7fefafacf000 r--p 00006000 08:01 37494422                   /usr/lib/x86_64-linux-gnu/libffi.so.6.0.1
7fefafacf000-7fefafad0000 rw-p 00007000 08:01 37494422                   /usr/lib/x86_64-linux-gnu/libffi.so.6.0.1
7fefafad0000-7fefafc2c000 r-xp 00000000 08:01 37503554                   /usr/lib/x86_64-linux-gnu/libxml2.so.2.9.1
7fefafc2c000-7fefafe2c000 ---p 0015c000 08:01 37503554                   /usr/lib/x86_64-linux-gnu/libxml2.so.2.9.1
7fefafe2c000-7fefafe34000 r--p 0015c000 08:01 37503554                   /usr/lib/x86_64-linux-gnu/libxml2.so.2.9.1
7fefafe34000-7fefafe36000 rw-p 00164000 08:01 37503554                   /usr/lib/x86_64-linux-gnu/libxml2.so.2.9.1
7fefafe36000-7fefafe37000 rw-p 00000000 00:00 0 
7fefafe37000-7fefafe3a000 r-xp 00000000 08:01 37486956                   /usr/lib/x86_64-linux-gnu/libgmodule-2.0.so.0.4002.0
7fefafe3a000-7fefb0039000 ---p 00003000 08:01 37486956                   /usr/lib/x86_64-linux-gnu/libgmodule-2.0.so.0.4002.0
7fefb0039000-7fefb003a000 r--p 00002000 08:01 37486956                   /usr/lib/x86_64-linux-gnu/libgmodule-2.0.so.0.4002.0
7fefb003a000-7fefb003b000 rw-p 00003000 08:01 37486956                   /usr/lib/x86_64-linux-gnu/libgmodule-2.0.so.0.4002.0
7fefb003b000-7fefb0046000 r-xp 00000000 08:01 37494742                   /usr/lib/x86_64-linux-gnu/libjbig.so.0
7fefb0046000-7fefb0245000 ---p 0000b000 08:01 37494742                   /usr/lib/x86_64-linux-gnu/libjbig.so.0
7fefb0245000-7fefb0246000 r--p 0000a000 08:01 37494742                   /usr/lib/x86_64-linux-gnu/libjbig.so.0
7fefb0246000-7fefb0249000 rw-p 0000b000 08:01 37494742                   /usr/lib/x86_64-linux-gnu/libjbig.so.0
7fefb0249000-7fefb026a000 r-xp 00000000 08:01 4460460                    /lib/x86_64-linux-gnu/liblzma.so.5.0.0
7fefb026a000-7fefb0469000 ---p 00021000 08:01 4460460                    /lib/x86_64-linux-gnu/liblzma.so.5.0.0
7fefb0469000-7fefb046a000 r--p 00020000 08:01 4460460                    /lib/x86_64-linux-gnu/liblzma.so.5.0.0
7fefb046a000-7fefb046b000 rw-p 00021000 08:01 4460460                    /lib/x86_64-linux-gnu/liblzma.so.5.0.0
7fefb046b000-7fefb0476000 r-xp 00000000 08:01 37489322                   /usr/lib/x86_64-linux-gnu/libdrm.so.2.4.0
7fefb0476000-7fefb0675000 ---p 0000b000 08:01 37489322                   /usr/lib/x86_64-linux-gnu/libdrm.so.2.4.0
7fefb0675000-7fefb0676000 r--p 0000a000 08:01 37489322                   /usr/lib/x86_64-linux-gnu/libdrm.so.2.4.0
7fefb0676000-7fefb0677000 rw-p 0000b000 08:01 37489322                   /usr/lib/x86_64-linux-gnu/libdrm.so.2.4.0
7fefb0677000-7fefb067b000 r-xp 00000000 08:01 37494195                   /usr/lib/x86_64-linux-gnu/libXxf86vm.so.1.0.0
7fefb067b000-7fefb087b000 ---p 00004000 08:01 37494195                   /usr/lib/x86_64-linux-gnu/libXxf86vm.so.1.0.0
7fefb087b000-7fefb087c000 r--p 00004000 08:01 37494195                   /usr/lib/x86_64-linux-gnu/libXxf86vm.so.1.0.0
7fefb087c000-7fefb087d000 rw-p 00005000 08:01 37494195                   /usr/lib/x86_64-linux-gnu/libXxf86vm.so.1.0.0
7fefb087d000-7fefb087e000 r-xp 00000000 08:01 37495224                   /usr/lib/x86_64-linux-gnu/libxshmfence.so.1.0.0
7fefb087e000-7fefb0a7d000 ---p 00001000 08:01 37495224                   /usr/lib/x86_64-linux-gnu/libxshmfence.so.1.0.0
7fefb0a7d000-7fefb0a7e000 r--p 00000000 08:01 37495224                   /usr/lib/x86_64-linux-gnu/libxshmfence.so.1.0.0
7fefb0a7e000-7fefb0a7f000 rw-p 00001000 08:01 37495224                   /usr/lib/x86_64-linux-gnu/libxshmfence.so.1.0.0
7fefb0a7f000-7fefb0a9c000 r-xp 00000000 08:01 37495214                   /usr/lib/x86_64-linux-gnu/libxcb.so.1.1.0
7fefb0a9c000-7fefb0c9c000 ---p 0001d000 08:01 37495214                   /usr/lib/x86_64-linux-gnu/libxcb.so.1.1.0
7fefb0c9c000-7fefb0c9d000 r--p 0001d000 08:01 37495214                   /usr/lib/x86_64-linux-gnu/libxcb.so.1.1.0
7fefb0c9d000-7fefb0c9e000 rw-p 0001e000 08:01 37495214                   /usr/lib/x86_64-linux-gnu/libxcb.so.1.1.0
7fefb0c9e000-7fefb0ca3000 r-xp 00000000 08:01 37495206                   /usr/lib/x86_64-linux-gnu/libxcb-sync.so.1.0.0
7fefb0ca3000-7fefb0ea2000 ---p 00005000 08:01 37495206                   /usr/lib/x86_64-linux-gnu/libxcb-sync.so.1.0.0
7fefb0ea2000-7fefb0ea3000 r--p 00004000 08:01 37495206                   /usr/lib/x86_64-linux-gnu/libxcb-sync.so.1.0.0
7fefb0ea3000-7fefb0ea4000 rw-p 00005000 08:01 37495206                   /usr/lib/x86_64-linux-gnu/libxcb-sync.so.1.0.0
7fefb0ea4000-7fefb0ea6000 r-xp 00000000 08:01 37495194                   /usr/lib/x86_64-linux-gnu/libxcb-present.so.0.0.0
7fefb0ea6000-7fefb10a5000 ---p 00002000 08:01 37495194                   /usr/lib/x86_64-linux-gnu/libxcb-present.so.0.0.0
7fefb10a5000-7fefb10a6000 r--p 00001000 08:01 37495194                   /usr/lib/x86_64-linux-gnu/libxcb-present.so.0.0.0
7fefb10a6000-7fefb10a7000 rw-p 00002000 08:01 37495194                   /usr/lib/x86_64-linux-gnu/libxcb-present.so.0.0.0
7fefb10a7000-7fefb10a9000 r-xp 00000000 08:01 37495184                   /usr/lib/x86_64-linux-gnu/libxcb-dri3.so.0.0.0
7fefb10a9000-7fefb12a8000 ---p 00002000 08:01 37495184                   /usr/lib/x86_64-linux-gnu/libxcb-dri3.so.0.0.0
7fefb12a8000-7fefb12a9000 r--p 00001000 08:01 37495184                   /usr/lib/x86_64-linux-gnu/libxcb-dri3.so.0.0.0
7fefb12a9000-7fefb12aa000 rw-p 00002000 08:01 37495184                   /usr/lib/x86_64-linux-gnu/libxcb-dri3.so.0.0.0
7fefb12aa000-7fefb12ad000 r-xp 00000000 08:01 37495182                   /usr/lib/x86_64-linux-gnu/libxcb-dri2.so.0.0.0
7fefb12ad000-7fefb14ad000 ---p 00003000 08:01 37495182                   /usr/lib/x86_64-linux-gnu/libxcb-dri2.so.0.0.0
7fefb14ad000-7fefb14ae000 r--p 00003000 08:01 37495182                   /usr/lib/x86_64-linux-gnu/libxcb-dri2.so.0.0.0
7fefb14ae000-7fefb14af000 rw-p 00004000 08:01 37495182                   /usr/lib/x86_64-linux-gnu/libxcb-dri2.so.0.0.0
7fefb14af000-7fefb14c4000 r-xp 00000000 08:01 37495186                   /usr/lib/x86_64-linux-gnu/libxcb-glx.so.0.0.0
7fefb14c4000-7fefb16c3000 ---p 00015000 08:01 37495186                   /usr/lib/x86_64-linux-gnu/libxcb-glx.so.0.0.0
7fefb16c3000-7fefb16c5000 r--p 00014000 08:01 37495186                   /usr/lib/x86_64-linux-gnu/libxcb-glx.so.0.0.0
7fefb16c5000-7fefb16c6000 rw-p 00016000 08:01 37495186                   /usr/lib/x86_64-linux-gnu/libxcb-glx.so.0.0.0
7fefb16c6000-7fefb17f6000 r-xp 00000000 08:01 37494140                   /usr/lib/x86_64-linux-gnu/libX11.so.6.3.0
7fefb17f6000-7fefb19f6000 ---p 00130000 08:01 37494140                   /usr/lib/x86_64-linux-gnu/libX11.so.6.3.0
7fefb19f6000-7fefb19f7000 r--p 00130000 08:01 37494140                   /usr/lib/x86_64-linux-gnu/libX11.so.6.3.0
7fefb19f7000-7fefb19fb000 rw-p 00131000 08:01 37494140                   /usr/lib/x86_64-linux-gnu/libX11.so.6.3.0
7fefb19fb000-7fefb19fc000 r-xp 00000000 08:01 37494138                   /usr/lib/x86_64-linux-gnu/libX11-xcb.so.1.0.0
7fefb19fc000-7fefb1bfb000 ---p 00001000 08:01 37494138                   /usr/lib/x86_64-linux-gnu/libX11-xcb.so.1.0.0
7fefb1bfb000-7fefb1bfc000 r--p 00000000 08:01 37494138                   /usr/lib/x86_64-linux-gnu/libX11-xcb.so.1.0.0
7fefb1bfc000-7fefb1bfd000 rw-p 00001000 08:01 37494138                   /usr/lib/x86_64-linux-gnu/libX11-xcb.so.1.0.0
7fefb1bfd000-7fefb1c02000 r-xp 00000000 08:01 37491842                   /usr/lib/x86_64-linux-gnu/libXfixes.so.3.1.0
7fefb1c02000-7fefb1e01000 ---p 00005000 08:01 37491842                   /usr/lib/x86_64-linux-gnu/libXfixes.so.3.1.0
7fefb1e01000-7fefb1e02000 r--p 00004000 08:01 37491842                   /usr/lib/x86_64-linux-gnu/libXfixes.so.3.1.0
7fefb1e02000-7fefb1e03000 rw-p 00005000 08:01 37491842                   /usr/lib/x86_64-linux-gnu/libXfixes.so.3.1.0
7fefb1e03000-7fefb1e05000 r-xp 00000000 08:01 37494153                   /usr/lib/x86_64-linux-gnu/libXdamage.so.1.1.0
7fefb1e05000-7fefb2004000 ---p 00002000 08:01 37494153                   /usr/lib/x86_64-linux-gnu/libXdamage.so.1.1.0
7fefb2004000-7fefb2005000 r--p 00001000 08:01 37494153                   /usr/lib/x86_64-linux-gnu/libXdamage.so.1.1.0
7fefb2005000-7fefb2006000 rw-p 00002000 08:01 37494153                   /usr/lib/x86_64-linux-gnu/libXdamage.so.1.1.0
7fefb2006000-7fefb2017000 r-xp 00000000 08:01 37491836                   /usr/lib/x86_64-linux-gnu/libXext.so.6.4.0
7fefb2017000-7fefb2216000 ---p 00011000 08:01 37491836                   /usr/lib/x86_64-linux-gnu/libXext.so.6.4.0
7fefb2216000-7fefb2217000 r--p 00010000 08:01 37491836                   /usr/lib/x86_64-linux-gnu/libXext.so.6.4.0
7fefb2217000-7fefb2218000 rw-p 00011000 08:01 37491836                   /usr/lib/x86_64-linux-gnu/libXext.so.6.4.0
7fefb2218000-7fefb223a000 r-xp 00000000 08:01 37489327                   /usr/lib/x86_64-linux-gnu/libglapi.so.0.0.0
7fefb223a000-7fefb243a000 ---p 00022000 08:01 37489327                   /usr/lib/x86_64-linux-gnu/libglapi.so.0.0.0
7fefb243a000-7fefb243d000 r--p 00022000 08:01 37489327                   /usr/lib/x86_64-linux-gnu/libglapi.so.0.0.0
7fefb243d000-7fefb243e000 rw-p 00025000 08:01 37489327                   /usr/lib/x86_64-linux-gnu/libglapi.so.0.0.0
7fefb243e000-7fefb243f000 rw-p 00000000 00:00 0 
7fefb243f000-7fefb2498000 r-xp 00000000 08:01 33164546                   /home/rajitha/opencv-3.0.0/build/lib/libopencv_flann.so.3.0.0
7fefb2498000-7fefb2697000 ---p 00059000 08:01 33164546                   /home/rajitha/opencv-3.0.0/build/lib/libopencv_flann.so.3.0.0
7fefb2697000-7fefb269a000 r--p 00058000 08:01 33164546                   /home/rajitha/opencv-3.0.0/build/lib/libopencv_flann.so.3.0.0
7fefb269a000-7fefb269b000 rw-p 0005b000 08:01 33164546                   /home/rajitha/opencv-3.0.0/build/lib/libopencv_flann.so.3.0.0
7fefb269b000-7fefb26e0000 r-xp 00000000 08:01 37492226                   /usr/lib/x86_64-linux-gnu/libswscale.so.2.1.1
7fefb26e0000-7fefb28e0000 ---p 00045000 08:01 37492226                   /usr/lib/x86_64-linux-gnu/libswscale.so.2.1.1
7fefb28e0000-7fefb28e1000 r--p 00045000 08:01 37492226                   /usr/lib/x86_64-linux-gnu/libswscale.so.2.1.1
7fefb28e1000-7fefb28e2000 rw-p 00046000 08:01 37492226                   /usr/lib/x86_64-linux-gnu/libswscale.so.2.1.1
7fefb28e2000-7fefb2900000 r-xp 00000000 08:01 37503508                   /usr/lib/x86_64-linux-gnu/libavutil.so.52.3.0
7fefb2900000-7fefb2b00000 ---p 0001e000 08:01 37503508                   /usr/lib/x86_64-linux-gnu/libavutil.so.52.3.0
7fefb2b00000-7fefb2b02000 r--p 0001e000 08:01 37503508                   /usr/lib/x86_64-linux-gnu/libavutil.so.52.3.0
7fefb2b02000-7fefb2b03000 rw-p 00020000 08:01 37503508                   /usr/lib/x86_64-linux-gnu/libavutil.so.52.3.0
7fefb2b03000-7fefb2b07000 rw-p 00000000 00:00 0 
7fefb2b07000-7fefb2c15000 r-xp 00000000 08:01 37492223                   /usr/lib/x86_64-linux-gnu/libavformat.so.54.20.4
7fefb2c15000-7fefb2e14000 ---p 0010e000 08:01 37492223                   /usr/lib/x86_64-linux-gnu/libavformat.so.54.20.4
7fefb2e14000-7fefb2e1c000 r--p 0010d000 08:01 37492223                   /usr/lib/x86_64-linux-gnu/libavformat.so.54.20.4
7fefb2e1c000-7fefb2e29000 rw-p 00115000 08:01 37492223                   /usr/lib/x86_64-linux-gnu/libavformat.so.54.20.4
7fefb2e29000-7fefb33de000 r-xp 00000000 08:01 37492219                   /usr/lib/x86_64-linux-gnu/libavcodec.so.54.35.0
7fefb33de000-7fefb35dd000 ---p 005b5000 08:01 37492219                   /usr/lib/x86_64-linux-gnu/libavcodec.so.54.35.0
7fefb35dd000-7fefb35f0000 r--p 005b4000 08:01 37492219                   /usr/lib/x86_64-linux-gnu/libavcodec.so.54.35.0
7fefb35f0000-7fefb3608000 rw-p 005c7000 08:01 37492219                   /usr/lib/x86_64-linux-gnu/libavcodec.so.54.35.0
7fefb3608000-7fefb3b7e000 rw-p 00000000 00:00 0 
7fefb3b7e000-7fefb3b87000 r-xp 00000000 08:01 37495131                   /usr/lib/x86_64-linux-gnu/libv4l2.so.0.0.0
7fefb3b87000-7fefb3d86000 ---p 00009000 08:01 37495131                   /usr/lib/x86_64-linux-gnu/libv4l2.so.0.0.0
7fefb3d86000-7fefb3d87000 r--p 00008000 08:01 37495131                   /usr/lib/x86_64-linux-gnu/libv4l2.so.0.0.0
7fefb3d87000-7fefb3d8c000 rw-p 00009000 08:01 37495131                   /usr/lib/x86_64-linux-gnu/libv4l2.so.0.0.0
7fefb3d8c000-7fefb3dbe000 r-xp 00000000 08:01 37496346                   /usr/lib/x86_64-linux-gnu/libdc1394.so.22.1.8
7fefb3dbe000-7fefb3fbe000 ---p 00032000 08:01 37496346                   /usr/lib/x86_64-linux-gnu/libdc1394.so.22.1.8
7fefb3fbe000-7fefb3fbf000 r--p 00032000 08:01 37496346                   /usr/lib/x86_64-linux-gnu/libdc1394.so.22.1.8
7fefb3fbf000-7fefb3fc0000 rw-p 00033000 08:01 37496346                   /usr/lib/x86_64-linux-gnu/libdc1394.so.22.1.8
7fefb3fc0000-7fefb4000000 rw-p 00000000 00:00 0 
7fefb4000000-7fefb4021000 rw-p 00000000 00:00 0 
7fefb4021000-7fefb8000000 ---p 00000000 00:00 0 
7fefb800b000-7fefb8010000 r-xp 00000000 08:01 37495129                   /usr/lib/x86_64-linux-gnu/libv4l1.so.0.0.0
7fefb8010000-7fefb820f000 ---p 00005000 08:01 37495129                   /usr/lib/x86_64-linux-gnu/libv4l1.so.0.0.0
7fefb820f000-7fefb8210000 r--p 00004000 08:01 37495129                   /usr/lib/x86_64-linux-gnu/libv4l1.so.0.0.0
7fefb8210000-7fefb8211000 rw-p 00005000 08:01 37495129                   /usr/lib/x86_64-linux-gnu/libv4l1.so.0.0.0
7fefb8211000-7fefb8233000 r-xp 00000000 08:01 37494626                   /usr/lib/x86_64-linux-gnu/libgstpbutils-0.10.so.0.25.0
7fefb8233000-7fefb8432000 ---p 00022000 08:01 37494626                   /usr/lib/x86_64-linux-gnu/libgstpbutils-0.10.so.0.25.0
7fefb8432000-7fefb8434000 r--p 00021000 08:01 37494626                   /usr/lib/x86_64-linux-gnu/libgstpbutils-0.10.so.0.25.0
7fefb8434000-7fefb8435000 rw-p 00023000 08:01 37494626                   /usr/lib/x86_64-linux-gnu/libgstpbutils-0.10.so.0.25.0
7fefb8435000-7fefb8441000 r-xp 00000000 08:01 37494638                   /usr/lib/x86_64-linux-gnu/libgstriff-0.10.so.0.25.0
7fefb8441000-7fefb8640000 ---p 0000c000 08:01 37494638                   /usr/lib/x86_64-linux-gnu/libgstriff-0.10.so.0.25.0
7fefb8640000-7fefb8641000 r--p 0000b000 08:01 37494638                   /usr/lib/x86_64-linux-gnu/libgstriff-0.10.so.0.25.0
7fefb8641000-7fefb8642000 rw-p 0000c000 08:01 37494638                   /usr/lib/x86_64-linux-gnu/libgstriff-0.10.so.0.25.0
7fefb8642000-7fefb864d000 r-xp 00000000 08:01 37494586                   /usr/lib/x86_64-linux-gnu/libgstapp-0.10.so.0.25.0
7fefb864d000-7fefb884c000 ---p 0000b000 08:01 37494586                   /usr/lib/x86_64-linux-gnu/libgstapp-0.10.so.0.25.0
7fefb884c000-7fefb884d000 r--p 0000a000 08:01 37494586                   /usr/lib/x86_64-linux-gnu/libgstapp-0.10.so.0.25.0
7fefb884d000-7fefb884e000 rw-p 0000b000 08:01 37494586                   /usr/lib/x86_64-linux-gnu/libgstapp-0.10.so.0.25.0
7fefb884e000-7fefb8868000 r-xp 00000000 08:01 37494658                   /usr/lib/x86_64-linux-gnu/libgstvideo-0.10.so.0.25.0
7fefb8868000-7fefb8a68000 ---p 0001a000 08:01 37494658                   /usr/lib/x86_64-linux-gnu/libgstvideo-0.10.so.0.25.0
7fefb8a68000-7fefb8a69000 r--p 0001a000 08:01 37494658                   /usr/lib/x86_64-linux-gnu/libgstvideo-0.10.so.0.25.0
7fefb8a69000-7fefb8a6a000 rw-p 0001b000 08:01 37494658                   /usr/lib/x86_64-linux-gnu/libgstvideo-0.10.so.0.25.0
7fefb8a6a000-7fefb8b70000 r-xp 00000000 08:01 4460377                    /lib/x86_64-linux-gnu/libglib-2.0.so.0.4002.0
7fefb8b70000-7fefb8d6f000 ---p 00106000 08:01 4460377                    /lib/x86_64-linux-gnu/libglib-2.0.so.0.4002.0
7fefb8d6f000-7fefb8d70000 r--p 00105000 08:01 4460377                    /lib/x86_64-linux-gnu/libglib-2.0.so.0.4002.0
7fefb8d70000-7fefb8d71000 rw-p 00106000 08:01 4460377                    /lib/x86_64-linux-gnu/libglib-2.0.so.0.4002.0
7fefb8d71000-7fefb8d72000 rw-p 00000000 00:00 0 
7fefb8d72000-7fefb8dc1000 r-xp 00000000 08:01 37486974                   /usr/lib/x86_64-linux-gnu/libgobject-2.0.so.0.4002.0
7fefb8dc1000-7fefb8fc1000 ---p 0004f000 08:01 37486974                   /usr/lib/x86_64-linux-gnu/libgobject-2.0.so.0.4002.0
7fefb8fc1000-7fefb8fc2000 r--p 0004f000 08:01 37486974                   /usr/lib/x86_64-linux-gnu/libgobject-2.0.so.0.4002.0
7fefb8fc2000-7fefb8fc3000 rw-p 00050000 08:01 37486974                   /usr/lib/x86_64-linux-gnu/libgobject-2.0.so.0.4002.0
7fefb8fc3000-7fefb90a5000 r-xp 00000000 08:01 37494634                   /usr/lib/x86_64-linux-gnu/libgstreamer-0.10.so.0.30.0
7fefb90a5000-7fefb92a4000 ---p 000e2000 08:01 37494634                   /usr/lib/x86_64-linux-gnu/libgstreamer-0.10.so.0.30.0
7fefb92a4000-7fefb92a9000 r--p 000e1000 08:01 37494634                   /usr/lib/x86_64-linux-gnu/libgstreamer-0.10.so.0.30.0
7fefb92a9000-7fefb92ab000 rw-p 000e6000 08:01 37494634                   /usr/lib/x86_64-linux-gnu/libgstreamer-0.10.so.0.30.0
7fefb92ab000-7fefb92ad000 rw-p 00000000 00:00 0 
7fefb92ad000-7fefb92f9000 r-xp 00000000 08:01 37491868                   /usr/lib/x86_64-linux-gnu/libjasper.so.1.0.0
7fefb92f9000-7fefb94f8000 ---p 0004c000 08:01 37491868                   /usr/lib/x86_64-linux-gnu/libjasper.so.1.0.0
7fefb94f8000-7fefb94f9000 r--p 0004b000 08:01 37491868                   /usr/lib/x86_64-linux-gnu/libjasper.so.1.0.0
7fefb94f9000-7fefb94fd000 rw-p 0004c000 08:01 37491868                   /usr/lib/x86_64-linux-gnu/libjasper.so.1.0.0
7fefb94fd000-7fefb9504000 rw-p 00000000 00:00 0 
7fefb9504000-7fefb9572000 r-xp 00000000 08:01 37487670                   /usr/lib/x86_64-linux-gnu/libtiff.so.5.2.0
7fefb9572000-7fefb9772000 ---p 0006e000 08:01 37487670                   /usr/lib/x86_64-linux-gnu/libtiff.so.5.2.0
7fefb9772000-7fefb9773000 r--p 0006e000 08:01 37487670                   /usr/lib/x86_64-linux-gnu/libtiff.so.5.2.0
7fefb9773000-7fefb9776000 rw-p 0006f000 08:01 37487670                   /usr/lib/x86_64-linux-gnu/libtiff.so.5.2.0
7fefb9776000-7fefb979b000 r-xp 00000000 08:01 4456629                    /lib/x86_64-linux-gnu/libpng12.so.0.50.0
7fefb979b000-7fefb999a000 ---p 00025000 08:01 4456629                    /lib/x86_64-linux-gnu/libpng12.so.0.50.0
7fefb999a000-7fefb999b000 r--p 00024000 08:01 4456629                    /lib/x86_64-linux-gnu/libpng12.so.0.50.0
7fefb999b000-7fefb999c000 rw-p 00025000 08:01 4456629                    /lib/x86_64-linux-gnu/libpng12.so.0.50.0
7fefb999c000-7fefb99df000 r-xp 00000000 08:01 37494744                   /usr/lib/x86_64-linux-gnu/libjpeg.so.8.0.2
7fefb99df000-7fefb9bdf000 ---p 00043000 08:01 37494744                   /usr/lib/x86_64-linux-gnu/libjpeg.so.8.0.2
7fefb9bdf000-7fefb9be0000 r--p 00043000 08:01 37494744                   /usr/lib/x86_64-linux-gnu/libjpeg.so.8.0.2
7fefb9be0000-7fefb9be1000 rw-p 00044000 08:01 37494744                   /usr/lib/x86_64-linux-gnu/libjpeg.so.8.0.2
7fefb9be1000-7fefb9bf1000 rw-p 00000000 00:00 0 
7fefb9bf1000-7fefb9c20000 r-xp 00000000 08:01 37503139                   /usr/lib/libtbb.so.2
7fefb9c20000-7fefb9e1f000 ---p 0002f000 08:01 37503139                   /usr/lib/libtbb.so.2
7fefb9e1f000-7fefb9e21000 r--p 0002e000 08:01 37503139                   /usr/lib/libtbb.so.2
7fefb9e21000-7fefb9e23000 rw-p 00030000 08:01 37503139                   /usr/lib/libtbb.so.2
7fefb9e23000-7fefb9e25000 rw-p 00000000 00:00 0 
7fefb9e25000-7fefb9e87000 r-xp 00000000 08:01 37886345                   /usr/lib/x86_64-linux-gnu/mesa/libGL.so.1.2.0
7fefb9e87000-7fefba086000 ---p 00062000 08:01 37886345                   /usr/lib/x86_64-linux-gnu/mesa/libGL.so.1.2.0
7fefba086000-7fefba089000 r--p 00061000 08:01 37886345                   /usr/lib/x86_64-linux-gnu/mesa/libGL.so.1.2.0
7fefba089000-7fefba08a000 rw-p 00064000 08:01 37886345                   /usr/lib/x86_64-linux-gnu/mesa/libGL.so.1.2.0
7fefba08a000-7fefba08b000 rw-p 00000000 00:00 0 
7fefba08b000-7fefba0a3000 r-xp 00000000 08:01 4460576                    /lib/x86_64-linux-gnu/libz.so.1.2.8
7fefba0a3000-7fefba2a2000 ---p 00018000 08:01 4460576                    /lib/x86_64-linux-gnu/libz.so.1.2.8
7fefba2a2000-7fefba2a3000 r--p 00017000 08:01 4460576                    /lib/x86_64-linux-gnu/libz.so.1.2.8
7fefba2a3000-7fefba2a4000 rw-p 00018000 08:01 4460576                    /lib/x86_64-linux-gnu/libz.so.1.2.8
7fefba2a4000-7fefba2ba000 r-xp 00000000 08:01 4456467                    /lib/x86_64-linux-gnu/libgcc_s.so.1
7fefba2ba000-7fefba4b9000 ---p 00016000 08:01 4456467                    /lib/x86_64-linux-gnu/libgcc_s.so.1
7fefba4b9000-7fefba4ba000 rw-p 00015000 08:01 4456467                    /lib/x86_64-linux-gnu/libgcc_s.so.1
7fefba4ba000-7fefba5a0000 r-xp 00000000 08:01 37488995                   /usr/lib/x86_64-linux-gnu/libstdc++.so.6.0.19
7fefba5a0000-7fefba79f000 ---p 000e6000 08:01 37488995                   /usr/lib/x86_64-linux-gnu/libstdc++.so.6.0.19
7fefba79f000-7fefba7a7000 r--p 000e5000 08:01 37488995                   /usr/lib/x86_64-linux-gnu/libstdc++.so.6.0.19
7fefba7a7000-7fefba7a9000 rw-p 000ed000 08:01 37488995                   /usr/lib/x86_64-linux-gnu/libstdc++.so.6.0.19
7fefba7a9000-7fefba7be000 rw-p 00000000 00:00 0 
7fefba7be000-7fefba92c000 r-xp 00000000 08:01 33165146                   /home/rajitha/opencv-3.0.0/build/lib/libopencv_calib3d.so.3.0.0
7fefba92c000-7fefbab2b000 ---p 0016e000 08:01 33165146                   /home/rajitha/opencv-3.0.0/build/lib/libopencv_calib3d.so.3.0.0
7fefbab2b000-7fefbab2d000 r--p 0016d000 08:01 33165146                   /home/rajitha/opencv-3.0.0/build/lib/libopencv_calib3d.so.3.0.0
7fefbab2d000-7fefbab2e000 rw-p 0016f000 08:01 33165146                   /home/rajitha/opencv-3.0.0/build/lib/libopencv_calib3d.so.3.0.0
7fefbab2e000-7fefbabfe000 r-xp 00000000 08:01 33165065                   /home/rajitha/opencv-3.0.0/build/lib/libopencv_features2d.so.3.0.0
7fefbabfe000-7fefbadfd000 ---p 000d0000 08:01 33165065                   /home/rajitha/opencv-3.0.0/build/lib/libopencv_features2d.so.3.0.0
7fefbadfd000-7fefbae02000 r--p 000cf000 08:01 33165065                   /home/rajitha/opencv-3.0.0/build/lib/libopencv_features2d.so.3.0.0
7fefbae02000-7fefbae04000 rw-p 000d4000 08:01 33165065                   /home/rajitha/opencv-3.0.0/build/lib/libopencv_features2d.so.3.0.0
7fefbae04000-7fefbae6e000 r-xp 00000000 08:01 33164968                   /home/rajitha/opencv-3.0.0/build/lib/libopencv_objdetect.so.3.0.0
7fefbae6e000-7fefbb06e000 ---p 0006a000 08:01 33164968                   /home/rajitha/opencv-3.0.0/build/lib/libopencv_objdetect.so.3.0.0
7fefbb06e000-7fefbb06f000 r--p 0006a000 08:01 33164968                   /home/rajitha/opencv-3.0.0/build/lib/libopencv_objdetect.so.3.0.0
7fefbb06f000-7fefbb070000 rw-p 0006b000 08:01 33164968                   /home/rajitha/opencv-3.0.0/build/lib/libopencv_objdetect.so.3.0.0
7fefbb070000-7fefbbd45000 r-xp 00000000 08:01 33164305                   /home/rajitha/opencv-3.0.0/build/lib/libopencv_imgproc.so.3.0.0
7fefbbd45000-7fefbbf44000 ---p 00cd5000 08:01 33164305                   /home/rajitha/opencv-3.0.0/build/lib/libopencv_imgproc.so.3.0.0
7fefbbf44000-7fefbbf52000 r--p 00cd4000 08:01 33164305                   /home/rajitha/opencv-3.0.0/build/lib/libopencv_imgproc.so.3.0.0
7fefbbf52000-7fefbbf6a000 rw-p 00ce2000 08:01 33164305                   /home/rajitha/opencv-3.0.0/build/lib/libopencv_imgproc.so.3.0.0
7fefbbf6a000-7fefbc000000 rw-p 00000000 00:00 0 
7fefbc000000-7fefbc021000 rw-p 00000000 00:00 0 
7fefbc021000-7fefc0000000 ---p 00000000 00:00 0 
7fefc0000000-7fefc0021000 rw-p 00000000 00:00 0 
7fefc0021000-7fefc4000000 ---p 00000000 00:00 0 
7fefc4000000-7fefc403f000 rw-p 00000000 00:00 0 
7fefc403f000-7fefc8000000 ---p 00000000 00:00 0 
7fefc8000000-7fefc817e000 rw-p 00000000 00:00 0 
7fefc817e000-7fefcc000000 ---p 00000000 00:00 0 
7fefcc000000-7fefcc021000 rw-p 00000000 00:00 0 
7fefcc021000-7fefd0000000 ---p 00000000 00:00 0 
7fefd0000000-7fefd007c000 rw-p 00000000 00:00 0 
7fefd007c000-7fefd4000000 ---p 00000000 00:00 0 
7fefd4000000-7fefd4021000 rw-p 00000000 00:00 0 
7fefd4021000-7fefd8000000 ---p 00000000 00:00 0 
7fefd8000000-7fefd8021000 rw-p 00000000 00:00 0 
7fefd8021000-7fefdc000000 ---p 00000000 00:00 0 
7fefdc000000-7fefdc021000 rw-p 00000000 00:00 0 
7fefdc021000-7fefe0000000 ---p 00000000 00:00 0 
7fefe0000000-7fefe0021000 rw-p 00000000 00:00 0 
7fefe0021000-7fefe4000000 ---p 00000000 00:00 0 
7fefe415f000-7fefe4166000 r--s 00000000 08:01 37885863                   /usr/lib/x86_64-linux-gnu/gconv/gconv-modules.cache
7fefe4166000-7fefe4186000 rw-p 00000000 00:00 0 
7fefe4186000-7fefe41b6000 r-xp 00000000 08:01 33164407                   /home/rajitha/opencv-3.0.0/build/lib/libopencv_videoio.so.3.0.0
7fefe41b6000-7fefe43b6000 ---p 00030000 08:01 33164407                   /home/rajitha/opencv-3.0.0/build/lib/libopencv_videoio.so.3.0.0
7fefe43b6000-7fefe43b7000 r--p 00030000 08:01 33164407                   /home/rajitha/opencv-3.0.0/build/lib/libopencv_videoio.so.3.0.0
7fefe43b7000-7fefe43b8000 rw-p 00031000 08:01 33164407                   /home/rajitha/opencv-3.0.0/build/lib/libopencv_videoio.so.3.0.0
7fefe43b8000-7fefe43ba000 rw-p 00000000 00:00 0 
7fefe43ba000-7fefe4522000 r-xp 00000000 08:01 33164378                   /home/rajitha/opencv-3.0.0/build/lib/libopencv_imgcodecs.so.3.0.0
7fefe4522000-7fefe4722000 ---p 00168000 08:01 33164378                   /home/rajitha/opencv-3.0.0/build/lib/libopencv_imgcodecs.so.3.0.0
7fefe4722000-7fefe4729000 r--p 00168000 08:01 33164378                   /home/rajitha/opencv-3.0.0/build/lib/libopencv_imgcodecs.so.3.0.0
7fefe4729000-7fefe472a000 rw-p 0016f000 08:01 33164378                   /home/rajitha/opencv-3.0.0/build/lib/libopencv_imgcodecs.so.3.0.0
7fefe472a000-7fefe472e000 rw-p 00000000 00:00 0 
7fefe472e000-7fefe4795000 r-xp 00000000 08:01 33164785                   /home/rajitha/opencv-3.0.0/build/lib/libopencv_video.so.3.0.0
7fefe4795000-7fefe4995000 ---p 00067000 08:01 33164785                   /home/rajitha/opencv-3.0.0/build/lib/libopencv_video.so.3.0.0
7fefe4995000-7fefe4996000 r--p 00067000 08:01 33164785                   /home/rajitha/opencv-3.0.0/build/lib/libopencv_video.so.3.0.0
7fefe4996000-7fefe4997000 rw-p 00068000 08:01 33164785                   /home/rajitha/opencv-3.0.0/build/lib/libopencv_video.so.3.0.0
7fefe4997000-7fefe4a6e000 r-xp 00000000 08:01 33164720                   /home/rajitha/opencv-3.0.0/build/lib/libopencv_photo.so.3.0.0
7fefe4a6e000-7fefe4c6e000 ---p 000d7000 08:01 33164720                   /home/rajitha/opencv-3.0.0/build/lib/libopencv_photo.so.3.0.0
7fefe4c6e000-7fefe4c71000 r--p 000d7000 08:01 33164720                   /home/rajitha/opencv-3.0.0/build/lib/libopencv_photo.so.3.0.0
7fefe4c71000-7fefe4c72000 rw-p 000da000 08:01 33164720                   /home/rajitha/opencv-3.0.0/build/lib/libopencv_photo.so.3.0.0
7fefe4c72000-7fefe4d27000 r-xp 00000000 08:01 33164674                   /home/rajitha/opencv-3.0.0/build/lib/libopencv_ml.so.3.0.0
7fefe4d27000-7fefe4f27000 ---p 000b5000 08:01 33164674                   /home/rajitha/opencv-3.0.0/build/lib/libopencv_ml.so.3.0.0
7fefe4f27000-7fefe4f2a000 r--p 000b5000 08:01 33164674                   /home/rajitha/opencv-3.0.0/build/lib/libopencv_ml.so.3.0.0
7fefe4f2a000-7fefe4f2b000 rw-p 000b8000 08:01 33164674                   /home/rajitha/opencv-3.0.0/build/lib/libopencv_ml.so.3.0.0
7fefe4f2b000-7fefe5982000 r-xp 00000000 08:01 33164296                   /home/rajitha/opencv-3.0.0/build/lib/libopencv_core.so.3.0.0
7fefe5982000-7fefe5b81000 ---p 00a57000 08:01 33164296                   /home/rajitha/opencv-3.0.0/build/lib/libopencv_core.so.3.0.0
7fefe5b81000-7fefe5b91000 r--p 00a56000 08:01 33164296                   /home/rajitha/opencv-3.0.0/build/lib/libopencv_core.so.3.0.0
7fefe5b91000-7fefe5bbd000 rw-p 00a66000 08:01 33164296                   /home/rajitha/opencv-3.0.0/build/lib/libopencv_core.so.3.0.0
7fefe5bbd000-7fefe5bc0000 rw-p 00000000 00:00 0 
7fefe5bc0000-7fefe5c6d000 r-xp 00000000 08:01 33165734                   /home/rajitha/opencv-3.0.0/build/lib/libopencv_java300.so
7fefe5c6d000-7fefe5e6d000 ---p 000ad000 08:01 33165734                   /home/rajitha/opencv-3.0.0/build/lib/libopencv_java300.so
7fefe5e6d000-7fefe5e6e000 r--p 000ad000 08:01 33165734                   /home/rajitha/opencv-3.0.0/build/lib/libopencv_java300.so
7fefe5e6e000-7fefe5e6f000 rw-p 000ae000 08:01 33165734                   /home/rajitha/opencv-3.0.0/build/lib/libopencv_java300.so
7fefe5e6f000-7fefe5ea0000 rw-p 00000000 00:00 0 
7fefe5ea0000-7fefe5eb6000 r-xp 00000000 08:01 1967824                    /home/rajitha/jdk1.8.0_40/jre/lib/amd64/libnet.so
7fefe5eb6000-7fefe60b6000 ---p 00016000 08:01 1967824                    /home/rajitha/jdk1.8.0_40/jre/lib/amd64/libnet.so
7fefe60b6000-7fefe60b7000 rw-p 00016000 08:01 1967824                    /home/rajitha/jdk1.8.0_40/jre/lib/amd64/libnet.so
7fefe60b7000-7fefe61b8000 rwxp 00000000 00:00 0                          [stack:14261]
7fefe61b8000-7fefe61b9000 r-xp 00000000 08:01 32774857                   /home/rajitha/Downloads/idea-IC-143.2287.1/bin/libbreakgen64.so
7fefe61b9000-7fefe63b8000 ---p 00001000 08:01 32774857                   /home/rajitha/Downloads/idea-IC-143.2287.1/bin/libbreakgen64.so
7fefe63b8000-7fefe63b9000 r--p 00000000 08:01 32774857                   /home/rajitha/Downloads/idea-IC-143.2287.1/bin/libbreakgen64.so
7fefe63b9000-7fefe63ba000 rw-p 00001000 08:01 32774857                   /home/rajitha/Downloads/idea-IC-143.2287.1/bin/libbreakgen64.so
7fefe63ba000-7fefe63bc000 r--s 0001e000 08:01 32774048                   /home/rajitha/Downloads/idea-IC-143.2287.1/lib/idea_rt.jar
7fefe63bc000-7fefe63be000 r--s 00006000 08:01 37887291                   /usr/share/java/jmagick-6.6.9.jar
7fefe63be000-7fefe63c8000 r--s 00089000 08:01 32902844                   /home/rajitha/Tess_jars/xmlgraphics-commons-1.5.jar
7fefe63c8000-7fefe63cd000 r--s 00035000 08:01 32901426                   /home/rajitha/Tess_jars/commons-beanutils-1.9.2.jar
7fefe63cd000-7fefe63d3000 r--s 0003f000 08:01 32902838                   /home/rajitha/Tess_jars/logback-classic-1.1.3.jar
7fefe63d3000-7fefe63d5000 r--s 00000000 08:01 32902834                   /home/rajitha/Tess_jars/jul-to-slf4j-1.7.13.jar
7fefe63d5000-7fefe63d7000 r--s 0000e000 08:01 32902828                   /home/rajitha/Tess_jars/commons-logging-1.2.jar
7fefe63d7000-7fefe63e2000 r--s 00065000 08:01 32902839                   /home/rajitha/Tess_jars/logback-core-1.1.3.jar
7fefe63e2000-7fefe63e4000 r--s 0000a000 08:01 32902830                   /home/rajitha/Tess_jars/hamcrest-core-1.3.jar
7fefe63e4000-7fefe63e8000 r--s 00015000 08:01 32902842                   /home/rajitha/Tess_jars/rococoa-core-0.5.jar
7fefe63e8000-7fefe63ec000 r--s 0002a000 08:01 32902827                   /home/rajitha/Tess_jars/commons-io-2.4.jar
7fefe63ec000-7fefe63f1000 r--s 00028000 08:01 32902829                   /home/rajitha/Tess_jars/ghost4j-1.0.0.jar
7fefe63f1000-7fefe63fa000 r--s 0006f000 08:01 32902837                   /home/rajitha/Tess_jars/log4j-1.2.17.jar
7fefe63fa000-7fefe63ff000 r--s 00470000 08:01 32902836                   /home/rajitha/Tess_jars/lept4j-1.0.1.jar
7fefe63ff000-7fefe6410000 r--s 00106000 08:01 32902832                   /home/rajitha/Tess_jars/jai_imageio.jar
7fefe6410000-7fefe641c000 r--s 00108000 08:01 32902831                   /home/rajitha/Tess_jars/itext-2.1.7.jar
7fefe641c000-7fefe6424000 r--s 00046000 08:01 32902835                   /home/rajitha/Tess_jars/junit-4.12.jar
7fefe6424000-7fefe6428000 r--s 00112000 08:01 32902833                   /home/rajitha/Tess_jars/jna.jar
7fefe6428000-7fefe642d000 r--s 00045000 08:01 32902621                   /home/rajitha/OpenSoft2016/OpenSoft2016/lib/opencv-300.jar
7fefe642d000-7fefe64a4000 r--s 0071d000 08:01 32902612                   /home/rajitha/OpenSoft2016/OpenSoft2016/lib/pdfbox-app-2.0.0-RC3.jar
7fefe64a4000-7fefe64b7000 r--s 00344000 08:01 1967695                    /home/rajitha/jdk1.8.0_40/jre/lib/resources.jar
7fefe64b7000-7fefe64ca000 r--s 000d1000 08:01 1967758                    /home/rajitha/jdk1.8.0_40/jre/lib/plugin.jar
7fefe64ca000-7fefe64cf000 r--s 00094000 08:01 1967935                    /home/rajitha/jdk1.8.0_40/jre/lib/jsse.jar
7fefe64cf000-7fefe64e9000 r--s 001eb000 08:01 1967759                    /home/rajitha/jdk1.8.0_40/jre/lib/deploy.jar
7fefe64e9000-7fefe64ea000 ---p 00000000 00:00 0 
7fefe64ea000-7fefe66eb000 rwxp 00000000 00:00 0                          [stack:14253]
7fefe66eb000-7fefe66ec000 ---p 00000000 00:00 0 
7fefe66ec000-7fefe67ec000 rwxp 00000000 00:00 0                          [stack:14252]
7fefe67ec000-7fefe67ed000 ---p 00000000 00:00 0 
7fefe67ed000-7fefe68ed000 rwxp 00000000 00:00 0                          [stack:14251]
7fefe68ed000-7fefe68ee000 ---p 00000000 00:00 0 
7fefe68ee000-7fefe6aef000 rwxp 00000000 00:00 0                          [stack:14249]
7fefe6aef000-7fefe71d1000 r--p 00000000 08:01 37493255                   /usr/lib/locale/locale-archive
7fefe71d1000-7fefe73d3000 rwxp 00000000 00:00 0                          [stack:14247]
7fefe73d3000-7fefe73d4000 ---p 00000000 00:00 0 
7fefe73d4000-7fefe74d4000 rwxp 00000000 00:00 0                          [stack:14246]
7fefe74d4000-7fefe8000000 rw-p 00000000 00:00 0 
7fefe8000000-7fefe8021000 rw-p 00000000 00:00 0 
7fefe8021000-7fefec000000 ---p 00000000 00:00 0 
7fefec000000-7fefec021000 rw-p 00000000 00:00 0 
7fefec021000-7feff0000000 ---p 00000000 00:00 0 
7feff0000000-7feff0021000 rw-p 00000000 00:00 0 
7feff0021000-7feff4000000 ---p 00000000 00:00 0 
7feff4001000-7feff4003000 r--s 00007000 08:01 32902843                   /home/rajitha/Tess_jars/slf4j-api-1.7.13.jar
7feff4003000-7feff4449000 rw-p 00000000 00:00 0 
7feff4449000-7feff4621000 r--s 03d09000 08:01 1967964                    /home/rajitha/jdk1.8.0_40/jre/lib/rt.jar
7feff4621000-7feff4aa1000 rw-p 00000000 00:00 0 
7feff4aa1000-7feff4e21000 ---p 00000000 00:00 0 
7feff4e21000-7feff5000000 rw-p 00000000 00:00 0 
7feff5000000-7feff5270000 rwxp 00000000 00:00 0 
7feff5270000-7ff004000000 ---p 00000000 00:00 0 
7ff004000000-7ff0045f3000 rw-p 00000000 00:00 0 
7ff0045f3000-7ff008000000 ---p 00000000 00:00 0 
7ff008000000-7ff008002000 r--s 020f8000 08:01 32902587                   /home/rajitha/OpenSoft2016/OpenSoft2016/lib/tess4j-3.0.jar
7ff008002000-7ff008004000 r--s 00007000 08:01 1967903                    /home/rajitha/jdk1.8.0_40/jre/lib/jfxswt.jar
7ff008004000-7ff008009000 r--s 00083000 08:01 1967951                    /home/rajitha/jdk1.8.0_40/jre/lib/jfr.jar
7ff008009000-7ff008013000 r--s 00067000 08:01 1967769                    /home/rajitha/jdk1.8.0_40/jre/lib/javaws.jar
7ff008013000-7ff009ebb000 rw-p 00000000 00:00 0 
7ff009ebb000-7ff009ebc000 ---p 00000000 00:00 0 
7ff009ebc000-7ff009fbc000 rwxp 00000000 00:00 0                          [stack:14245]
7ff009fbc000-7ff009fbd000 ---p 00000000 00:00 0 
7ff009fbd000-7ff00a0bd000 rwxp 00000000 00:00 0                          [stack:14244]
7ff00a0bd000-7ff00a0be000 ---p 00000000 00:00 0 
7ff00a0be000-7ff00a1be000 rwxp 00000000 00:00 0                          [stack:14243]
7ff00a1be000-7ff00a1bf000 ---p 00000000 00:00 0 
7ff00a1bf000-7ff00a2bf000 rwxp 00000000 00:00 0                          [stack:14242]
7ff00a2bf000-7ff00a2d3000 rw-p 00000000 00:00 0 
7ff00a2d3000-7ff00a3ff000 ---p 00000000 00:00 0 
7ff00a3ff000-7ff00a413000 rw-p 00000000 00:00 0 
7ff00a413000-7ff00a53e000 ---p 00000000 00:00 0 
7ff00a53e000-7ff00a59e000 rw-p 00000000 00:00 0 
7ff00a59e000-7ff00a5de000 ---p 00000000 00:00 0 
7ff00a5de000-7ff00a5e9000 rw-p 00000000 00:00 0 
7ff00a5e9000-7ff00a99f000 ---p 00000000 00:00 0 
7ff00a99f000-7ff00a9b9000 r-xp 00000000 08:01 1967822                    /home/rajitha/jdk1.8.0_40/jre/lib/amd64/libzip.so
7ff00a9b9000-7ff00abb9000 ---p 0001a000 08:01 1967822                    /home/rajitha/jdk1.8.0_40/jre/lib/amd64/libzip.so
7ff00abb9000-7ff00abba000 rw-p 0001a000 08:01 1967822                    /home/rajitha/jdk1.8.0_40/jre/lib/amd64/libzip.so
7ff00abba000-7ff00abc5000 r-xp 00000000 08:01 4461004                    /lib/x86_64-linux-gnu/libnss_files-2.19.so
7ff00abc5000-7ff00adc4000 ---p 0000b000 08:01 4461004                    /lib/x86_64-linux-gnu/libnss_files-2.19.so
7ff00adc4000-7ff00adc5000 r--p 0000a000 08:01 4461004                    /lib/x86_64-linux-gnu/libnss_files-2.19.so
7ff00adc5000-7ff00adc6000 rw-p 0000b000 08:01 4461004                    /lib/x86_64-linux-gnu/libnss_files-2.19.so
7ff00adc6000-7ff00add1000 r-xp 00000000 08:01 4461024                    /lib/x86_64-linux-gnu/libnss_nis-2.19.so
7ff00add1000-7ff00afd0000 ---p 0000b000 08:01 4461024                    /lib/x86_64-linux-gnu/libnss_nis-2.19.so
7ff00afd0000-7ff00afd1000 r--p 0000a000 08:01 4461024                    /lib/x86_64-linux-gnu/libnss_nis-2.19.so
7ff00afd1000-7ff00afd2000 rw-p 0000b000 08:01 4461024                    /lib/x86_64-linux-gnu/libnss_nis-2.19.so
7ff00afd2000-7ff00afe9000 r-xp 00000000 08:01 4461013                    /lib/x86_64-linux-gnu/libnsl-2.19.so
7ff00afe9000-7ff00b1e8000 ---p 00017000 08:01 4461013                    /lib/x86_64-linux-gnu/libnsl-2.19.so
7ff00b1e8000-7ff00b1e9000 r--p 00016000 08:01 4461013                    /lib/x86_64-linux-gnu/libnsl-2.19.so
7ff00b1e9000-7ff00b1ea000 rw-p 00017000 08:01 4461013                    /lib/x86_64-linux-gnu/libnsl-2.19.so
7ff00b1ea000-7ff00b1ec000 rw-p 00000000 00:00 0 
7ff00b1ec000-7ff00b1f5000 r-xp 00000000 08:01 4461012                    /lib/x86_64-linux-gnu/libnss_compat-2.19.so
7ff00b1f5000-7ff00b3f4000 ---p 00009000 08:01 4461012                    /lib/x86_64-linux-gnu/libnss_compat-2.19.so
7ff00b3f4000-7ff00b3f5000 r--p 00008000 08:01 4461012                    /lib/x86_64-linux-gnu/libnss_compat-2.19.so
7ff00b3f5000-7ff00b3f6000 rw-p 00009000 08:01 4461012                    /lib/x86_64-linux-gnu/libnss_compat-2.19.so
7ff00b3f6000-7ff00b420000 r-xp 00000000 08:01 1967798                    /home/rajitha/jdk1.8.0_40/jre/lib/amd64/libjava.so
7ff00b420000-7ff00b620000 ---p 0002a000 08:01 1967798                    /home/rajitha/jdk1.8.0_40/jre/lib/amd64/libjava.so
7ff00b620000-7ff00b622000 rw-p 0002a000 08:01 1967798                    /home/rajitha/jdk1.8.0_40/jre/lib/amd64/libjava.so
7ff00b622000-7ff00b62f000 r-xp 00000000 08:01 1967763                    /home/rajitha/jdk1.8.0_40/jre/lib/amd64/libverify.so
7ff00b62f000-7ff00b82f000 ---p 0000d000 08:01 1967763                    /home/rajitha/jdk1.8.0_40/jre/lib/amd64/libverify.so
7ff00b82f000-7ff00b831000 rw-p 0000d000 08:01 1967763                    /home/rajitha/jdk1.8.0_40/jre/lib/amd64/libverify.so
7ff00b831000-7ff00b838000 r-xp 00000000 08:01 4461021                    /lib/x86_64-linux-gnu/librt-2.19.so
7ff00b838000-7ff00ba37000 ---p 00007000 08:01 4461021                    /lib/x86_64-linux-gnu/librt-2.19.so
7ff00ba37000-7ff00ba38000 r--p 00006000 08:01 4461021                    /lib/x86_64-linux-gnu/librt-2.19.so
7ff00ba38000-7ff00ba39000 rw-p 00007000 08:01 4461021                    /lib/x86_64-linux-gnu/librt-2.19.so
7ff00ba39000-7ff00bb3e000 r-xp 00000000 08:01 4461003                    /lib/x86_64-linux-gnu/libm-2.19.so
7ff00bb3e000-7ff00bd3d000 ---p 00105000 08:01 4461003                    /lib/x86_64-linux-gnu/libm-2.19.so
7ff00bd3d000-7ff00bd3e000 r--p 00104000 08:01 4461003                    /lib/x86_64-linux-gnu/libm-2.19.so
7ff00bd3e000-7ff00bd3f000 rw-p 00105000 08:01 4461003                    /lib/x86_64-linux-gnu/libm-2.19.so
7ff00bd3f000-7ff00c9ed000 r-xp 00000000 08:01 1967680                    /home/rajitha/jdk1.8.0_40/jre/lib/amd64/server/libjvm.so
7ff00c9ed000-7ff00cbec000 ---p 00cae000 08:01 1967680                    /home/rajitha/jdk1.8.0_40/jre/lib/amd64/server/libjvm.so
7ff00cbec000-7ff00ccc3000 rw-p 00cad000 08:01 1967680                    /home/rajitha/jdk1.8.0_40/jre/lib/amd64/server/libjvm.so
7ff00ccc3000-7ff00cd07000 rw-p 00000000 00:00 0 
7ff00cd07000-7ff00cec2000 r-xp 00000000 08:01 4461018                    /lib/x86_64-linux-gnu/libc-2.19.so
7ff00cec2000-7ff00d0c1000 ---p 001bb000 08:01 4461018                    /lib/x86_64-linux-gnu/libc-2.19.so
7ff00d0c1000-7ff00d0c5000 r--p 001ba000 08:01 4461018                    /lib/x86_64-linux-gnu/libc-2.19.so
7ff00d0c5000-7ff00d0c7000 rw-p 001be000 08:01 4461018                    /lib/x86_64-linux-gnu/libc-2.19.so
7ff00d0c7000-7ff00d0cc000 rw-p 00000000 00:00 0 
7ff00d0cc000-7ff00d0cf000 r-xp 00000000 08:01 4461007                    /lib/x86_64-linux-gnu/libdl-2.19.so
7ff00d0cf000-7ff00d2ce000 ---p 00003000 08:01 4461007                    /lib/x86_64-linux-gnu/libdl-2.19.so
7ff00d2ce000-7ff00d2cf000 r--p 00002000 08:01 4461007                    /lib/x86_64-linux-gnu/libdl-2.19.so
7ff00d2cf000-7ff00d2d0000 rw-p 00003000 08:01 4461007                    /lib/x86_64-linux-gnu/libdl-2.19.so
7ff00d2d0000-7ff00d2e5000 r-xp 00000000 08:01 1967830                    /home/rajitha/jdk1.8.0_40/lib/amd64/jli/libjli.so
7ff00d2e5000-7ff00d4e5000 ---p 00015000 08:01 1967830                    /home/rajitha/jdk1.8.0_40/lib/amd64/jli/libjli.so
7ff00d4e5000-7ff00d4e6000 rw-p 00015000 08:01 1967830                    /home/rajitha/jdk1.8.0_40/lib/amd64/jli/libjli.so
7ff00d4e6000-7ff00d4ff000 r-xp 00000000 08:01 4461019                    /lib/x86_64-linux-gnu/libpthread-2.19.so
7ff00d4ff000-7ff00d6fe000 ---p 00019000 08:01 4461019                    /lib/x86_64-linux-gnu/libpthread-2.19.so
7ff00d6fe000-7ff00d6ff000 r--p 00018000 08:01 4461019                    /lib/x86_64-linux-gnu/libpthread-2.19.so
7ff00d6ff000-7ff00d700000 rw-p 00019000 08:01 4461019                    /lib/x86_64-linux-gnu/libpthread-2.19.so
7ff00d700000-7ff00d704000 rw-p 00000000 00:00 0 
7ff00d704000-7ff00d727000 r-xp 00000000 08:01 4461015                    /lib/x86_64-linux-gnu/ld-2.19.so
7ff00d727000-7ff00d7f9000 rw-p 00000000 00:00 0 
7ff00d7f9000-7ff00d7fa000 ---p 00000000 00:00 0 
7ff00d7fa000-7ff00d8fa000 rwxp 00000000 00:00 0                          [stack:14241]
7ff00d8fa000-7ff00d8fe000 rw-p 00000000 00:00 0 
7ff00d8fe000-7ff00d8ff000 r--s 00000000 08:01 1967595                    /home/rajitha/jdk1.8.0_40/jre/lib/management-agent.jar
7ff00d8ff000-7ff00d902000 r--s 0001a000 08:01 1967952                    /home/rajitha/jdk1.8.0_40/jre/lib/jce.jar
7ff00d902000-7ff00d907000 r--s 002f8000 08:01 1967869                    /home/rajitha/jdk1.8.0_40/jre/lib/charsets.jar
7ff00d907000-7ff00d91a000 rw-p 00000000 00:00 0 
7ff00d91a000-7ff00d922000 rw-s 00000000 08:01 33948615                   /tmp/hsperfdata_rajitha/14240
7ff00d922000-7ff00d923000 rw-p 00000000 00:00 0 
7ff00d923000-7ff00d924000 r--p 00000000 00:00 0 
7ff00d924000-7ff00d926000 rw-p 00000000 00:00 0 
7ff00d926000-7ff00d927000 r--p 00022000 08:01 4461015                    /lib/x86_64-linux-gnu/ld-2.19.so
7ff00d927000-7ff00d928000 rw-p 00023000 08:01 4461015                    /lib/x86_64-linux-gnu/ld-2.19.so
7ff00d928000-7ff00d929000 rw-p 00000000 00:00 0 
7fff84844000-7fff84865000 rwxp 00000000 00:00 0                          [stack]
7fff84865000-7fff84866000 rw-p 00000000 00:00 0 
7fff84943000-7fff84945000 r-xp 00000000 00:00 0                          [vdso]
ffffffffff600000-ffffffffff601000 r-xp 00000000 00:00 0                  [vsyscall]

VM Arguments:
jvm_args: -Djava.library.path=/home/rajitha/opencv-3.0.0/build/lib:/usr/local/lib/ -Didea.launcher.port=7535 -Didea.launcher.bin.path=/home/rajitha/Downloads/idea-IC-143.2287.1/bin -Dfile.encoding=UTF-8 
java_command: com.intellij.rt.execution.application.AppMain Main
java_class_path (initial): /home/rajitha/jdk1.8.0_40/jre/lib/charsets.jar:/home/rajitha/jdk1.8.0_40/jre/lib/deploy.jar:/home/rajitha/jdk1.8.0_40/jre/lib/ext/cldrdata.jar:/home/rajitha/jdk1.8.0_40/jre/lib/ext/dnsns.jar:/home/rajitha/jdk1.8.0_40/jre/lib/ext/jfxrt.jar:/home/rajitha/jdk1.8.0_40/jre/lib/ext/localedata.jar:/home/rajitha/jdk1.8.0_40/jre/lib/ext/nashorn.jar:/home/rajitha/jdk1.8.0_40/jre/lib/ext/sunec.jar:/home/rajitha/jdk1.8.0_40/jre/lib/ext/sunjce_provider.jar:/home/rajitha/jdk1.8.0_40/jre/lib/ext/sunpkcs11.jar:/home/rajitha/jdk1.8.0_40/jre/lib/ext/zipfs.jar:/home/rajitha/jdk1.8.0_40/jre/lib/javaws.jar:/home/rajitha/jdk1.8.0_40/jre/lib/jce.jar:/home/rajitha/jdk1.8.0_40/jre/lib/jfr.jar:/home/rajitha/jdk1.8.0_40/jre/lib/jfxswt.jar:/home/rajitha/jdk1.8.0_40/jre/lib/jsse.jar:/home/rajitha/jdk1.8.0_40/jre/lib/management-agent.jar:/home/rajitha/jdk1.8.0_40/jre/lib/plugin.jar:/home/rajitha/jdk1.8.0_40/jre/lib/resources.jar:/home/rajitha/jdk1.8.0_40/jre/lib/rt.jar:/home/rajitha/OpenSoft2016/OpenSoft2016/out/production/OpenSoft2016:/home/rajitha/OpenSoft2016/OpenSoft2016/lib/tess4j-3.0.jar:/home/rajitha/OpenSoft2016/OpenSoft2016/lib/pdfbox-app-2.0.0-RC3.jar:/home/rajitha/OpenSoft2016/OpenSoft2016/lib/opencv-300.jar:/home/rajitha/Tess_jars/jna.jar:/home/rajitha/Tess_jars/junit-4.12.jar:/home/rajitha/Tess_jars/itext-2.1.7.jar:/home/rajitha/Tess_jars/jai_imageio.jar:/home/rajitha/Tess_jars/lept4j-1.0.1.jar:/home/rajitha/Tess_jars/log4j-1.2.17.jar:/home/rajitha/Tess_jars/ghost4j-1.0.0.jar:/home/rajitha/Tess_jars/commons-io-2.4.jar:/home/rajitha/Tess_jars/rococoa-core-0.5.jar:/home/rajitha/Tess_jars/slf4j-api-1.7.13.jar:/home/rajitha/Tess_jars/hamcrest-core-1.3.jar:/home/rajitha/Tess_jars/logback-core-1.1.3.jar:/home/rajitha/Tess_jars/commons-logging-1.2.jar:/home/rajitha/Tess_jars/jul-to-slf4j-1.7.13.jar:/home/rajitha/Tess_jars/logback-classic-1.1.3.jar:/home/rajitha/Tess_jars/commons-beanutils-1.9.2.jar:/home/rajitha/Tess_jars/xmlgraphics-commons-1.5.jar:/usr/share/
Launcher Type: SUN_STANDARD

Environment Variables:
JAVA_HOME=/home/rajitha/jdk1.8.0_40/bin
PATH=/usr/local/sbin:/usr/local/bin:/usr/sbin:/usr/bin:/sbin:/bin:/usr/games:/usr/local/games:/home/rajitha/bin:/home/rajitha/jdk1.8.0_40/bin/bin
LD_LIBRARY_PATH=/home/rajitha/Downloads/idea-IC-143.2287.1/bin:
SHELL=/bin/bash
DISPLAY=:0

Signal Handlers:
SIGSEGV: [libjvm.so+0xaad2e0], sa_mask[0]=11111111011111111101111111111110, sa_flags=SA_RESTART|SA_SIGINFO
SIGBUS: [libjvm.so+0xaad2e0], sa_mask[0]=11111111011111111101111111111110, sa_flags=SA_RESTART|SA_SIGINFO
SIGFPE: [libjvm.so+0x90b550], sa_mask[0]=11111111011111111101111111111110, sa_flags=SA_RESTART|SA_SIGINFO
SIGPIPE: [libjvm.so+0x90b550], sa_mask[0]=11111111011111111101111111111110, sa_flags=SA_RESTART|SA_SIGINFO
SIGXFSZ: [libjvm.so+0x90b550], sa_mask[0]=11111111011111111101111111111110, sa_flags=SA_RESTART|SA_SIGINFO
SIGILL: [libjvm.so+0x90b550], sa_mask[0]=11111111011111111101111111111110, sa_flags=SA_RESTART|SA_SIGINFO
SIGUSR1: SIG_DFL, sa_mask[0]=00000000000000000000000000000000, sa_flags=none
SIGUSR2: [libjvm.so+0x90cb90], sa_mask[0]=00100000000000000000000000000000, sa_flags=SA_RESTART|SA_SIGINFO
SIGHUP: [libjvm.so+0x90dee0], sa_mask[0]=11111111011111111101111111111110, sa_flags=SA_RESTART|SA_SIGINFO
SIGINT: [libjvm.so+0x90dee0], sa_mask[0]=11111111011111111101111111111110, sa_flags=SA_RESTART|SA_SIGINFO
SIGTERM: [libjvm.so+0x90dee0], sa_mask[0]=11111111011111111101111111111110, sa_flags=SA_RESTART|SA_SIGINFO
SIGQUIT: [libjvm.so+0x90dee0], sa_mask[0]=11111111011111111101111111111110, sa_flags=SA_RESTART|SA_SIGINFO


---------------  S Y S T E M  ---------------

OS:DISTRIB_ID=Ubuntu
DISTRIB_RELEASE=14.04
DISTRIB_CODENAME=trusty
DISTRIB_DESCRIPTION="Ubuntu 14.04.3 LTS"

uname:Linux 3.13.0-32-generic #57-Ubuntu SMP Tue Jul 15 03:51:08 UTC 2014 x86_64
libc:glibc 2.19 NPTL 2.19 
rlimit: STACK 8192k, CORE 0k, NPROC 30459, NOFILE 4096, AS infinity
load average:0.89 0.61 0.65

/proc/meminfo:
MemTotal:        3920376 kB
MemFree:          733336 kB
Buffers:           10696 kB
Cached:           743484 kB
SwapCached:       206668 kB
Active:          2123284 kB
Inactive:         786384 kB
Active(anon):    1890180 kB
Inactive(anon):   662420 kB
Active(file):     233104 kB
Inactive(file):   123964 kB
Unevictable:       32480 kB
Mlocked:           32480 kB
SwapTotal:       4065276 kB
SwapFree:        3106524 kB
Dirty:             10060 kB
Writeback:             0 kB
AnonPages:       2053652 kB
Mapped:           303768 kB
Shmem:            390528 kB
Slab:              92976 kB
SReclaimable:      53476 kB
SUnreclaim:        39500 kB
KernelStack:        5568 kB
PageTables:        52016 kB
NFS_Unstable:          0 kB
Bounce:                0 kB
WritebackTmp:          0 kB
CommitLimit:     6025464 kB
Committed_AS:    8755296 kB
VmallocTotal:   34359738367 kB
VmallocUsed:      560188 kB
VmallocChunk:   34359151100 kB
HardwareCorrupted:     0 kB
AnonHugePages:   1230848 kB
HugePages_Total:       0
HugePages_Free:        0
HugePages_Rsvd:        0
HugePages_Surp:        0
Hugepagesize:       2048 kB
DirectMap4k:      108284 kB
DirectMap2M:     3958784 kB


CPU:total 4 (2 cores per cpu, 2 threads per core) family 6 model 58 stepping 9, cmov, cx8, fxsr, mmx, sse, sse2, sse3, ssse3, sse4.1, sse4.2, popcnt, avx, aes, clmul, erms, ht, tsc, tscinvbit, tscinv

/proc/cpuinfo:
processor	: 0
vendor_id	: GenuineIntel
cpu family	: 6
model		: 58
model name	: Intel(R) Core(TM) i5-3337U CPU @ 1.80GHz
stepping	: 9
microcode	: 0x15
cpu MHz		: 774.000
cache size	: 3072 KB
physical id	: 0
siblings	: 4
core id		: 0
cpu cores	: 2
apicid		: 0
initial apicid	: 0
fpu		: yes
fpu_exception	: yes
cpuid level	: 13
wp		: yes
flags		: fpu vme de pse tsc msr pae mce cx8 apic sep mtrr pge mca cmov pat pse36 clflush dts acpi mmx fxsr sse sse2 ss ht tm pbe syscall nx rdtscp lm constant_tsc arch_perfmon pebs bts rep_good nopl xtopology nonstop_tsc aperfmperf eagerfpu pni pclmulqdq dtes64 monitor ds_cpl vmx est tm2 ssse3 cx16 xtpr pdcm pcid sse4_1 sse4_2 x2apic popcnt tsc_deadline_timer aes xsave avx f16c rdrand lahf_lm ida arat epb xsaveopt pln pts dtherm tpr_shadow vnmi flexpriority ept vpid fsgsbase smep erms
bogomips	: 3591.82
clflush size	: 64
cache_alignment	: 64
address sizes	: 36 bits physical, 48 bits virtual
power management:

processor	: 1
vendor_id	: GenuineIntel
cpu family	: 6
model		: 58
model name	: Intel(R) Core(TM) i5-3337U CPU @ 1.80GHz
stepping	: 9
microcode	: 0x15
cpu MHz		: 1801.000
cache size	: 3072 KB
physical id	: 0
siblings	: 4
core id		: 0
cpu cores	: 2
apicid		: 1
initial apicid	: 1
fpu		: yes
fpu_exception	: yes
cpuid level	: 13
wp		: yes
flags		: fpu vme de pse tsc msr pae mce cx8 apic sep mtrr pge mca cmov pat pse36 clflush dts acpi mmx fxsr sse sse2 ss ht tm pbe syscall nx rdtscp lm constant_tsc arch_perfmon pebs bts rep_good nopl xtopology nonstop_tsc aperfmperf eagerfpu pni pclmulqdq dtes64 monitor ds_cpl vmx est tm2 ssse3 cx16 xtpr pdcm pcid sse4_1 sse4_2 x2apic popcnt tsc_deadline_timer aes xsave avx f16c rdrand lahf_lm ida arat epb xsaveopt pln pts dtherm tpr_shadow vnmi flexpriority ept vpid fsgsbase smep erms
bogomips	: 3591.82
clflush size	: 64
cache_alignment	: 64
address sizes	: 36 bits physical, 48 bits virtual
power management:

processor	: 2
vendor_id	: GenuineIntel
cpu family	: 6
model		: 58
model name	: Intel(R) Core(TM) i5-3337U CPU @ 1.80GHz
stepping	: 9
microcode	: 0x15
cpu MHz		: 800.000
cache size	: 3072 KB
physical id	: 0
siblings	: 4
core id		: 1
cpu cores	: 2
apicid		: 2
initial apicid	: 2
fpu		: yes
fpu_exception	: yes
cpuid level	: 13
wp		: yes
flags		: fpu vme de pse tsc msr pae mce cx8 apic sep mtrr pge mca cmov pat pse36 clflush dts acpi mmx fxsr sse sse2 ss ht tm pbe syscall nx rdtscp lm constant_tsc arch_perfmon pebs bts rep_good nopl xtopology nonstop_tsc aperfmperf eagerfpu pni pclmulqdq dtes64 monitor ds_cpl vmx est tm2 ssse3 cx16 xtpr pdcm pcid sse4_1 sse4_2 x2apic popcnt tsc_deadline_timer aes xsave avx f16c rdrand lahf_lm ida arat epb xsaveopt pln pts dtherm tpr_shadow vnmi flexpriority ept vpid fsgsbase smep erms
bogomips	: 3591.82
clflush size	: 64
cache_alignment	: 64
address sizes	: 36 bits physical, 48 bits virtual
power management:

processor	: 3
vendor_id	: GenuineIntel
cpu family	: 6
model		: 58
model name	: Intel(R) Core(TM) i5-3337U CPU @ 1.80GHz
stepping	: 9
microcode	: 0x15
cpu MHz		: 774.000
cache size	: 3072 KB
physical id	: 0
siblings	: 4
core id		: 1
cpu cores	: 2
apicid		: 3
initial apicid	: 3
fpu		: yes
fpu_exception	: yes
cpuid level	: 13
wp		: yes
flags		: fpu vme de pse tsc msr pae mce cx8 apic sep mtrr pge mca cmov pat pse36 clflush dts acpi mmx fxsr sse sse2 ss ht tm pbe syscall nx rdtscp lm constant_tsc arch_perfmon pebs bts rep_good nopl xtopology nonstop_tsc aperfmperf eagerfpu pni pclmulqdq dtes64 monitor ds_cpl vmx est tm2 ssse3 cx16 xtpr pdcm pcid sse4_1 sse4_2 x2apic popcnt tsc_deadline_timer aes xsave avx f16c rdrand lahf_lm ida arat epb xsaveopt pln pts dtherm tpr_shadow vnmi flexpriority ept vpid fsgsbase smep erms
bogomips	: 3591.82
clflush size	: 64
cache_alignment	: 64
address sizes	: 36 bits physical, 48 bits virtual
power management:



Memory: 4k page, physical 3920376k(733336k free), swap 4065276k(3106524k free)

vm_info: Java HotSpot(TM) 64-Bit Server VM (25.40-b25) for linux-amd64 JRE (1.8.0_40-b26), built on Mar  7 2015 15:08:31 by "java_re" with gcc 4.3.0 20080428 (Red Hat 4.3.0-8)

time: Tue Mar  8 14:54:57 2016
elapsed time: 7 seconds (0d 0h 0m 7s)

